#
# There is insufficient memory for the Java Runtime Environment to continue.
# Native memory allocation (malloc) failed to allocate 700576 bytes for Chunk::new
# Possible reasons:
#   The system is out of physical RAM or swap space
#   The process is running with CompressedOops enabled, and the Java Heap may be blocking the growth of the native heap
# Possible solutions:
#   Reduce memory load on the system
#   Increase physical memory or swap space
#   Check if swap backing store is full
#   Decrease Java heap size (-Xmx/-Xms)
#   Decrease number of Java threads
#   Decrease Java thread stack sizes (-Xss)
#   Set larger code cache with -XX:ReservedCodeCacheSize=
#   JVM is running with Unscaled Compressed Oops mode in which the Java heap is
#     placed in the first 4GB address space. The Java Heap base address is the
#     maximum limit for the native heap growth. Please use -XX:HeapBaseMinAddress
#     to set the Java Heap base and to place the Java Heap above 4GB virtual address.
# This output file may be truncated or incomplete.
#
#  Out of Memory Error (arena.cpp:168), pid=16980, tid=17156
#
# JRE version: Java(TM) SE Runtime Environment (21.0.3+7) (build 21.0.3+7-LTS-152)
# Java VM: Java HotSpot(TM) 64-Bit Server VM (21.0.3+7-LTS-152, mixed mode, sharing, tiered, compressed oops, compressed class ptrs, g1 gc, windows-amd64)
# No core dump will be written. Minidumps are not enabled by default on client versions of Windows
#

---------------  S U M M A R Y ------------

Command Line: --add-opens=java.base/java.util=ALL-UNNAMED --add-opens=java.base/java.lang=ALL-UNNAMED --add-opens=java.base/java.lang.invoke=ALL-UNNAMED --add-opens=java.prefs/java.util.prefs=ALL-UNNAMED --add-opens=java.base/java.nio.charset=ALL-UNNAMED --add-opens=java.base/java.net=ALL-UNNAMED --add-opens=java.base/java.util.concurrent.atomic=ALL-UNNAMED -XX:MaxMetaspaceSize=384m -XX:+HeapDumpOnOutOfMemoryError -Xms256m -Xmx512m -Dfile.encoding=x-windows-949 -Duser.country=KR -Duser.language=ko -Duser.variant -javaagent:C:\Users\user\.gradle\wrapper\dists\gradle-8.8-bin\dl7vupf4psengwqhwktix4v1\gradle-8.8\lib\agents\gradle-instrumentation-agent-8.8.jar org.gradle.launcher.daemon.bootstrap.GradleDaemon 8.8

Host: Intel(R) Core(TM) i5-4570 CPU @ 3.20GHz, 4 cores, 7G,  Windows 10 , 64 bit Build 19041 (10.0.19041.3636)
Time: Tue Jun 18 15:53:48 2024  Windows 10 , 64 bit Build 19041 (10.0.19041.3636) elapsed time: 4405.504032 seconds (0d 1h 13m 25s)

---------------  T H R E A D  ---------------

Current thread (0x000002a75aa2ef90):  JavaThread "C2 CompilerThread0" daemon [_thread_in_native, id=17156, stack(0x000000c568600000,0x000000c568700000) (1024K)]


Current CompileTask:
C2:4405504 19793       4       org.gradle.internal.component.local.model.DefaultLocalComponentMetadata::getConfiguration (68 bytes)

Stack: [0x000000c568600000,0x000000c568700000]
Native frames: (J=compiled Java code, j=interpreted, Vv=VM code, C=native code)
V  [jvm.dll+0x6c63b9]
V  [jvm.dll+0x84fa11]
V  [jvm.dll+0x851f3e]
V  [jvm.dll+0x852613]
V  [jvm.dll+0x27cd46]
V  [jvm.dll+0xc4aad]
V  [jvm.dll+0xc4fe3]
V  [jvm.dll+0x2efaff]
V  [jvm.dll+0x5f150a]
V  [jvm.dll+0x24e99f]
V  [jvm.dll+0x2471de]
V  [jvm.dll+0x245014]
V  [jvm.dll+0x1c689e]
V  [jvm.dll+0x254609]
V  [jvm.dll+0x252b9a]
V  [jvm.dll+0x3eb056]
V  [jvm.dll+0x7f9ffb]
V  [jvm.dll+0x6c4a9d]
C  [ucrtbase.dll+0x21bb2]
C  [KERNEL32.DLL+0x17344]
C  [ntdll.dll+0x4cc91]


---------------  P R O C E S S  ---------------

Threads class SMR info:
_java_thread_list=0x000002a779569ab0, length=85, elements={
0x000002a7406ae3e0, 0x000002a75aa27590, 0x000002a75aa28660, 0x000002a75aa2a2d0,
0x000002a75aa2cd40, 0x000002a75aa2d7a0, 0x000002a75aa2e200, 0x000002a75aa2ef90,
0x000002a75aa37c20, 0x000002a75ab2aef0, 0x000002a75aca6d40, 0x000002a7754599f0,
0x000002a7753f2900, 0x000002a77463cc80, 0x000002a774886a40, 0x000002a774887df0,
0x000002a774888b10, 0x000002a775cde090, 0x000002a775ce1ba0, 0x000002a775ce0160,
0x000002a775cdedb0, 0x000002a775cdcce0, 0x000002a775ce1510, 0x000002a775ce2f50,
0x000002a777c28000, 0x000002a775cdd370, 0x000002a775ce2230, 0x000002a775cdda00,
0x000002a775cde720, 0x000002a775cdfad0, 0x000002a77688b430, 0x000002a77688c150,
0x000002a776887920, 0x000002a776885ee0, 0x000002a776887fb0, 0x000002a776888cd0,
0x000002a77688ada0, 0x000002a77688a710, 0x000002a7768899f0, 0x000002a776885850,
0x000002a77688bac0, 0x000002a776888640, 0x000002a7768851c0, 0x000002a77688c7e0,
0x000002a776886570, 0x000002a776887290, 0x000002a77688a080, 0x000002a7795a7220,
0x000002a7795a5e70, 0x000002a7795aa010, 0x000002a7795a78b0, 0x000002a7795a5150,
0x000002a7795a7f40, 0x000002a7795a3da0, 0x000002a7795a85d0, 0x000002a7795a3080,
0x000002a7795a4430, 0x000002a7795a57e0, 0x000002a7795a8c60, 0x000002a7795a92f0,
0x000002a7795a9980, 0x000002a7795aa6a0, 0x000002a7795a3710, 0x000002a777c28d20,
0x000002a777c2c1a0, 0x000002a777c265c0, 0x000002a777c272e0, 0x000002a777c293b0,
0x000002a777c2c830, 0x000002a777c2cec0, 0x000002a777c2dbe0, 0x000002a777c26c50,
0x000002a777c27970, 0x000002a777c28690, 0x000002a777c29a40, 0x000002a777c2a760,
0x000002a777c2adf0, 0x000002a777c2b480, 0x000002a778acba90, 0x000002a778ac6540,
0x000002a778ac7260, 0x000002a778acad70, 0x000002a778ac78f0, 0x000002a778aca050,
0x000002a778acb400
}

Java Threads: ( => current thread )
  0x000002a7406ae3e0 JavaThread "main"                              [_thread_blocked, id=17352, stack(0x000000c567800000,0x000000c567900000) (1024K)]
  0x000002a75aa27590 JavaThread "Reference Handler"          daemon [_thread_blocked, id=8856, stack(0x000000c568000000,0x000000c568100000) (1024K)]
  0x000002a75aa28660 JavaThread "Finalizer"                  daemon [_thread_blocked, id=2016, stack(0x000000c568100000,0x000000c568200000) (1024K)]
  0x000002a75aa2a2d0 JavaThread "Signal Dispatcher"          daemon [_thread_blocked, id=18588, stack(0x000000c568200000,0x000000c568300000) (1024K)]
  0x000002a75aa2cd40 JavaThread "Attach Listener"            daemon [_thread_blocked, id=17628, stack(0x000000c568300000,0x000000c568400000) (1024K)]
  0x000002a75aa2d7a0 JavaThread "Service Thread"             daemon [_thread_blocked, id=10496, stack(0x000000c568400000,0x000000c568500000) (1024K)]
  0x000002a75aa2e200 JavaThread "Monitor Deflation Thread"   daemon [_thread_blocked, id=9744, stack(0x000000c568500000,0x000000c568600000) (1024K)]
=>0x000002a75aa2ef90 JavaThread "C2 CompilerThread0"         daemon [_thread_in_native, id=17156, stack(0x000000c568600000,0x000000c568700000) (1024K)]
  0x000002a75aa37c20 JavaThread "C1 CompilerThread0"         daemon [_thread_blocked, id=8176, stack(0x000000c568700000,0x000000c568800000) (1024K)]
  0x000002a75ab2aef0 JavaThread "Common-Cleaner"             daemon [_thread_blocked, id=15708, stack(0x000000c568800000,0x000000c568900000) (1024K)]
  0x000002a75aca6d40 JavaThread "Notification Thread"        daemon [_thread_blocked, id=1900, stack(0x000000c568900000,0x000000c568a00000) (1024K)]
  0x000002a7754599f0 JavaThread "Daemon health stats"               [_thread_blocked, id=11000, stack(0x000000c568d00000,0x000000c568e00000) (1024K)]
  0x000002a7753f2900 JavaThread "Incoming local TCP Connector on port 55035"        [_thread_in_native, id=10308, stack(0x000000c568e00000,0x000000c568f00000) (1024K)]
  0x000002a77463cc80 JavaThread "Daemon periodic checks"            [_thread_blocked, id=6472, stack(0x000000c568f00000,0x000000c569000000) (1024K)]
  0x000002a774886a40 JavaThread "Cache worker for journal cache (C:\Users\user\.gradle\caches\journal-1)"        [_thread_blocked, id=17096, stack(0x000000c569700000,0x000000c569800000) (1024K)]
  0x000002a774887df0 JavaThread "File lock request listener"        [_thread_in_native, id=13528, stack(0x000000c569800000,0x000000c569900000) (1024K)]
  0x000002a774888b10 JavaThread "Cache worker for file hash cache (C:\Users\user\.gradle\caches\8.8\fileHashes)"        [_thread_blocked, id=12020, stack(0x000000c569900000,0x000000c569a00000) (1024K)]
  0x000002a775cde090 JavaThread "File watcher server"        daemon [_thread_in_native, id=7096, stack(0x000000c569d00000,0x000000c569e00000) (1024K)]
  0x000002a775ce1ba0 JavaThread "File watcher consumer"      daemon [_thread_blocked, id=3300, stack(0x000000c569e00000,0x000000c569f00000) (1024K)]
  0x000002a775ce0160 JavaThread "Cache worker for file content cache (C:\Users\user\.gradle\caches\8.8\fileContent)"        [_thread_blocked, id=15156, stack(0x000000c569f00000,0x000000c56a000000) (1024K)]
  0x000002a775cdedb0 JavaThread "jar transforms"                    [_thread_blocked, id=16464, stack(0x000000c56a300000,0x000000c56a400000) (1024K)]
  0x000002a775cdcce0 JavaThread "jar transforms Thread 2"           [_thread_blocked, id=18884, stack(0x000000c56a200000,0x000000c56a300000) (1024K)]
  0x000002a775ce1510 JavaThread "jar transforms Thread 3"           [_thread_blocked, id=18532, stack(0x000000c56a400000,0x000000c56a500000) (1024K)]
  0x000002a775ce2f50 JavaThread "jar transforms Thread 4"           [_thread_blocked, id=5340, stack(0x000000c56a500000,0x000000c56a600000) (1024K)]
  0x000002a777c28000 JavaThread "Memory manager"                    [_thread_blocked, id=3472, stack(0x000000c56b100000,0x000000c56b200000) (1024K)]
  0x000002a775cdd370 JavaThread "Daemon Thread 18"                  [_thread_blocked, id=16624, stack(0x000000c567600000,0x000000c567700000) (1024K)]
  0x000002a775ce2230 JavaThread "Handler for socket connection from /127.0.0.1:55035 to /127.0.0.1:55916"        [_thread_in_native, id=13868, stack(0x000000c567700000,0x000000c567800000) (1024K)]
  0x000002a775cdda00 JavaThread "Cancel handler"                    [_thread_blocked, id=15036, stack(0x000000c569000000,0x000000c569100000) (1024K)]
  0x000002a775cde720 JavaThread "Daemon worker Thread 16"           [_thread_blocked, id=17676, stack(0x000000c569100000,0x000000c569200000) (1024K)]
  0x000002a775cdfad0 JavaThread "Asynchronous log dispatcher for DefaultDaemonConnection: socket connection from /127.0.0.1:55035 to /127.0.0.1:55916"        [_thread_blocked, id=13720, stack(0x000000c569200000,0x000000c569300000) (1024K)]
  0x000002a77688b430 JavaThread "Stdin handler"                     [_thread_blocked, id=5856, stack(0x000000c569300000,0x000000c569400000) (1024K)]
  0x000002a77688c150 JavaThread "Daemon client event forwarder"        [_thread_blocked, id=18820, stack(0x000000c569400000,0x000000c569500000) (1024K)]
  0x000002a776887920 JavaThread "Cache worker for file hash cache (D:\BootWorkspace\Devhub\Devhub\.gradle\8.8\fileHashes)"        [_thread_blocked, id=5336, stack(0x000000c569500000,0x000000c569600000) (1024K)]
  0x000002a776885ee0 JavaThread "Cache worker for checksums cache (D:\BootWorkspace\Devhub\Devhub\.gradle\8.8\checksums)"        [_thread_blocked, id=14148, stack(0x000000c569600000,0x000000c569700000) (1024K)]
  0x000002a776887fb0 JavaThread "Cache worker for cache directory md-rule (C:\Users\user\.gradle\caches\8.8\md-rule)"        [_thread_blocked, id=17672, stack(0x000000c569a00000,0x000000c569b00000) (1024K)]
  0x000002a776888cd0 JavaThread "Cache worker for cache directory md-supplier (C:\Users\user\.gradle\caches\8.8\md-supplier)"        [_thread_blocked, id=18348, stack(0x000000c569b00000,0x000000c569c00000) (1024K)]
  0x000002a77688ada0 JavaThread "Cache worker for Build Output Cleanup Cache (D:\BootWorkspace\Devhub\Devhub\.gradle\buildOutputCleanup)"        [_thread_blocked, id=17176, stack(0x000000c569c00000,0x000000c569d00000) (1024K)]
  0x000002a77688a710 JavaThread "Unconstrained build operations"        [_thread_blocked, id=11344, stack(0x000000c56a000000,0x000000c56a100000) (1024K)]
  0x000002a7768899f0 JavaThread "Unconstrained build operations Thread 2"        [_thread_blocked, id=17740, stack(0x000000c56a100000,0x000000c56a200000) (1024K)]
  0x000002a776885850 JavaThread "Unconstrained build operations Thread 3"        [_thread_blocked, id=3148, stack(0x000000c56a600000,0x000000c56a700000) (1024K)]
  0x000002a77688bac0 JavaThread "Unconstrained build operations Thread 4"        [_thread_blocked, id=15556, stack(0x000000c56a700000,0x000000c56a800000) (1024K)]
  0x000002a776888640 JavaThread "Unconstrained build operations Thread 5"        [_thread_blocked, id=5100, stack(0x000000c56a800000,0x000000c56a900000) (1024K)]
  0x000002a7768851c0 JavaThread "Unconstrained build operations Thread 6"        [_thread_blocked, id=18540, stack(0x000000c56a900000,0x000000c56aa00000) (1024K)]
  0x000002a77688c7e0 JavaThread "ForkJoinPool.commonPool-worker-26" daemon [_thread_blocked, id=17916, stack(0x000000c56aa00000,0x000000c56ab00000) (1024K)]
  0x000002a776886570 JavaThread "ForkJoinPool.commonPool-worker-27" daemon [_thread_blocked, id=380, stack(0x000000c56ab00000,0x000000c56ac00000) (1024K)]
  0x000002a776887290 JavaThread "ForkJoinPool.commonPool-worker-28" daemon [_thread_blocked, id=6660, stack(0x000000c56ac00000,0x000000c56ad00000) (1024K)]
  0x000002a77688a080 JavaThread "included builds"                   [_thread_blocked, id=7860, stack(0x000000c56ad00000,0x000000c56ae00000) (1024K)]
  0x000002a7795a7220 JavaThread "Execution worker"                  [_thread_in_native, id=15216, stack(0x000000c56ae00000,0x000000c56af00000) (1024K)]
  0x000002a7795a5e70 JavaThread "Execution worker Thread 2"         [_thread_blocked, id=5240, stack(0x000000c56af00000,0x000000c56b000000) (1024K)]
  0x000002a7795aa010 JavaThread "Execution worker Thread 3"         [_thread_blocked, id=19420, stack(0x000000c56b000000,0x000000c56b100000) (1024K)]
  0x000002a7795a78b0 JavaThread "Cache worker for execution history cache (D:\BootWorkspace\Devhub\Devhub\.gradle\8.8\executionHistory)"        [_thread_blocked, id=9108, stack(0x000000c56b200000,0x000000c56b300000) (1024K)]
  0x000002a7795a5150 JavaThread "Unconstrained build operations Thread 7"        [_thread_blocked, id=11952, stack(0x000000c56b300000,0x000000c56b400000) (1024K)]
  0x000002a7795a7f40 JavaThread "Unconstrained build operations Thread 8"        [_thread_blocked, id=11680, stack(0x000000c56b400000,0x000000c56b500000) (1024K)]
  0x000002a7795a3da0 JavaThread "Unconstrained build operations Thread 9"        [_thread_blocked, id=12176, stack(0x000000c56b500000,0x000000c56b600000) (1024K)]
  0x000002a7795a85d0 JavaThread "Unconstrained build operations Thread 10"        [_thread_blocked, id=7940, stack(0x000000c56b600000,0x000000c56b700000) (1024K)]
  0x000002a7795a3080 JavaThread "Unconstrained build operations Thread 11"        [_thread_blocked, id=17600, stack(0x000000c56b700000,0x000000c56b800000) (1024K)]
  0x000002a7795a4430 JavaThread "Unconstrained build operations Thread 12"        [_thread_blocked, id=16340, stack(0x000000c56b800000,0x000000c56b900000) (1024K)]
  0x000002a7795a57e0 JavaThread "Unconstrained build operations Thread 13"        [_thread_blocked, id=16504, stack(0x000000c56b900000,0x000000c56ba00000) (1024K)]
  0x000002a7795a8c60 JavaThread "Unconstrained build operations Thread 14"        [_thread_blocked, id=2980, stack(0x000000c56ba00000,0x000000c56bb00000) (1024K)]
  0x000002a7795a92f0 JavaThread "Unconstrained build operations Thread 15"        [_thread_blocked, id=2572, stack(0x000000c56bb00000,0x000000c56bc00000) (1024K)]
  0x000002a7795a9980 JavaThread "Unconstrained build operations Thread 16"        [_thread_blocked, id=5248, stack(0x000000c56bc00000,0x000000c56bd00000) (1024K)]
  0x000002a7795aa6a0 JavaThread "Unconstrained build operations Thread 17"        [_thread_blocked, id=11776, stack(0x000000c56bd00000,0x000000c56be00000) (1024K)]
  0x000002a7795a3710 JavaThread "Unconstrained build operations Thread 18"        [_thread_blocked, id=6108, stack(0x000000c56be00000,0x000000c56bf00000) (1024K)]
  0x000002a777c28d20 JavaThread "Unconstrained build operations Thread 19"        [_thread_blocked, id=5092, stack(0x000000c56bf00000,0x000000c56c000000) (1024K)]
  0x000002a777c2c1a0 JavaThread "Unconstrained build operations Thread 20"        [_thread_blocked, id=9332, stack(0x000000c56c000000,0x000000c56c100000) (1024K)]
  0x000002a777c265c0 JavaThread "Unconstrained build operations Thread 21"        [_thread_blocked, id=5256, stack(0x000000c56c100000,0x000000c56c200000) (1024K)]
  0x000002a777c272e0 JavaThread "Unconstrained build operations Thread 22"        [_thread_blocked, id=17940, stack(0x000000c56c200000,0x000000c56c300000) (1024K)]
  0x000002a777c293b0 JavaThread "Unconstrained build operations Thread 23"        [_thread_blocked, id=17592, stack(0x000000c56c300000,0x000000c56c400000) (1024K)]
  0x000002a777c2c830 JavaThread "Unconstrained build operations Thread 24"        [_thread_blocked, id=18660, stack(0x000000c56c400000,0x000000c56c500000) (1024K)]
  0x000002a777c2cec0 JavaThread "Unconstrained build operations Thread 25"        [_thread_blocked, id=8172, stack(0x000000c56c500000,0x000000c56c600000) (1024K)]
  0x000002a777c2dbe0 JavaThread "Unconstrained build operations Thread 26"        [_thread_blocked, id=17416, stack(0x000000c56c600000,0x000000c56c700000) (1024K)]
  0x000002a777c26c50 JavaThread "Unconstrained build operations Thread 27"        [_thread_blocked, id=10112, stack(0x000000c56c700000,0x000000c56c800000) (1024K)]
  0x000002a777c27970 JavaThread "Unconstrained build operations Thread 28"        [_thread_blocked, id=14020, stack(0x000000c56c800000,0x000000c56c900000) (1024K)]
  0x000002a777c28690 JavaThread "Unconstrained build operations Thread 29"        [_thread_blocked, id=17320, stack(0x000000c56c900000,0x000000c56ca00000) (1024K)]
  0x000002a777c29a40 JavaThread "Unconstrained build operations Thread 30"        [_thread_blocked, id=17852, stack(0x000000c56ca00000,0x000000c56cb00000) (1024K)]
  0x000002a777c2a760 JavaThread "Unconstrained build operations Thread 31"        [_thread_blocked, id=4816, stack(0x000000c56cb00000,0x000000c56cc00000) (1024K)]
  0x000002a777c2adf0 JavaThread "Unconstrained build operations Thread 32"        [_thread_blocked, id=11568, stack(0x000000c56cc00000,0x000000c56cd00000) (1024K)]
  0x000002a777c2b480 JavaThread "Unconstrained build operations Thread 33"        [_thread_blocked, id=17944, stack(0x000000c56cd00000,0x000000c56ce00000) (1024K)]
  0x000002a778acba90 JavaThread "Unconstrained build operations Thread 34"        [_thread_blocked, id=2460, stack(0x000000c56ce00000,0x000000c56cf00000) (1024K)]
  0x000002a778ac6540 JavaThread "Unconstrained build operations Thread 35"        [_thread_blocked, id=9936, stack(0x000000c56cf00000,0x000000c56d000000) (1024K)]
  0x000002a778ac7260 JavaThread "Unconstrained build operations Thread 36"        [_thread_blocked, id=10660, stack(0x000000c56d000000,0x000000c56d100000) (1024K)]
  0x000002a778acad70 JavaThread "Unconstrained build operations Thread 37"        [_thread_blocked, id=6948, stack(0x000000c56d100000,0x000000c56d200000) (1024K)]
  0x000002a778ac78f0 JavaThread "Unconstrained build operations Thread 38"        [_thread_blocked, id=15440, stack(0x000000c56d200000,0x000000c56d300000) (1024K)]
  0x000002a778aca050 JavaThread "Unconstrained build operations Thread 39"        [_thread_blocked, id=5236, stack(0x000000c56d300000,0x000000c56d400000) (1024K)]
  0x000002a778acb400 JavaThread "Unconstrained build operations Thread 40"        [_thread_blocked, id=5284, stack(0x000000c56d400000,0x000000c56d500000) (1024K)]
Total: 85

Other Threads:
  0x000002a75aa08590 VMThread "VM Thread"                           [id=6336, stack(0x000000c567f00000,0x000000c568000000) (1024K)]
  0x000002a75a9f4780 WatcherThread "VM Periodic Task Thread"        [id=15024, stack(0x000000c567e00000,0x000000c567f00000) (1024K)]
  0x000002a7406d9000 WorkerThread "GC Thread#0"                     [id=11996, stack(0x000000c567900000,0x000000c567a00000) (1024K)]
  0x000002a75ae470b0 WorkerThread "GC Thread#1"                     [id=5812, stack(0x000000c568a00000,0x000000c568b00000) (1024K)]
  0x000002a75ae47450 WorkerThread "GC Thread#2"                     [id=5132, stack(0x000000c568b00000,0x000000c568c00000) (1024K)]
  0x000002a75ae477f0 WorkerThread "GC Thread#3"                     [id=4180, stack(0x000000c568c00000,0x000000c568d00000) (1024K)]
  0x000002a7406ddef0 ConcurrentGCThread "G1 Main Marker"            [id=12640, stack(0x000000c567a00000,0x000000c567b00000) (1024K)]
  0x000002a7406deab0 WorkerThread "G1 Conc#0"                       [id=1672, stack(0x000000c567b00000,0x000000c567c00000) (1024K)]
  0x000002a74077e670 ConcurrentGCThread "G1 Refine#0"               [id=15880, stack(0x000000c567c00000,0x000000c567d00000) (1024K)]
  0x000002a75a8c43f0 ConcurrentGCThread "G1 Service"                [id=8580, stack(0x000000c567d00000,0x000000c567e00000) (1024K)]
Total: 10

Threads with active compile tasks:
C2 CompilerThread0  4405556 19793       4       org.gradle.internal.component.local.model.DefaultLocalComponentMetadata::getConfiguration (68 bytes)
Total: 1

VM state: not at safepoint (normal execution)

VM Mutex/Monitor currently owned by a thread: None

Heap address: 0x00000000e0000000, size: 512 MB, Compressed Oops mode: 32-bit

CDS archive(s) mapped at: [0x000002a75b000000-0x000002a75bc90000-0x000002a75bc90000), size 13172736, SharedBaseAddress: 0x000002a75b000000, ArchiveRelocationMode: 1.
Compressed class space mapped at: 0x000002a75c000000-0x000002a770000000, reserved size: 335544320
Narrow klass base: 0x000002a75b000000, Narrow klass shift: 0, Narrow klass range: 0x100000000

GC Precious Log:
 CardTable entry size: 512
 Card Set container configuration: InlinePtr #cards 5 size 8 Array Of Cards #cards 12 size 40 Howl #buckets 4 coarsen threshold 1843 Howl Bitmap #cards 512 size 80 coarsen threshold 460 Card regions per heap region 1 cards per card region 2048
 CPUs: 4 total, 4 available
 Memory: 8111M
 Large Page Support: Disabled
 NUMA Support: Disabled
 Compressed Oops: Enabled (32-bit)
 Heap Region Size: 1M
 Heap Min Capacity: 256M
 Heap Initial Capacity: 256M
 Heap Max Capacity: 512M
 Pre-touch: Disabled
 Parallel Workers: 4
 Concurrent Workers: 1
 Concurrent Refinement Workers: 4
 Periodic GC: Disabled

Heap:
 garbage-first heap   total 262144K, used 73706K [0x00000000e0000000, 0x0000000100000000)
  region size 1024K, 17 young (17408K), 7 survivors (7168K)
 Metaspace       used 63453K, committed 67136K, reserved 393216K
  class space    used 8344K, committed 9920K, reserved 327680K

Heap Regions: E=young(eden), S=young(survivor), O=old, HS=humongous(starts), HC=humongous(continues), CS=collection set, F=free, TAMS=top-at-mark-start, PB=parsable bottom
|   0|0x00000000e0000000, 0x00000000e0100000, 0x00000000e0100000|100%|HS|  |TAMS 0x00000000e0000000| PB 0x00000000e0000000| Complete 
|   1|0x00000000e0100000, 0x00000000e0200000, 0x00000000e0200000|100%|HC|  |TAMS 0x00000000e0100000| PB 0x00000000e0100000| Complete 
|   2|0x00000000e0200000, 0x00000000e0300000, 0x00000000e0300000|100%|HC|  |TAMS 0x00000000e0200000| PB 0x00000000e0200000| Complete 
|   3|0x00000000e0300000, 0x00000000e0400000, 0x00000000e0400000|100%|HC|  |TAMS 0x00000000e0300000| PB 0x00000000e0300000| Complete 
|   4|0x00000000e0400000, 0x00000000e0500000, 0x00000000e0500000|100%| O|  |TAMS 0x00000000e0400000| PB 0x00000000e0400000| Untracked 
|   5|0x00000000e0500000, 0x00000000e0600000, 0x00000000e0600000|100%| O|  |TAMS 0x00000000e0500000| PB 0x00000000e0500000| Untracked 
|   6|0x00000000e0600000, 0x00000000e0700000, 0x00000000e0700000|100%| O|  |TAMS 0x00000000e0600000| PB 0x00000000e0600000| Untracked 
|   7|0x00000000e0700000, 0x00000000e0800000, 0x00000000e0800000|100%| O|  |TAMS 0x00000000e0700000| PB 0x00000000e0700000| Untracked 
|   8|0x00000000e0800000, 0x00000000e0900000, 0x00000000e0900000|100%|HS|  |TAMS 0x00000000e0800000| PB 0x00000000e0800000| Complete 
|   9|0x00000000e0900000, 0x00000000e0a00000, 0x00000000e0a00000|100%| O|  |TAMS 0x00000000e0900000| PB 0x00000000e0900000| Untracked 
|  10|0x00000000e0a00000, 0x00000000e0b00000, 0x00000000e0b00000|100%| O|  |TAMS 0x00000000e0a00000| PB 0x00000000e0a00000| Untracked 
|  11|0x00000000e0b00000, 0x00000000e0c00000, 0x00000000e0c00000|100%| O|  |TAMS 0x00000000e0b00000| PB 0x00000000e0b00000| Untracked 
|  12|0x00000000e0c00000, 0x00000000e0d00000, 0x00000000e0d00000|100%| O|  |TAMS 0x00000000e0c00000| PB 0x00000000e0c00000| Untracked 
|  13|0x00000000e0d00000, 0x00000000e0e00000, 0x00000000e0e00000|100%| O|  |TAMS 0x00000000e0d00000| PB 0x00000000e0d00000| Untracked 
|  14|0x00000000e0e00000, 0x00000000e0f00000, 0x00000000e0f00000|100%| O|  |TAMS 0x00000000e0e00000| PB 0x00000000e0e00000| Untracked 
|  15|0x00000000e0f00000, 0x00000000e1000000, 0x00000000e1000000|100%| O|  |TAMS 0x00000000e0f00000| PB 0x00000000e0f00000| Untracked 
|  16|0x00000000e1000000, 0x00000000e1100000, 0x00000000e1100000|100%| O|  |TAMS 0x00000000e1000000| PB 0x00000000e1000000| Untracked 
|  17|0x00000000e1100000, 0x00000000e1200000, 0x00000000e1200000|100%| O|  |TAMS 0x00000000e1100000| PB 0x00000000e1100000| Untracked 
|  18|0x00000000e1200000, 0x00000000e1300000, 0x00000000e1300000|100%| O|  |TAMS 0x00000000e1200000| PB 0x00000000e1200000| Untracked 
|  19|0x00000000e1300000, 0x00000000e1400000, 0x00000000e1400000|100%| O|  |TAMS 0x00000000e1300000| PB 0x00000000e1300000| Untracked 
|  20|0x00000000e1400000, 0x00000000e1500000, 0x00000000e1500000|100%| O|  |TAMS 0x00000000e1400000| PB 0x00000000e1400000| Untracked 
|  21|0x00000000e1500000, 0x00000000e1600000, 0x00000000e1600000|100%| O|  |TAMS 0x00000000e1500000| PB 0x00000000e1500000| Untracked 
|  22|0x00000000e1600000, 0x00000000e1700000, 0x00000000e1700000|100%| O|  |TAMS 0x00000000e1600000| PB 0x00000000e1600000| Untracked 
|  23|0x00000000e1700000, 0x00000000e1800000, 0x00000000e1800000|100%| O|  |TAMS 0x00000000e1700000| PB 0x00000000e1700000| Untracked 
|  24|0x00000000e1800000, 0x00000000e1900000, 0x00000000e1900000|100%| O|  |TAMS 0x00000000e1800000| PB 0x00000000e1800000| Untracked 
|  25|0x00000000e1900000, 0x00000000e1a00000, 0x00000000e1a00000|100%| O|  |TAMS 0x00000000e1900000| PB 0x00000000e1900000| Untracked 
|  26|0x00000000e1a00000, 0x00000000e1b00000, 0x00000000e1b00000|100%| O|  |TAMS 0x00000000e1a00000| PB 0x00000000e1a00000| Untracked 
|  27|0x00000000e1b00000, 0x00000000e1c00000, 0x00000000e1c00000|100%| O|  |TAMS 0x00000000e1b00000| PB 0x00000000e1b00000| Untracked 
|  28|0x00000000e1c00000, 0x00000000e1d00000, 0x00000000e1d00000|100%| O|  |TAMS 0x00000000e1c00000| PB 0x00000000e1c00000| Untracked 
|  29|0x00000000e1d00000, 0x00000000e1e00000, 0x00000000e1e00000|100%| O|  |TAMS 0x00000000e1d00000| PB 0x00000000e1d00000| Untracked 
|  30|0x00000000e1e00000, 0x00000000e1f00000, 0x00000000e1f00000|100%| O|  |TAMS 0x00000000e1e00000| PB 0x00000000e1e00000| Untracked 
|  31|0x00000000e1f00000, 0x00000000e2000000, 0x00000000e2000000|100%| O|  |TAMS 0x00000000e1f00000| PB 0x00000000e1f00000| Untracked 
|  32|0x00000000e2000000, 0x00000000e2100000, 0x00000000e2100000|100%| O|  |TAMS 0x00000000e2000000| PB 0x00000000e2000000| Untracked 
|  33|0x00000000e2100000, 0x00000000e2200000, 0x00000000e2200000|100%| O|  |TAMS 0x00000000e2100000| PB 0x00000000e2100000| Untracked 
|  34|0x00000000e2200000, 0x00000000e2300000, 0x00000000e2300000|100%| O|  |TAMS 0x00000000e2200000| PB 0x00000000e2200000| Untracked 
|  35|0x00000000e2300000, 0x00000000e2400000, 0x00000000e2400000|100%| O|  |TAMS 0x00000000e2300000| PB 0x00000000e2300000| Untracked 
|  36|0x00000000e2400000, 0x00000000e2500000, 0x00000000e2500000|100%| O|  |TAMS 0x00000000e2400000| PB 0x00000000e2400000| Untracked 
|  37|0x00000000e2500000, 0x00000000e2600000, 0x00000000e2600000|100%| O|  |TAMS 0x00000000e2500000| PB 0x00000000e2500000| Untracked 
|  38|0x00000000e2600000, 0x00000000e2700000, 0x00000000e2700000|100%| O|  |TAMS 0x00000000e2600000| PB 0x00000000e2600000| Untracked 
|  39|0x00000000e2700000, 0x00000000e2800000, 0x00000000e2800000|100%| O|  |TAMS 0x00000000e2700000| PB 0x00000000e2700000| Untracked 
|  40|0x00000000e2800000, 0x00000000e2900000, 0x00000000e2900000|100%| O|  |TAMS 0x00000000e2800000| PB 0x00000000e2800000| Untracked 
|  41|0x00000000e2900000, 0x00000000e2a00000, 0x00000000e2a00000|100%| O|  |TAMS 0x00000000e2900000| PB 0x00000000e2900000| Untracked 
|  42|0x00000000e2a00000, 0x00000000e2b00000, 0x00000000e2b00000|100%| O|  |TAMS 0x00000000e2a00000| PB 0x00000000e2a00000| Untracked 
|  43|0x00000000e2b00000, 0x00000000e2c00000, 0x00000000e2c00000|100%| O|  |TAMS 0x00000000e2b00000| PB 0x00000000e2b00000| Untracked 
|  44|0x00000000e2c00000, 0x00000000e2d00000, 0x00000000e2d00000|100%| O|  |TAMS 0x00000000e2c00000| PB 0x00000000e2c00000| Untracked 
|  45|0x00000000e2d00000, 0x00000000e2e00000, 0x00000000e2e00000|100%| O|  |TAMS 0x00000000e2d00000| PB 0x00000000e2d00000| Untracked 
|  46|0x00000000e2e00000, 0x00000000e2f00000, 0x00000000e2f00000|100%| O|  |TAMS 0x00000000e2e00000| PB 0x00000000e2e00000| Untracked 
|  47|0x00000000e2f00000, 0x00000000e3000000, 0x00000000e3000000|100%| O|  |TAMS 0x00000000e2f00000| PB 0x00000000e2f00000| Untracked 
|  48|0x00000000e3000000, 0x00000000e3100000, 0x00000000e3100000|100%| O|  |TAMS 0x00000000e3000000| PB 0x00000000e3000000| Untracked 
|  49|0x00000000e3100000, 0x00000000e3200000, 0x00000000e3200000|100%| O|  |TAMS 0x00000000e3100000| PB 0x00000000e3100000| Untracked 
|  50|0x00000000e3200000, 0x00000000e3223218, 0x00000000e3300000| 13%| O|  |TAMS 0x00000000e3200000| PB 0x00000000e3200000| Untracked 
|  51|0x00000000e3300000, 0x00000000e3400000, 0x00000000e3400000|100%| O|  |TAMS 0x00000000e3300000| PB 0x00000000e3300000| Untracked 
|  52|0x00000000e3400000, 0x00000000e3400000, 0x00000000e3500000|  0%| F|  |TAMS 0x00000000e3400000| PB 0x00000000e3400000| Untracked 
|  53|0x00000000e3500000, 0x00000000e3500000, 0x00000000e3600000|  0%| F|  |TAMS 0x00000000e3500000| PB 0x00000000e3500000| Untracked 
|  54|0x00000000e3600000, 0x00000000e3700000, 0x00000000e3700000|100%| O|  |TAMS 0x00000000e3600000| PB 0x00000000e3600000| Untracked 
|  55|0x00000000e3700000, 0x00000000e3800000, 0x00000000e3800000|100%| O|  |TAMS 0x00000000e3700000| PB 0x00000000e3700000| Untracked 
|  56|0x00000000e3800000, 0x00000000e3900000, 0x00000000e3900000|100%| O|  |TAMS 0x00000000e3800000| PB 0x00000000e3800000| Untracked 
|  57|0x00000000e3900000, 0x00000000e3a00000, 0x00000000e3a00000|100%| O|  |TAMS 0x00000000e3900000| PB 0x00000000e3900000| Untracked 
|  58|0x00000000e3a00000, 0x00000000e3b00000, 0x00000000e3b00000|100%| O|  |TAMS 0x00000000e3a00000| PB 0x00000000e3a00000| Untracked 
|  59|0x00000000e3b00000, 0x00000000e3b00000, 0x00000000e3c00000|  0%| F|  |TAMS 0x00000000e3b00000| PB 0x00000000e3b00000| Untracked 
|  60|0x00000000e3c00000, 0x00000000e3c00000, 0x00000000e3d00000|  0%| F|  |TAMS 0x00000000e3c00000| PB 0x00000000e3c00000| Untracked 
|  61|0x00000000e3d00000, 0x00000000e3d00000, 0x00000000e3e00000|  0%| F|  |TAMS 0x00000000e3d00000| PB 0x00000000e3d00000| Untracked 
|  62|0x00000000e3e00000, 0x00000000e3e00000, 0x00000000e3f00000|  0%| F|  |TAMS 0x00000000e3e00000| PB 0x00000000e3e00000| Untracked 
|  63|0x00000000e3f00000, 0x00000000e3f00000, 0x00000000e4000000|  0%| F|  |TAMS 0x00000000e3f00000| PB 0x00000000e3f00000| Untracked 
|  64|0x00000000e4000000, 0x00000000e4000000, 0x00000000e4100000|  0%| F|  |TAMS 0x00000000e4000000| PB 0x00000000e4000000| Untracked 
|  65|0x00000000e4100000, 0x00000000e4100000, 0x00000000e4200000|  0%| F|  |TAMS 0x00000000e4100000| PB 0x00000000e4100000| Untracked 
|  66|0x00000000e4200000, 0x00000000e4200000, 0x00000000e4300000|  0%| F|  |TAMS 0x00000000e4200000| PB 0x00000000e4200000| Untracked 
|  67|0x00000000e4300000, 0x00000000e4300000, 0x00000000e4400000|  0%| F|  |TAMS 0x00000000e4300000| PB 0x00000000e4300000| Untracked 
|  68|0x00000000e4400000, 0x00000000e4400000, 0x00000000e4500000|  0%| F|  |TAMS 0x00000000e4400000| PB 0x00000000e4400000| Untracked 
|  69|0x00000000e4500000, 0x00000000e4500000, 0x00000000e4600000|  0%| F|  |TAMS 0x00000000e4500000| PB 0x00000000e4500000| Untracked 
|  70|0x00000000e4600000, 0x00000000e4600000, 0x00000000e4700000|  0%| F|  |TAMS 0x00000000e4600000| PB 0x00000000e4600000| Untracked 
|  71|0x00000000e4700000, 0x00000000e4700000, 0x00000000e4800000|  0%| F|  |TAMS 0x00000000e4700000| PB 0x00000000e4700000| Untracked 
|  72|0x00000000e4800000, 0x00000000e4800000, 0x00000000e4900000|  0%| F|  |TAMS 0x00000000e4800000| PB 0x00000000e4800000| Untracked 
|  73|0x00000000e4900000, 0x00000000e4900000, 0x00000000e4a00000|  0%| F|  |TAMS 0x00000000e4900000| PB 0x00000000e4900000| Untracked 
|  74|0x00000000e4a00000, 0x00000000e4a00000, 0x00000000e4b00000|  0%| F|  |TAMS 0x00000000e4a00000| PB 0x00000000e4a00000| Untracked 
|  75|0x00000000e4b00000, 0x00000000e4b00000, 0x00000000e4c00000|  0%| F|  |TAMS 0x00000000e4b00000| PB 0x00000000e4b00000| Untracked 
|  76|0x00000000e4c00000, 0x00000000e4c00000, 0x00000000e4d00000|  0%| F|  |TAMS 0x00000000e4c00000| PB 0x00000000e4c00000| Untracked 
|  77|0x00000000e4d00000, 0x00000000e4d00000, 0x00000000e4e00000|  0%| F|  |TAMS 0x00000000e4d00000| PB 0x00000000e4d00000| Untracked 
|  78|0x00000000e4e00000, 0x00000000e4e00000, 0x00000000e4f00000|  0%| F|  |TAMS 0x00000000e4e00000| PB 0x00000000e4e00000| Untracked 
|  79|0x00000000e4f00000, 0x00000000e4f00000, 0x00000000e5000000|  0%| F|  |TAMS 0x00000000e4f00000| PB 0x00000000e4f00000| Untracked 
|  80|0x00000000e5000000, 0x00000000e5000000, 0x00000000e5100000|  0%| F|  |TAMS 0x00000000e5000000| PB 0x00000000e5000000| Untracked 
|  81|0x00000000e5100000, 0x00000000e5100000, 0x00000000e5200000|  0%| F|  |TAMS 0x00000000e5100000| PB 0x00000000e5100000| Untracked 
|  82|0x00000000e5200000, 0x00000000e5200000, 0x00000000e5300000|  0%| F|  |TAMS 0x00000000e5200000| PB 0x00000000e5200000| Untracked 
|  83|0x00000000e5300000, 0x00000000e5300000, 0x00000000e5400000|  0%| F|  |TAMS 0x00000000e5300000| PB 0x00000000e5300000| Untracked 
|  84|0x00000000e5400000, 0x00000000e5400000, 0x00000000e5500000|  0%| F|  |TAMS 0x00000000e5400000| PB 0x00000000e5400000| Untracked 
|  85|0x00000000e5500000, 0x00000000e5500000, 0x00000000e5600000|  0%| F|  |TAMS 0x00000000e5500000| PB 0x00000000e5500000| Untracked 
|  86|0x00000000e5600000, 0x00000000e5600000, 0x00000000e5700000|  0%| F|  |TAMS 0x00000000e5600000| PB 0x00000000e5600000| Untracked 
|  87|0x00000000e5700000, 0x00000000e5700000, 0x00000000e5800000|  0%| F|  |TAMS 0x00000000e5700000| PB 0x00000000e5700000| Untracked 
|  88|0x00000000e5800000, 0x00000000e5800000, 0x00000000e5900000|  0%| F|  |TAMS 0x00000000e5800000| PB 0x00000000e5800000| Untracked 
|  89|0x00000000e5900000, 0x00000000e5900000, 0x00000000e5a00000|  0%| F|  |TAMS 0x00000000e5900000| PB 0x00000000e5900000| Untracked 
|  90|0x00000000e5a00000, 0x00000000e5a00000, 0x00000000e5b00000|  0%| F|  |TAMS 0x00000000e5a00000| PB 0x00000000e5a00000| Untracked 
|  91|0x00000000e5b00000, 0x00000000e5b00000, 0x00000000e5c00000|  0%| F|  |TAMS 0x00000000e5b00000| PB 0x00000000e5b00000| Untracked 
|  92|0x00000000e5c00000, 0x00000000e5c00000, 0x00000000e5d00000|  0%| F|  |TAMS 0x00000000e5c00000| PB 0x00000000e5c00000| Untracked 
|  93|0x00000000e5d00000, 0x00000000e5d00000, 0x00000000e5e00000|  0%| F|  |TAMS 0x00000000e5d00000| PB 0x00000000e5d00000| Untracked 
|  94|0x00000000e5e00000, 0x00000000e5e00000, 0x00000000e5f00000|  0%| F|  |TAMS 0x00000000e5e00000| PB 0x00000000e5e00000| Untracked 
|  95|0x00000000e5f00000, 0x00000000e5f00000, 0x00000000e6000000|  0%| F|  |TAMS 0x00000000e5f00000| PB 0x00000000e5f00000| Untracked 
|  96|0x00000000e6000000, 0x00000000e60d7610, 0x00000000e6100000| 84%| S|CS|TAMS 0x00000000e6000000| PB 0x00000000e6000000| Complete 
|  97|0x00000000e6100000, 0x00000000e6200000, 0x00000000e6200000|100%| S|CS|TAMS 0x00000000e6100000| PB 0x00000000e6100000| Complete 
|  98|0x00000000e6200000, 0x00000000e6300000, 0x00000000e6300000|100%| S|CS|TAMS 0x00000000e6200000| PB 0x00000000e6200000| Complete 
|  99|0x00000000e6300000, 0x00000000e6400000, 0x00000000e6400000|100%| S|CS|TAMS 0x00000000e6300000| PB 0x00000000e6300000| Complete 
| 100|0x00000000e6400000, 0x00000000e6500000, 0x00000000e6500000|100%| S|CS|TAMS 0x00000000e6400000| PB 0x00000000e6400000| Complete 
| 101|0x00000000e6500000, 0x00000000e6500000, 0x00000000e6600000|  0%| F|  |TAMS 0x00000000e6500000| PB 0x00000000e6500000| Untracked 
| 102|0x00000000e6600000, 0x00000000e6600000, 0x00000000e6700000|  0%| F|  |TAMS 0x00000000e6600000| PB 0x00000000e6600000| Untracked 
| 103|0x00000000e6700000, 0x00000000e6800000, 0x00000000e6800000|100%| S|CS|TAMS 0x00000000e6700000| PB 0x00000000e6700000| Complete 
| 104|0x00000000e6800000, 0x00000000e6900000, 0x00000000e6900000|100%| S|CS|TAMS 0x00000000e6800000| PB 0x00000000e6800000| Complete 
| 105|0x00000000e6900000, 0x00000000e6900000, 0x00000000e6a00000|  0%| F|  |TAMS 0x00000000e6900000| PB 0x00000000e6900000| Untracked 
| 106|0x00000000e6a00000, 0x00000000e6a00000, 0x00000000e6b00000|  0%| F|  |TAMS 0x00000000e6a00000| PB 0x00000000e6a00000| Untracked 
| 107|0x00000000e6b00000, 0x00000000e6b00000, 0x00000000e6c00000|  0%| F|  |TAMS 0x00000000e6b00000| PB 0x00000000e6b00000| Untracked 
| 108|0x00000000e6c00000, 0x00000000e6c00000, 0x00000000e6d00000|  0%| F|  |TAMS 0x00000000e6c00000| PB 0x00000000e6c00000| Untracked 
| 109|0x00000000e6d00000, 0x00000000e6d00000, 0x00000000e6e00000|  0%| F|  |TAMS 0x00000000e6d00000| PB 0x00000000e6d00000| Untracked 
| 110|0x00000000e6e00000, 0x00000000e6e00000, 0x00000000e6f00000|  0%| F|  |TAMS 0x00000000e6e00000| PB 0x00000000e6e00000| Untracked 
| 111|0x00000000e6f00000, 0x00000000e6f00000, 0x00000000e7000000|  0%| F|  |TAMS 0x00000000e6f00000| PB 0x00000000e6f00000| Untracked 
| 112|0x00000000e7000000, 0x00000000e7000000, 0x00000000e7100000|  0%| F|  |TAMS 0x00000000e7000000| PB 0x00000000e7000000| Untracked 
| 113|0x00000000e7100000, 0x00000000e7100000, 0x00000000e7200000|  0%| F|  |TAMS 0x00000000e7100000| PB 0x00000000e7100000| Untracked 
| 114|0x00000000e7200000, 0x00000000e7200000, 0x00000000e7300000|  0%| F|  |TAMS 0x00000000e7200000| PB 0x00000000e7200000| Untracked 
| 115|0x00000000e7300000, 0x00000000e7300000, 0x00000000e7400000|  0%| F|  |TAMS 0x00000000e7300000| PB 0x00000000e7300000| Untracked 
| 116|0x00000000e7400000, 0x00000000e7400000, 0x00000000e7500000|  0%| F|  |TAMS 0x00000000e7400000| PB 0x00000000e7400000| Untracked 
| 117|0x00000000e7500000, 0x00000000e7500000, 0x00000000e7600000|  0%| F|  |TAMS 0x00000000e7500000| PB 0x00000000e7500000| Untracked 
| 118|0x00000000e7600000, 0x00000000e7600000, 0x00000000e7700000|  0%| F|  |TAMS 0x00000000e7600000| PB 0x00000000e7600000| Untracked 
| 119|0x00000000e7700000, 0x00000000e7700000, 0x00000000e7800000|  0%| F|  |TAMS 0x00000000e7700000| PB 0x00000000e7700000| Untracked 
| 120|0x00000000e7800000, 0x00000000e7800000, 0x00000000e7900000|  0%| F|  |TAMS 0x00000000e7800000| PB 0x00000000e7800000| Untracked 
| 121|0x00000000e7900000, 0x00000000e7900000, 0x00000000e7a00000|  0%| F|  |TAMS 0x00000000e7900000| PB 0x00000000e7900000| Untracked 
| 122|0x00000000e7a00000, 0x00000000e7a00000, 0x00000000e7b00000|  0%| F|  |TAMS 0x00000000e7a00000| PB 0x00000000e7a00000| Untracked 
| 123|0x00000000e7b00000, 0x00000000e7b00000, 0x00000000e7c00000|  0%| F|  |TAMS 0x00000000e7b00000| PB 0x00000000e7b00000| Untracked 
| 124|0x00000000e7c00000, 0x00000000e7c00000, 0x00000000e7d00000|  0%| F|  |TAMS 0x00000000e7c00000| PB 0x00000000e7c00000| Untracked 
| 125|0x00000000e7d00000, 0x00000000e7d00000, 0x00000000e7e00000|  0%| F|  |TAMS 0x00000000e7d00000| PB 0x00000000e7d00000| Untracked 
| 126|0x00000000e7e00000, 0x00000000e7e00000, 0x00000000e7f00000|  0%| F|  |TAMS 0x00000000e7e00000| PB 0x00000000e7e00000| Untracked 
| 127|0x00000000e7f00000, 0x00000000e7f00000, 0x00000000e8000000|  0%| F|  |TAMS 0x00000000e7f00000| PB 0x00000000e7f00000| Untracked 
| 128|0x00000000e8000000, 0x00000000e8000000, 0x00000000e8100000|  0%| F|  |TAMS 0x00000000e8000000| PB 0x00000000e8000000| Untracked 
| 129|0x00000000e8100000, 0x00000000e8100000, 0x00000000e8200000|  0%| F|  |TAMS 0x00000000e8100000| PB 0x00000000e8100000| Untracked 
| 130|0x00000000e8200000, 0x00000000e8200000, 0x00000000e8300000|  0%| F|  |TAMS 0x00000000e8200000| PB 0x00000000e8200000| Untracked 
| 131|0x00000000e8300000, 0x00000000e8300000, 0x00000000e8400000|  0%| F|  |TAMS 0x00000000e8300000| PB 0x00000000e8300000| Untracked 
| 132|0x00000000e8400000, 0x00000000e8400000, 0x00000000e8500000|  0%| F|  |TAMS 0x00000000e8400000| PB 0x00000000e8400000| Untracked 
| 133|0x00000000e8500000, 0x00000000e8500000, 0x00000000e8600000|  0%| F|  |TAMS 0x00000000e8500000| PB 0x00000000e8500000| Untracked 
| 134|0x00000000e8600000, 0x00000000e8600000, 0x00000000e8700000|  0%| F|  |TAMS 0x00000000e8600000| PB 0x00000000e8600000| Untracked 
| 135|0x00000000e8700000, 0x00000000e8700000, 0x00000000e8800000|  0%| F|  |TAMS 0x00000000e8700000| PB 0x00000000e8700000| Untracked 
| 136|0x00000000e8800000, 0x00000000e8800000, 0x00000000e8900000|  0%| F|  |TAMS 0x00000000e8800000| PB 0x00000000e8800000| Untracked 
| 137|0x00000000e8900000, 0x00000000e8900000, 0x00000000e8a00000|  0%| F|  |TAMS 0x00000000e8900000| PB 0x00000000e8900000| Untracked 
| 138|0x00000000e8a00000, 0x00000000e8a00000, 0x00000000e8b00000|  0%| F|  |TAMS 0x00000000e8a00000| PB 0x00000000e8a00000| Untracked 
| 139|0x00000000e8b00000, 0x00000000e8b00000, 0x00000000e8c00000|  0%| F|  |TAMS 0x00000000e8b00000| PB 0x00000000e8b00000| Untracked 
| 140|0x00000000e8c00000, 0x00000000e8c00000, 0x00000000e8d00000|  0%| F|  |TAMS 0x00000000e8c00000| PB 0x00000000e8c00000| Untracked 
| 141|0x00000000e8d00000, 0x00000000e8d00000, 0x00000000e8e00000|  0%| F|  |TAMS 0x00000000e8d00000| PB 0x00000000e8d00000| Untracked 
| 142|0x00000000e8e00000, 0x00000000e8e00000, 0x00000000e8f00000|  0%| F|  |TAMS 0x00000000e8e00000| PB 0x00000000e8e00000| Untracked 
| 143|0x00000000e8f00000, 0x00000000e8f00000, 0x00000000e9000000|  0%| F|  |TAMS 0x00000000e8f00000| PB 0x00000000e8f00000| Untracked 
| 144|0x00000000e9000000, 0x00000000e9000000, 0x00000000e9100000|  0%| F|  |TAMS 0x00000000e9000000| PB 0x00000000e9000000| Untracked 
| 145|0x00000000e9100000, 0x00000000e9100000, 0x00000000e9200000|  0%| F|  |TAMS 0x00000000e9100000| PB 0x00000000e9100000| Untracked 
| 146|0x00000000e9200000, 0x00000000e9200000, 0x00000000e9300000|  0%| F|  |TAMS 0x00000000e9200000| PB 0x00000000e9200000| Untracked 
| 147|0x00000000e9300000, 0x00000000e9300000, 0x00000000e9400000|  0%| F|  |TAMS 0x00000000e9300000| PB 0x00000000e9300000| Untracked 
| 148|0x00000000e9400000, 0x00000000e9400000, 0x00000000e9500000|  0%| F|  |TAMS 0x00000000e9400000| PB 0x00000000e9400000| Untracked 
| 149|0x00000000e9500000, 0x00000000e9500000, 0x00000000e9600000|  0%| F|  |TAMS 0x00000000e9500000| PB 0x00000000e9500000| Untracked 
| 150|0x00000000e9600000, 0x00000000e9600000, 0x00000000e9700000|  0%| F|  |TAMS 0x00000000e9600000| PB 0x00000000e9600000| Untracked 
| 151|0x00000000e9700000, 0x00000000e9700000, 0x00000000e9800000|  0%| F|  |TAMS 0x00000000e9700000| PB 0x00000000e9700000| Untracked 
| 152|0x00000000e9800000, 0x00000000e9800000, 0x00000000e9900000|  0%| F|  |TAMS 0x00000000e9800000| PB 0x00000000e9800000| Untracked 
| 153|0x00000000e9900000, 0x00000000e9900000, 0x00000000e9a00000|  0%| F|  |TAMS 0x00000000e9900000| PB 0x00000000e9900000| Untracked 
| 154|0x00000000e9a00000, 0x00000000e9a00000, 0x00000000e9b00000|  0%| F|  |TAMS 0x00000000e9a00000| PB 0x00000000e9a00000| Untracked 
| 155|0x00000000e9b00000, 0x00000000e9b00000, 0x00000000e9c00000|  0%| F|  |TAMS 0x00000000e9b00000| PB 0x00000000e9b00000| Untracked 
| 156|0x00000000e9c00000, 0x00000000e9c00000, 0x00000000e9d00000|  0%| F|  |TAMS 0x00000000e9c00000| PB 0x00000000e9c00000| Untracked 
| 157|0x00000000e9d00000, 0x00000000e9d00000, 0x00000000e9e00000|  0%| F|  |TAMS 0x00000000e9d00000| PB 0x00000000e9d00000| Untracked 
| 158|0x00000000e9e00000, 0x00000000e9e00000, 0x00000000e9f00000|  0%| F|  |TAMS 0x00000000e9e00000| PB 0x00000000e9e00000| Untracked 
| 159|0x00000000e9f00000, 0x00000000e9f00000, 0x00000000ea000000|  0%| F|  |TAMS 0x00000000e9f00000| PB 0x00000000e9f00000| Untracked 
| 160|0x00000000ea000000, 0x00000000ea000000, 0x00000000ea100000|  0%| F|  |TAMS 0x00000000ea000000| PB 0x00000000ea000000| Untracked 
| 161|0x00000000ea100000, 0x00000000ea100000, 0x00000000ea200000|  0%| F|  |TAMS 0x00000000ea100000| PB 0x00000000ea100000| Untracked 
| 162|0x00000000ea200000, 0x00000000ea200000, 0x00000000ea300000|  0%| F|  |TAMS 0x00000000ea200000| PB 0x00000000ea200000| Untracked 
| 163|0x00000000ea300000, 0x00000000ea300000, 0x00000000ea400000|  0%| F|  |TAMS 0x00000000ea300000| PB 0x00000000ea300000| Untracked 
| 164|0x00000000ea400000, 0x00000000ea400000, 0x00000000ea500000|  0%| F|  |TAMS 0x00000000ea400000| PB 0x00000000ea400000| Untracked 
| 165|0x00000000ea500000, 0x00000000ea500000, 0x00000000ea600000|  0%| F|  |TAMS 0x00000000ea500000| PB 0x00000000ea500000| Untracked 
| 166|0x00000000ea600000, 0x00000000ea600000, 0x00000000ea700000|  0%| F|  |TAMS 0x00000000ea600000| PB 0x00000000ea600000| Untracked 
| 167|0x00000000ea700000, 0x00000000ea700000, 0x00000000ea800000|  0%| F|  |TAMS 0x00000000ea700000| PB 0x00000000ea700000| Untracked 
| 168|0x00000000ea800000, 0x00000000ea800000, 0x00000000ea900000|  0%| F|  |TAMS 0x00000000ea800000| PB 0x00000000ea800000| Untracked 
| 169|0x00000000ea900000, 0x00000000ea900000, 0x00000000eaa00000|  0%| F|  |TAMS 0x00000000ea900000| PB 0x00000000ea900000| Untracked 
| 170|0x00000000eaa00000, 0x00000000eaa00000, 0x00000000eab00000|  0%| F|  |TAMS 0x00000000eaa00000| PB 0x00000000eaa00000| Untracked 
| 171|0x00000000eab00000, 0x00000000eab00000, 0x00000000eac00000|  0%| F|  |TAMS 0x00000000eab00000| PB 0x00000000eab00000| Untracked 
| 172|0x00000000eac00000, 0x00000000eac00000, 0x00000000ead00000|  0%| F|  |TAMS 0x00000000eac00000| PB 0x00000000eac00000| Untracked 
| 173|0x00000000ead00000, 0x00000000ead00000, 0x00000000eae00000|  0%| F|  |TAMS 0x00000000ead00000| PB 0x00000000ead00000| Untracked 
| 174|0x00000000eae00000, 0x00000000eae00000, 0x00000000eaf00000|  0%| F|  |TAMS 0x00000000eae00000| PB 0x00000000eae00000| Untracked 
| 175|0x00000000eaf00000, 0x00000000eaf00000, 0x00000000eb000000|  0%| F|  |TAMS 0x00000000eaf00000| PB 0x00000000eaf00000| Untracked 
| 176|0x00000000eb000000, 0x00000000eb000000, 0x00000000eb100000|  0%| F|  |TAMS 0x00000000eb000000| PB 0x00000000eb000000| Untracked 
| 177|0x00000000eb100000, 0x00000000eb100000, 0x00000000eb200000|  0%| F|  |TAMS 0x00000000eb100000| PB 0x00000000eb100000| Untracked 
| 178|0x00000000eb200000, 0x00000000eb200000, 0x00000000eb300000|  0%| F|  |TAMS 0x00000000eb200000| PB 0x00000000eb200000| Untracked 
| 179|0x00000000eb300000, 0x00000000eb300000, 0x00000000eb400000|  0%| F|  |TAMS 0x00000000eb300000| PB 0x00000000eb300000| Untracked 
| 180|0x00000000eb400000, 0x00000000eb400000, 0x00000000eb500000|  0%| F|  |TAMS 0x00000000eb400000| PB 0x00000000eb400000| Untracked 
| 181|0x00000000eb500000, 0x00000000eb500000, 0x00000000eb600000|  0%| F|  |TAMS 0x00000000eb500000| PB 0x00000000eb500000| Untracked 
| 182|0x00000000eb600000, 0x00000000eb600000, 0x00000000eb700000|  0%| F|  |TAMS 0x00000000eb600000| PB 0x00000000eb600000| Untracked 
| 183|0x00000000eb700000, 0x00000000eb700000, 0x00000000eb800000|  0%| F|  |TAMS 0x00000000eb700000| PB 0x00000000eb700000| Untracked 
| 184|0x00000000eb800000, 0x00000000eb800000, 0x00000000eb900000|  0%| F|  |TAMS 0x00000000eb800000| PB 0x00000000eb800000| Untracked 
| 185|0x00000000eb900000, 0x00000000eb900000, 0x00000000eba00000|  0%| F|  |TAMS 0x00000000eb900000| PB 0x00000000eb900000| Untracked 
| 186|0x00000000eba00000, 0x00000000eba00000, 0x00000000ebb00000|  0%| F|  |TAMS 0x00000000eba00000| PB 0x00000000eba00000| Untracked 
| 187|0x00000000ebb00000, 0x00000000ebb00000, 0x00000000ebc00000|  0%| F|  |TAMS 0x00000000ebb00000| PB 0x00000000ebb00000| Untracked 
| 188|0x00000000ebc00000, 0x00000000ebc00000, 0x00000000ebd00000|  0%| F|  |TAMS 0x00000000ebc00000| PB 0x00000000ebc00000| Untracked 
| 189|0x00000000ebd00000, 0x00000000ebd00000, 0x00000000ebe00000|  0%| F|  |TAMS 0x00000000ebd00000| PB 0x00000000ebd00000| Untracked 
| 190|0x00000000ebe00000, 0x00000000ebe00000, 0x00000000ebf00000|  0%| F|  |TAMS 0x00000000ebe00000| PB 0x00000000ebe00000| Untracked 
| 191|0x00000000ebf00000, 0x00000000ebf00000, 0x00000000ec000000|  0%| F|  |TAMS 0x00000000ebf00000| PB 0x00000000ebf00000| Untracked 
| 192|0x00000000ec000000, 0x00000000ec000000, 0x00000000ec100000|  0%| F|  |TAMS 0x00000000ec000000| PB 0x00000000ec000000| Untracked 
| 193|0x00000000ec100000, 0x00000000ec100000, 0x00000000ec200000|  0%| F|  |TAMS 0x00000000ec100000| PB 0x00000000ec100000| Untracked 
| 194|0x00000000ec200000, 0x00000000ec200000, 0x00000000ec300000|  0%| F|  |TAMS 0x00000000ec200000| PB 0x00000000ec200000| Untracked 
| 195|0x00000000ec300000, 0x00000000ec300000, 0x00000000ec400000|  0%| F|  |TAMS 0x00000000ec300000| PB 0x00000000ec300000| Untracked 
| 196|0x00000000ec400000, 0x00000000ec400000, 0x00000000ec500000|  0%| F|  |TAMS 0x00000000ec400000| PB 0x00000000ec400000| Untracked 
| 197|0x00000000ec500000, 0x00000000ec500000, 0x00000000ec600000|  0%| F|  |TAMS 0x00000000ec500000| PB 0x00000000ec500000| Untracked 
| 198|0x00000000ec600000, 0x00000000ec600000, 0x00000000ec700000|  0%| F|  |TAMS 0x00000000ec600000| PB 0x00000000ec600000| Untracked 
| 199|0x00000000ec700000, 0x00000000ec700000, 0x00000000ec800000|  0%| F|  |TAMS 0x00000000ec700000| PB 0x00000000ec700000| Untracked 
| 200|0x00000000ec800000, 0x00000000ec800000, 0x00000000ec900000|  0%| F|  |TAMS 0x00000000ec800000| PB 0x00000000ec800000| Untracked 
| 201|0x00000000ec900000, 0x00000000ec900000, 0x00000000eca00000|  0%| F|  |TAMS 0x00000000ec900000| PB 0x00000000ec900000| Untracked 
| 202|0x00000000eca00000, 0x00000000eca00000, 0x00000000ecb00000|  0%| F|  |TAMS 0x00000000eca00000| PB 0x00000000eca00000| Untracked 
| 203|0x00000000ecb00000, 0x00000000ecb00000, 0x00000000ecc00000|  0%| F|  |TAMS 0x00000000ecb00000| PB 0x00000000ecb00000| Untracked 
| 204|0x00000000ecc00000, 0x00000000ecc00000, 0x00000000ecd00000|  0%| F|  |TAMS 0x00000000ecc00000| PB 0x00000000ecc00000| Untracked 
| 205|0x00000000ecd00000, 0x00000000ecd00000, 0x00000000ece00000|  0%| F|  |TAMS 0x00000000ecd00000| PB 0x00000000ecd00000| Untracked 
| 206|0x00000000ece00000, 0x00000000ece00000, 0x00000000ecf00000|  0%| F|  |TAMS 0x00000000ece00000| PB 0x00000000ece00000| Untracked 
| 207|0x00000000ecf00000, 0x00000000ecf00000, 0x00000000ed000000|  0%| F|  |TAMS 0x00000000ecf00000| PB 0x00000000ecf00000| Untracked 
| 208|0x00000000ed000000, 0x00000000ed000000, 0x00000000ed100000|  0%| F|  |TAMS 0x00000000ed000000| PB 0x00000000ed000000| Untracked 
| 209|0x00000000ed100000, 0x00000000ed100000, 0x00000000ed200000|  0%| F|  |TAMS 0x00000000ed100000| PB 0x00000000ed100000| Untracked 
| 210|0x00000000ed200000, 0x00000000ed200000, 0x00000000ed300000|  0%| F|  |TAMS 0x00000000ed200000| PB 0x00000000ed200000| Untracked 
| 211|0x00000000ed300000, 0x00000000ed300000, 0x00000000ed400000|  0%| F|  |TAMS 0x00000000ed300000| PB 0x00000000ed300000| Untracked 
| 212|0x00000000ed400000, 0x00000000ed400000, 0x00000000ed500000|  0%| F|  |TAMS 0x00000000ed400000| PB 0x00000000ed400000| Untracked 
| 213|0x00000000ed500000, 0x00000000ed500000, 0x00000000ed600000|  0%| F|  |TAMS 0x00000000ed500000| PB 0x00000000ed500000| Untracked 
| 214|0x00000000ed600000, 0x00000000ed600000, 0x00000000ed700000|  0%| F|  |TAMS 0x00000000ed600000| PB 0x00000000ed600000| Untracked 
| 215|0x00000000ed700000, 0x00000000ed700000, 0x00000000ed800000|  0%| F|  |TAMS 0x00000000ed700000| PB 0x00000000ed700000| Untracked 
| 216|0x00000000ed800000, 0x00000000ed800000, 0x00000000ed900000|  0%| F|  |TAMS 0x00000000ed800000| PB 0x00000000ed800000| Untracked 
| 217|0x00000000ed900000, 0x00000000ed900000, 0x00000000eda00000|  0%| F|  |TAMS 0x00000000ed900000| PB 0x00000000ed900000| Untracked 
| 218|0x00000000eda00000, 0x00000000eda00000, 0x00000000edb00000|  0%| F|  |TAMS 0x00000000eda00000| PB 0x00000000eda00000| Untracked 
| 219|0x00000000edb00000, 0x00000000edb00000, 0x00000000edc00000|  0%| F|  |TAMS 0x00000000edb00000| PB 0x00000000edb00000| Untracked 
| 220|0x00000000edc00000, 0x00000000edc00000, 0x00000000edd00000|  0%| F|  |TAMS 0x00000000edc00000| PB 0x00000000edc00000| Untracked 
| 221|0x00000000edd00000, 0x00000000edd00000, 0x00000000ede00000|  0%| F|  |TAMS 0x00000000edd00000| PB 0x00000000edd00000| Untracked 
| 222|0x00000000ede00000, 0x00000000ede00000, 0x00000000edf00000|  0%| F|  |TAMS 0x00000000ede00000| PB 0x00000000ede00000| Untracked 
| 223|0x00000000edf00000, 0x00000000edf00000, 0x00000000ee000000|  0%| F|  |TAMS 0x00000000edf00000| PB 0x00000000edf00000| Untracked 
| 224|0x00000000ee000000, 0x00000000ee000000, 0x00000000ee100000|  0%| F|  |TAMS 0x00000000ee000000| PB 0x00000000ee000000| Untracked 
| 225|0x00000000ee100000, 0x00000000ee100000, 0x00000000ee200000|  0%| F|  |TAMS 0x00000000ee100000| PB 0x00000000ee100000| Untracked 
| 226|0x00000000ee200000, 0x00000000ee200000, 0x00000000ee300000|  0%| F|  |TAMS 0x00000000ee200000| PB 0x00000000ee200000| Untracked 
| 227|0x00000000ee300000, 0x00000000ee300000, 0x00000000ee400000|  0%| F|  |TAMS 0x00000000ee300000| PB 0x00000000ee300000| Untracked 
| 228|0x00000000ee400000, 0x00000000ee400000, 0x00000000ee500000|  0%| F|  |TAMS 0x00000000ee400000| PB 0x00000000ee400000| Untracked 
| 229|0x00000000ee500000, 0x00000000ee500000, 0x00000000ee600000|  0%| F|  |TAMS 0x00000000ee500000| PB 0x00000000ee500000| Untracked 
| 230|0x00000000ee600000, 0x00000000ee600000, 0x00000000ee700000|  0%| F|  |TAMS 0x00000000ee600000| PB 0x00000000ee600000| Untracked 
| 231|0x00000000ee700000, 0x00000000ee700000, 0x00000000ee800000|  0%| F|  |TAMS 0x00000000ee700000| PB 0x00000000ee700000| Untracked 
| 232|0x00000000ee800000, 0x00000000ee800000, 0x00000000ee900000|  0%| F|  |TAMS 0x00000000ee800000| PB 0x00000000ee800000| Untracked 
| 233|0x00000000ee900000, 0x00000000ee900000, 0x00000000eea00000|  0%| F|  |TAMS 0x00000000ee900000| PB 0x00000000ee900000| Untracked 
| 234|0x00000000eea00000, 0x00000000eea00000, 0x00000000eeb00000|  0%| F|  |TAMS 0x00000000eea00000| PB 0x00000000eea00000| Untracked 
| 235|0x00000000eeb00000, 0x00000000eeb00000, 0x00000000eec00000|  0%| F|  |TAMS 0x00000000eeb00000| PB 0x00000000eeb00000| Untracked 
| 236|0x00000000eec00000, 0x00000000eec00000, 0x00000000eed00000|  0%| F|  |TAMS 0x00000000eec00000| PB 0x00000000eec00000| Untracked 
| 237|0x00000000eed00000, 0x00000000eed00000, 0x00000000eee00000|  0%| F|  |TAMS 0x00000000eed00000| PB 0x00000000eed00000| Untracked 
| 238|0x00000000eee00000, 0x00000000eee00000, 0x00000000eef00000|  0%| F|  |TAMS 0x00000000eee00000| PB 0x00000000eee00000| Untracked 
| 239|0x00000000eef00000, 0x00000000eef00000, 0x00000000ef000000|  0%| F|  |TAMS 0x00000000eef00000| PB 0x00000000eef00000| Untracked 
| 240|0x00000000ef000000, 0x00000000ef000000, 0x00000000ef100000|  0%| F|  |TAMS 0x00000000ef000000| PB 0x00000000ef000000| Untracked 
| 241|0x00000000ef100000, 0x00000000ef100000, 0x00000000ef200000|  0%| F|  |TAMS 0x00000000ef100000| PB 0x00000000ef100000| Untracked 
| 242|0x00000000ef200000, 0x00000000ef200000, 0x00000000ef300000|  0%| F|  |TAMS 0x00000000ef200000| PB 0x00000000ef200000| Untracked 
| 243|0x00000000ef300000, 0x00000000ef300000, 0x00000000ef400000|  0%| F|  |TAMS 0x00000000ef300000| PB 0x00000000ef300000| Untracked 
| 244|0x00000000ef400000, 0x00000000ef400000, 0x00000000ef500000|  0%| F|  |TAMS 0x00000000ef400000| PB 0x00000000ef400000| Untracked 
| 245|0x00000000ef500000, 0x00000000ef536608, 0x00000000ef600000| 21%| E|  |TAMS 0x00000000ef500000| PB 0x00000000ef500000| Complete 
| 246|0x00000000ef600000, 0x00000000ef700000, 0x00000000ef700000|100%| E|CS|TAMS 0x00000000ef600000| PB 0x00000000ef600000| Complete 
| 247|0x00000000ef700000, 0x00000000ef800000, 0x00000000ef800000|100%| E|CS|TAMS 0x00000000ef700000| PB 0x00000000ef700000| Complete 
| 248|0x00000000ef800000, 0x00000000ef900000, 0x00000000ef900000|100%| E|CS|TAMS 0x00000000ef800000| PB 0x00000000ef800000| Complete 
| 249|0x00000000ef900000, 0x00000000efa00000, 0x00000000efa00000|100%| E|CS|TAMS 0x00000000ef900000| PB 0x00000000ef900000| Complete 
| 250|0x00000000efa00000, 0x00000000efb00000, 0x00000000efb00000|100%| E|CS|TAMS 0x00000000efa00000| PB 0x00000000efa00000| Complete 
| 251|0x00000000efb00000, 0x00000000efc00000, 0x00000000efc00000|100%| E|CS|TAMS 0x00000000efb00000| PB 0x00000000efb00000| Complete 
| 252|0x00000000efc00000, 0x00000000efd00000, 0x00000000efd00000|100%| E|CS|TAMS 0x00000000efc00000| PB 0x00000000efc00000| Complete 
| 253|0x00000000efd00000, 0x00000000efe00000, 0x00000000efe00000|100%| E|CS|TAMS 0x00000000efd00000| PB 0x00000000efd00000| Complete 
| 254|0x00000000efe00000, 0x00000000eff00000, 0x00000000eff00000|100%| E|CS|TAMS 0x00000000efe00000| PB 0x00000000efe00000| Complete 
| 255|0x00000000eff00000, 0x00000000f0000000, 0x00000000f0000000|100%| E|CS|TAMS 0x00000000eff00000| PB 0x00000000eff00000| Complete 

Card table byte_map: [0x000002a757b30000,0x000002a757c30000] _byte_map_base: 0x000002a757430000

Marking Bits: (CMBitMap*) 0x000002a7406d9610
 Bits: [0x000002a757c30000, 0x000002a758430000)

Polling page: 0x000002a73e670000

Metaspace:

Usage:
  Non-class:     53.82 MB used.
      Class:      8.15 MB used.
       Both:     61.97 MB used.

Virtual space:
  Non-class space:       64.00 MB reserved,      55.88 MB ( 87%) committed,  1 nodes.
      Class space:      320.00 MB reserved,       9.69 MB (  3%) committed,  1 nodes.
             Both:      384.00 MB reserved,      65.56 MB ( 17%) committed. 

Chunk freelists:
   Non-Class:  9.42 MB
       Class:  7.22 MB
        Both:  16.64 MB

MaxMetaspaceSize: 384.00 MB
CompressedClassSpaceSize: 320.00 MB
Initial GC threshold: 21.00 MB
Current GC threshold: 109.00 MB
CDS: on
 - commit_granule_bytes: 65536.
 - commit_granule_words: 8192.
 - virtual_space_node_default_size: 8388608.
 - enlarge_chunks_in_place: 1.
 - use_allocation_guard: 0.


Internal statistics:

num_allocs_failed_limit: 9.
num_arena_births: 4058.
num_arena_deaths: 2072.
num_vsnodes_births: 2.
num_vsnodes_deaths: 0.
num_space_committed: 1049.
num_space_uncommitted: 0.
num_chunks_returned_to_freelist: 2307.
num_chunks_taken_from_freelist: 7695.
num_chunk_merges: 833.
num_chunk_splits: 4653.
num_chunks_enlarged: 2655.
num_inconsistent_stats: 0.

CodeHeap 'non-profiled nmethods': size=120000Kb used=18823Kb max_used=18823Kb free=101177Kb
 bounds [0x000002a750600000, 0x000002a751870000, 0x000002a757b30000]
CodeHeap 'profiled nmethods': size=120000Kb used=35159Kb max_used=35159Kb free=84840Kb
 bounds [0x000002a748b30000, 0x000002a74ad90000, 0x000002a750060000]
CodeHeap 'non-nmethods': size=5760Kb used=2755Kb max_used=2820Kb free=3004Kb
 bounds [0x000002a750060000, 0x000002a750340000, 0x000002a750600000]
 total_blobs=19301 nmethods=18424 adapters=779
 compilation: enabled
              stopped_count=0, restarted_count=0
 full_count=0

Compilation events (20 events):
Event: 4405.242 Thread 0x000002a75aa37c20 19784       3       java.util.concurrent.CopyOnWriteArrayList::<init> (24 bytes)
Event: 4405.242 Thread 0x000002a75aa37c20 nmethod 19784 0x000002a74ad84d90 code [0x000002a74ad84f40, 0x000002a74ad852d0]
Event: 4405.263 Thread 0x000002a75aa2ef90 nmethod 19783 0x000002a751859210 code [0x000002a751859560, 0x000002a75185a900]
Event: 4405.263 Thread 0x000002a75aa2ef90 19785   !   4       jdk.internal.reflect.DirectMethodHandleAccessor::invoke (92 bytes)
Event: 4405.271 Thread 0x000002a75aa2ef90 nmethod 19785 0x000002a75185b710 code [0x000002a75185b9c0, 0x000002a75185c208]
Event: 4405.271 Thread 0x000002a75aa2ef90 19786       4       java.util.regex.Pattern$StartS::match (138 bytes)
Event: 4405.282 Thread 0x000002a75aa2ef90 nmethod 19786 0x000002a75185cb10 code [0x000002a75185cd80, 0x000002a75185d9d8]
Event: 4405.289 Thread 0x000002a75aa2ef90 19787       4       org.gradle.api.internal.artifacts.ivyservice.moduleconverter.dependencies.DefaultLocalConfigurationMetadataBuilder::access$000 (10 bytes)
Event: 4405.299 Thread 0x000002a75aa2ef90 nmethod 19787 0x000002a75185e410 code [0x000002a75185e600, 0x000002a75185f168]
Event: 4405.300 Thread 0x000002a75aa2ef90 19788       4       org.gradle.api.internal.artifacts.ProjectBackedModule::getVersion (13 bytes)
Event: 4405.301 Thread 0x000002a75aa2ef90 nmethod 19788 0x000002a75185f490 code [0x000002a75185f620, 0x000002a75185f720]
Event: 4405.304 Thread 0x000002a75aa2ef90 19789       4       org.gradle.api.internal.CompositeDomainObjectSet$DomainObjectCompositeCollection::isEmpty (45 bytes)
Event: 4405.311 Thread 0x000002a75aa2ef90 nmethod 19789 0x000002a75185f810 code [0x000002a75185f9e0, 0x000002a75185fdf0]
Event: 4405.336 Thread 0x000002a75aa2ef90 19790       4       org.gradle.api.internal.artifacts.configurations.DefaultConfiguration::newFileCollection (35 bytes)
Event: 4405.345 Thread 0x000002a75aa2ef90 nmethod 19790 0x000002a751860290 code [0x000002a7518604c0, 0x000002a751860e08]
Event: 4405.345 Thread 0x000002a75aa2ef90 19791       4       org.gradle.api.internal.collections.AbstractIterationOrderRetainingElementSource::realizePending (72 bytes)
Event: 4405.351 Thread 0x000002a75aa2ef90 nmethod 19791 0x000002a751861310 code [0x000002a7518614c0, 0x000002a7518618c8]
Event: 4405.433 Thread 0x000002a75aa37c20 19792       3       io.spring.gradle.dependencymanagement.org.codehaus.plexus.interpolation.reflection.ClassMap::getAccessibleMethods (123 bytes)
Event: 4405.434 Thread 0x000002a75aa37c20 nmethod 19792 0x000002a74ad85410 code [0x000002a74ad85660, 0x000002a74ad860c8]
Event: 4405.450 Thread 0x000002a75aa2ef90 19793       4       org.gradle.internal.component.local.model.DefaultLocalComponentMetadata::getConfiguration (68 bytes)

GC Heap History (20 events):
Event: 3157.396 GC heap before
{Heap before GC invocations=43 (full 0):
 garbage-first heap   total 262144K, used 211756K [0x00000000e0000000, 0x0000000100000000)
  region size 1024K, 153 young (156672K), 10 survivors (10240K)
 Metaspace       used 63118K, committed 67072K, reserved 393216K
  class space    used 8324K, committed 9920K, reserved 327680K
}
Event: 3157.403 GC heap after
{Heap after GC invocations=44 (full 0):
 garbage-first heap   total 262144K, used 62259K [0x00000000e0000000, 0x0000000100000000)
  region size 1024K, 6 young (6144K), 6 survivors (6144K)
 Metaspace       used 63118K, committed 67072K, reserved 393216K
  class space    used 8324K, committed 9920K, reserved 327680K
}
Event: 3407.669 GC heap before
{Heap before GC invocations=44 (full 0):
 garbage-first heap   total 262144K, used 211763K [0x00000000e0000000, 0x0000000100000000)
  region size 1024K, 153 young (156672K), 6 survivors (6144K)
 Metaspace       used 63158K, committed 67072K, reserved 393216K
  class space    used 8328K, committed 9920K, reserved 327680K
}
Event: 3407.678 GC heap after
{Heap after GC invocations=45 (full 0):
 garbage-first heap   total 262144K, used 65304K [0x00000000e0000000, 0x0000000100000000)
  region size 1024K, 8 young (8192K), 8 survivors (8192K)
 Metaspace       used 63158K, committed 67072K, reserved 393216K
  class space    used 8328K, committed 9920K, reserved 327680K
}
Event: 3425.449 GC heap before
{Heap before GC invocations=45 (full 0):
 garbage-first heap   total 262144K, used 212760K [0x00000000e0000000, 0x0000000100000000)
  region size 1024K, 153 young (156672K), 8 survivors (8192K)
 Metaspace       used 63164K, committed 67072K, reserved 393216K
  class space    used 8329K, committed 9920K, reserved 327680K
}
Event: 3425.456 GC heap after
{Heap after GC invocations=46 (full 0):
 garbage-first heap   total 262144K, used 65413K [0x00000000e0000000, 0x0000000100000000)
  region size 1024K, 8 young (8192K), 8 survivors (8192K)
 Metaspace       used 63164K, committed 67072K, reserved 393216K
  class space    used 8329K, committed 9920K, reserved 327680K
}
Event: 3529.169 GC heap before
{Heap before GC invocations=46 (full 0):
 garbage-first heap   total 262144K, used 214917K [0x00000000e0000000, 0x0000000100000000)
  region size 1024K, 153 young (156672K), 8 survivors (8192K)
 Metaspace       used 63197K, committed 67072K, reserved 393216K
  class space    used 8329K, committed 9920K, reserved 327680K
}
Event: 3529.176 GC heap after
{Heap after GC invocations=47 (full 0):
 garbage-first heap   total 262144K, used 64276K [0x00000000e0000000, 0x0000000100000000)
  region size 1024K, 7 young (7168K), 7 survivors (7168K)
 Metaspace       used 63197K, committed 67072K, reserved 393216K
  class space    used 8329K, committed 9920K, reserved 327680K
}
Event: 3600.041 GC heap before
{Heap before GC invocations=47 (full 0):
 garbage-first heap   total 262144K, used 212756K [0x00000000e0000000, 0x0000000100000000)
  region size 1024K, 153 young (156672K), 7 survivors (7168K)
 Metaspace       used 63205K, committed 67072K, reserved 393216K
  class space    used 8329K, committed 9920K, reserved 327680K
}
Event: 3600.054 GC heap after
{Heap after GC invocations=48 (full 0):
 garbage-first heap   total 262144K, used 67684K [0x00000000e0000000, 0x0000000100000000)
  region size 1024K, 10 young (10240K), 10 survivors (10240K)
 Metaspace       used 63205K, committed 67072K, reserved 393216K
  class space    used 8329K, committed 9920K, reserved 327680K
}
Event: 3605.736 GC heap before
{Heap before GC invocations=48 (full 0):
 garbage-first heap   total 262144K, used 213092K [0x00000000e0000000, 0x0000000100000000)
  region size 1024K, 153 young (156672K), 10 survivors (10240K)
 Metaspace       used 63211K, committed 67072K, reserved 393216K
  class space    used 8329K, committed 9920K, reserved 327680K
}
Event: 3605.744 GC heap after
{Heap after GC invocations=49 (full 0):
 garbage-first heap   total 262144K, used 66664K [0x00000000e0000000, 0x0000000100000000)
  region size 1024K, 9 young (9216K), 9 survivors (9216K)
 Metaspace       used 63211K, committed 67072K, reserved 393216K
  class space    used 8329K, committed 9920K, reserved 327680K
}
Event: 3786.391 GC heap before
{Heap before GC invocations=49 (full 0):
 garbage-first heap   total 262144K, used 215144K [0x00000000e0000000, 0x0000000100000000)
  region size 1024K, 153 young (156672K), 9 survivors (9216K)
 Metaspace       used 63382K, committed 67136K, reserved 393216K
  class space    used 8339K, committed 9920K, reserved 327680K
}
Event: 3786.398 GC heap after
{Heap after GC invocations=50 (full 0):
 garbage-first heap   total 262144K, used 63419K [0x00000000e0000000, 0x0000000100000000)
  region size 1024K, 6 young (6144K), 6 survivors (6144K)
 Metaspace       used 63382K, committed 67136K, reserved 393216K
  class space    used 8339K, committed 9920K, reserved 327680K
}
Event: 4012.954 GC heap before
{Heap before GC invocations=50 (full 0):
 garbage-first heap   total 262144K, used 212923K [0x00000000e0000000, 0x0000000100000000)
  region size 1024K, 153 young (156672K), 6 survivors (6144K)
 Metaspace       used 63439K, committed 67136K, reserved 393216K
  class space    used 8344K, committed 9920K, reserved 327680K
}
Event: 4012.968 GC heap after
{Heap after GC invocations=51 (full 0):
 garbage-first heap   total 262144K, used 67706K [0x00000000e0000000, 0x0000000100000000)
  region size 1024K, 10 young (10240K), 10 survivors (10240K)
 Metaspace       used 63439K, committed 67136K, reserved 393216K
  class space    used 8344K, committed 9920K, reserved 327680K
}
Event: 4018.740 GC heap before
{Heap before GC invocations=51 (full 0):
 garbage-first heap   total 262144K, used 213114K [0x00000000e0000000, 0x0000000100000000)
  region size 1024K, 153 young (156672K), 10 survivors (10240K)
 Metaspace       used 63440K, committed 67136K, reserved 393216K
  class space    used 8344K, committed 9920K, reserved 327680K
}
Event: 4018.748 GC heap after
{Heap after GC invocations=52 (full 0):
 garbage-first heap   total 262144K, used 67120K [0x00000000e0000000, 0x0000000100000000)
  region size 1024K, 10 young (10240K), 10 survivors (10240K)
 Metaspace       used 63440K, committed 67136K, reserved 393216K
  class space    used 8344K, committed 9920K, reserved 327680K
}
Event: 4405.421 GC heap before
{Heap before GC invocations=52 (full 0):
 garbage-first heap   total 262144K, used 214576K [0x00000000e0000000, 0x0000000100000000)
  region size 1024K, 153 young (156672K), 10 survivors (10240K)
 Metaspace       used 63451K, committed 67136K, reserved 393216K
  class space    used 8344K, committed 9920K, reserved 327680K
}
Event: 4405.430 GC heap after
{Heap after GC invocations=53 (full 0):
 garbage-first heap   total 262144K, used 64490K [0x00000000e0000000, 0x0000000100000000)
  region size 1024K, 7 young (7168K), 7 survivors (7168K)
 Metaspace       used 63451K, committed 67136K, reserved 393216K
  class space    used 8344K, committed 9920K, reserved 327680K
}

Dll operation events (15 events):
Event: 0.013 Loaded shared library C:\Program Files\Java\jdk-21.0.3\bin\java.dll
Event: 0.106 Loaded shared library C:\Program Files\Java\jdk-21.0.3\bin\jsvml.dll
Event: 0.165 Loaded shared library C:\Program Files\Java\jdk-21.0.3\bin\zip.dll
Event: 0.170 Loaded shared library C:\Program Files\Java\jdk-21.0.3\bin\instrument.dll
Event: 0.174 Loaded shared library C:\Program Files\Java\jdk-21.0.3\bin\net.dll
Event: 0.176 Loaded shared library C:\Program Files\Java\jdk-21.0.3\bin\nio.dll
Event: 0.180 Loaded shared library C:\Program Files\Java\jdk-21.0.3\bin\zip.dll
Event: 0.723 Loaded shared library C:\Program Files\Java\jdk-21.0.3\bin\jimage.dll
Event: 0.845 Loaded shared library C:\Program Files\Java\jdk-21.0.3\bin\verify.dll
Event: 1.145 Loaded shared library C:\Users\user\.gradle\native\c067742578af261105cb4f569cf0c3c89f3d7b1fecec35dd04571415982c5e48\windows-amd64\native-platform.dll
Event: 1.151 Loaded shared library C:\Users\user\.gradle\native\100fb08df4bc3b14c8652ba06237920a3bd2aa13389f12d3474272988ae205f9\windows-amd64\native-platform-file-events.dll
Event: 4.420 Loaded shared library C:\Program Files\Java\jdk-21.0.3\bin\management.dll
Event: 4.425 Loaded shared library C:\Program Files\Java\jdk-21.0.3\bin\management_ext.dll
Event: 4.961 Loaded shared library C:\Program Files\Java\jdk-21.0.3\bin\extnet.dll
Event: 5.732 Loaded shared library C:\Program Files\Java\jdk-21.0.3\bin\sunmscapi.dll

Deoptimization events (20 events):
Event: 4012.137 Thread 0x000002a778acad70 Uncommon trap: trap_request=0xffffff45 fr.pc=0x000002a750dfeb98 relative=0x0000000000000178
Event: 4012.137 Thread 0x000002a778acad70 Uncommon trap: reason=unstable_if action=reinterpret pc=0x000002a750dfeb98 method=java.util.LinkedList.toArray()[Ljava/lang/Object; @ 16 c2
Event: 4012.137 Thread 0x000002a778acad70 DEOPT PACKING pc=0x000002a750dfeb98 sp=0x000000c5691fa340
Event: 4012.137 Thread 0x000002a778acad70 DEOPT UNPACKING pc=0x000002a7500b46a2 sp=0x000000c5691fa2c8 mode 2
Event: 4142.505 Thread 0x000002a777c28000 Uncommon trap: trap_request=0xffffffd6 fr.pc=0x000002a751852ddc relative=0x0000000000000a5c
Event: 4142.505 Thread 0x000002a777c28000 Uncommon trap: reason=array_check action=maybe_recompile pc=0x000002a751852ddc method=java.util.concurrent.ScheduledThreadPoolExecutor$DelayedWorkQueue.offer(Ljava/lang/Runnable;)Z @ 65 c2
Event: 4142.505 Thread 0x000002a777c28000 DEOPT PACKING pc=0x000002a751852ddc sp=0x000000c56b1fefb0
Event: 4142.505 Thread 0x000002a777c28000 DEOPT UNPACKING pc=0x000002a7500b46a2 sp=0x000000c56b1fee90 mode 2
Event: 4142.511 Thread 0x000002a7754599f0 Uncommon trap: trap_request=0xffffffd6 fr.pc=0x000002a751852ddc relative=0x0000000000000a5c
Event: 4142.511 Thread 0x000002a7754599f0 Uncommon trap: reason=array_check action=maybe_recompile pc=0x000002a751852ddc method=java.util.concurrent.ScheduledThreadPoolExecutor$DelayedWorkQueue.offer(Ljava/lang/Runnable;)Z @ 65 c2
Event: 4142.511 Thread 0x000002a7754599f0 DEOPT PACKING pc=0x000002a751852ddc sp=0x000000c568dff320
Event: 4142.511 Thread 0x000002a7754599f0 DEOPT UNPACKING pc=0x000002a7500b46a2 sp=0x000000c568dff200 mode 2
Event: 4143.504 Thread 0x000002a7754599f0 Uncommon trap: trap_request=0xffffffd6 fr.pc=0x000002a751852ddc relative=0x0000000000000a5c
Event: 4143.504 Thread 0x000002a7754599f0 Uncommon trap: reason=array_check action=maybe_recompile pc=0x000002a751852ddc method=java.util.concurrent.ScheduledThreadPoolExecutor$DelayedWorkQueue.offer(Ljava/lang/Runnable;)Z @ 65 c2
Event: 4143.505 Thread 0x000002a7754599f0 DEOPT PACKING pc=0x000002a751852ddc sp=0x000000c568dff320
Event: 4143.505 Thread 0x000002a7754599f0 DEOPT UNPACKING pc=0x000002a7500b46a2 sp=0x000000c568dff200 mode 2
Event: 4144.511 Thread 0x000002a7754599f0 Uncommon trap: trap_request=0xffffffd6 fr.pc=0x000002a751852ddc relative=0x0000000000000a5c
Event: 4144.511 Thread 0x000002a7754599f0 Uncommon trap: reason=array_check action=maybe_recompile pc=0x000002a751852ddc method=java.util.concurrent.ScheduledThreadPoolExecutor$DelayedWorkQueue.offer(Ljava/lang/Runnable;)Z @ 65 c2
Event: 4144.511 Thread 0x000002a7754599f0 DEOPT PACKING pc=0x000002a751852ddc sp=0x000000c568dff340
Event: 4144.511 Thread 0x000002a7754599f0 DEOPT UNPACKING pc=0x000002a7500b46a2 sp=0x000000c568dff220 mode 2

Classes loaded (20 events):
Event: 1825.791 Loading class java/io/ObjectInputStream$HandleTable$HandleList
Event: 1825.791 Loading class java/io/ObjectInputStream$HandleTable$HandleList done
Event: 1825.791 Loading class java/io/ObjectInputStream$ValidationList
Event: 1825.792 Loading class java/io/ObjectInputStream$ValidationList done
Event: 1825.792 Loading class java/io/ObjectInputFilter$Config
Event: 1825.794 Loading class java/io/ObjectInputFilter$Config done
Event: 1825.794 Loading class java/io/ObjectInputFilter
Event: 1825.794 Loading class java/io/ObjectInputFilter done
Event: 1825.795 Loading class java/io/ObjectInputFilter$Config$BuiltinFilterFactory
Event: 1825.795 Loading class java/io/ObjectInputFilter$Config$BuiltinFilterFactory done
Event: 1825.796 Loading class jdk/internal/access/JavaObjectInputFilterAccess
Event: 1825.796 Loading class jdk/internal/access/JavaObjectInputFilterAccess done
Event: 1825.796 Loading class jdk/internal/event/DeserializationEvent
Event: 1825.799 Loading class jdk/internal/event/DeserializationEvent done
Event: 1825.803 Loading class java/io/ObjectInputStream$FieldValues
Event: 1825.804 Loading class java/io/ObjectInputStream$GetField
Event: 1825.804 Loading class java/io/ObjectInputStream$GetField done
Event: 1825.804 Loading class java/io/ObjectInputStream$FieldValues done
Event: 3600.114 Loading class java/net/Proxy
Event: 3600.116 Loading class java/net/Proxy done

Classes unloaded (20 events):
Event: 2612.716 Thread 0x000002a75aa08590 Unloading class 0x000002a75c0d4800 'java/lang/invoke/LambdaForm$MH+0x000002a75c0d4800'
Event: 2612.716 Thread 0x000002a75aa08590 Unloading class 0x000002a75c0d4400 'java/lang/invoke/LambdaForm$MH+0x000002a75c0d4400'
Event: 2612.716 Thread 0x000002a75aa08590 Unloading class 0x000002a75c0d4000 'java/lang/invoke/LambdaForm$BMH+0x000002a75c0d4000'
Event: 2612.716 Thread 0x000002a75aa08590 Unloading class 0x000002a75c0a8400 'java/lang/invoke/LambdaForm$MH+0x000002a75c0a8400'
Event: 2612.716 Thread 0x000002a75aa08590 Unloading class 0x000002a75c0a8000 'java/lang/invoke/LambdaForm$MH+0x000002a75c0a8000'
Event: 2612.716 Thread 0x000002a75aa08590 Unloading class 0x000002a75c0a4c00 'java/lang/invoke/LambdaForm$MH+0x000002a75c0a4c00'
Event: 2612.716 Thread 0x000002a75aa08590 Unloading class 0x000002a75c091c00 'java/lang/invoke/LambdaForm$MH+0x000002a75c091c00'
Event: 2612.716 Thread 0x000002a75aa08590 Unloading class 0x000002a75c091800 'java/lang/invoke/LambdaForm$MH+0x000002a75c091800'
Event: 2612.716 Thread 0x000002a75aa08590 Unloading class 0x000002a75c091000 'java/lang/invoke/LambdaForm$MH+0x000002a75c091000'
Event: 2612.716 Thread 0x000002a75aa08590 Unloading class 0x000002a75c090c00 'java/lang/invoke/LambdaForm$MH+0x000002a75c090c00'
Event: 2612.716 Thread 0x000002a75aa08590 Unloading class 0x000002a75c090000 'java/lang/invoke/LambdaForm$MH+0x000002a75c090000'
Event: 2612.716 Thread 0x000002a75aa08590 Unloading class 0x000002a75c088000 'java/lang/invoke/LambdaForm$DMH+0x000002a75c088000'
Event: 2612.716 Thread 0x000002a75aa08590 Unloading class 0x000002a75c02a800 'java/lang/invoke/LambdaForm$MH+0x000002a75c02a800'
Event: 2612.716 Thread 0x000002a75aa08590 Unloading class 0x000002a75c02a400 'java/lang/invoke/LambdaForm$MH+0x000002a75c02a400'
Event: 2612.716 Thread 0x000002a75aa08590 Unloading class 0x000002a75c028800 'java/lang/invoke/LambdaForm$MH+0x000002a75c028800'
Event: 2612.716 Thread 0x000002a75aa08590 Unloading class 0x000002a75c01c400 'java/lang/invoke/LambdaForm$MH+0x000002a75c01c400'
Event: 2612.716 Thread 0x000002a75aa08590 Unloading class 0x000002a75c002400 'java/lang/invoke/LambdaForm$MH+0x000002a75c002400'
Event: 2612.716 Thread 0x000002a75aa08590 Unloading class 0x000002a75c002000 'java/lang/invoke/LambdaForm$MH+0x000002a75c002000'
Event: 2612.716 Thread 0x000002a75aa08590 Unloading class 0x000002a75c001c00 'java/lang/invoke/LambdaForm$MH+0x000002a75c001c00'
Event: 2612.716 Thread 0x000002a75aa08590 Unloading class 0x000002a75c001400 'java/lang/invoke/LambdaForm$MH+0x000002a75c001400'

Classes redefined (0 events):
No events

Internal exceptions (20 events):
Event: 4012.159 Thread 0x000002a778acad70 Exception <a 'sun/nio/fs/WindowsException'{0x00000000eb22b258}> (0x00000000eb22b258) 
thrown [s\open\src\hotspot\share\prims\jni.cpp, line 520]
Event: 4012.159 Thread 0x000002a778acad70 Exception <a 'sun/nio/fs/WindowsException'{0x00000000eb22c628}> (0x00000000eb22c628) 
thrown [s\open\src\hotspot\share\prims\jni.cpp, line 520]
Event: 4012.160 Thread 0x000002a778acad70 Exception <a 'sun/nio/fs/WindowsException'{0x00000000eb22d9e8}> (0x00000000eb22d9e8) 
thrown [s\open\src\hotspot\share\prims\jni.cpp, line 520]
Event: 4012.249 Thread 0x000002a778acad70 Exception <a 'java/lang/NoClassDefFoundError'{0x00000000ead016e0}: org/jetbrains/kotlin/gradle/plugin/KotlinPluginWrapper> (0x00000000ead016e0) 
thrown [s\open\src\hotspot\share\oops\constantPool.cpp, line 873]
Event: 4012.249 Thread 0x000002a778acad70 Exception <a 'java/lang/NoClassDefFoundError'{0x00000000ead03838}: org/graalvm/buildtools/gradle/NativeImagePlugin> (0x00000000ead03838) 
thrown [s\open\src\hotspot\share\oops\constantPool.cpp, line 873]
Event: 4012.249 Thread 0x000002a778acad70 Exception <a 'java/lang/NoClassDefFoundError'{0x00000000ead05980}: org/cyclonedx/gradle/CycloneDxPlugin> (0x00000000ead05980) 
thrown [s\open\src\hotspot\share\oops\constantPool.cpp, line 873]
Event: 4029.456 Thread 0x000002a778acad70 Exception <a 'sun/nio/fs/WindowsException'{0x00000000ef723130}> (0x00000000ef723130) 
thrown [s\open\src\hotspot\share\prims\jni.cpp, line 520]
Event: 4029.457 Thread 0x000002a778acad70 Exception <a 'sun/nio/fs/WindowsException'{0x00000000ef724508}> (0x00000000ef724508) 
thrown [s\open\src\hotspot\share\prims\jni.cpp, line 520]
Event: 4029.457 Thread 0x000002a778acad70 Exception <a 'sun/nio/fs/WindowsException'{0x00000000ef7258d8}> (0x00000000ef7258d8) 
thrown [s\open\src\hotspot\share\prims\jni.cpp, line 520]
Event: 4029.458 Thread 0x000002a778acad70 Exception <a 'sun/nio/fs/WindowsException'{0x00000000ef726c98}> (0x00000000ef726c98) 
thrown [s\open\src\hotspot\share\prims\jni.cpp, line 520]
Event: 4029.503 Thread 0x000002a778acad70 Exception <a 'java/lang/NoClassDefFoundError'{0x00000000ef20a418}: org/jetbrains/kotlin/gradle/plugin/KotlinPluginWrapper> (0x00000000ef20a418) 
thrown [s\open\src\hotspot\share\oops\constantPool.cpp, line 873]
Event: 4029.503 Thread 0x000002a778acad70 Exception <a 'java/lang/NoClassDefFoundError'{0x00000000ef20c570}: org/graalvm/buildtools/gradle/NativeImagePlugin> (0x00000000ef20c570) 
thrown [s\open\src\hotspot\share\oops\constantPool.cpp, line 873]
Event: 4029.503 Thread 0x000002a778acad70 Exception <a 'java/lang/NoClassDefFoundError'{0x00000000ef20e6b8}: org/cyclonedx/gradle/CycloneDxPlugin> (0x00000000ef20e6b8) 
thrown [s\open\src\hotspot\share\oops\constantPool.cpp, line 873]
Event: 4404.961 Thread 0x000002a775cde720 Exception <a 'sun/nio/fs/WindowsException'{0x00000000e8b809a0}> (0x00000000e8b809a0) 
thrown [s\open\src\hotspot\share\prims\jni.cpp, line 520]
Event: 4404.962 Thread 0x000002a775cde720 Exception <a 'sun/nio/fs/WindowsException'{0x00000000e8b81d78}> (0x00000000e8b81d78) 
thrown [s\open\src\hotspot\share\prims\jni.cpp, line 520]
Event: 4404.962 Thread 0x000002a775cde720 Exception <a 'sun/nio/fs/WindowsException'{0x00000000e8b83148}> (0x00000000e8b83148) 
thrown [s\open\src\hotspot\share\prims\jni.cpp, line 520]
Event: 4404.962 Thread 0x000002a775cde720 Exception <a 'sun/nio/fs/WindowsException'{0x00000000e8b84508}> (0x00000000e8b84508) 
thrown [s\open\src\hotspot\share\prims\jni.cpp, line 520]
Event: 4405.229 Thread 0x000002a775cde720 Exception <a 'java/lang/NoClassDefFoundError'{0x00000000e86679c0}: org/jetbrains/kotlin/gradle/plugin/KotlinPluginWrapper> (0x00000000e86679c0) 
thrown [s\open\src\hotspot\share\oops\constantPool.cpp, line 873]
Event: 4405.229 Thread 0x000002a775cde720 Exception <a 'java/lang/NoClassDefFoundError'{0x00000000e8669b18}: org/graalvm/buildtools/gradle/NativeImagePlugin> (0x00000000e8669b18) 
thrown [s\open\src\hotspot\share\oops\constantPool.cpp, line 873]
Event: 4405.229 Thread 0x000002a775cde720 Exception <a 'java/lang/NoClassDefFoundError'{0x00000000e866bc60}: org/cyclonedx/gradle/CycloneDxPlugin> (0x00000000e866bc60) 
thrown [s\open\src\hotspot\share\oops\constantPool.cpp, line 873]

ZGC Phase Switch (0 events):
No events

VM Operations (20 events):
Event: 4018.022 Executing VM operation: Cleanup
Event: 4018.022 Executing VM operation: Cleanup done
Event: 4018.739 Executing VM operation: G1CollectForAllocation (G1 Evacuation Pause)
Event: 4018.748 Executing VM operation: G1CollectForAllocation (G1 Evacuation Pause) done
Event: 4028.213 Executing VM operation: HandshakeAllThreads (HandshakeForDeflation)
Event: 4028.213 Executing VM operation: HandshakeAllThreads (HandshakeForDeflation) done
Event: 4028.213 Executing VM operation: RendezvousGCThreads
Event: 4028.213 Executing VM operation: RendezvousGCThreads done
Event: 4030.240 Executing VM operation: Cleanup
Event: 4030.240 Executing VM operation: Cleanup done
Event: 4088.374 Executing VM operation: HandshakeAllThreads (HandshakeForDeflation)
Event: 4088.374 Executing VM operation: HandshakeAllThreads (HandshakeForDeflation) done
Event: 4088.374 Executing VM operation: RendezvousGCThreads
Event: 4088.374 Executing VM operation: RendezvousGCThreads done
Event: 4112.518 Executing VM operation: Cleanup
Event: 4112.518 Executing VM operation: Cleanup done
Event: 4142.717 Executing VM operation: Cleanup
Event: 4142.717 Executing VM operation: Cleanup done
Event: 4405.421 Executing VM operation: G1CollectForAllocation (G1 Evacuation Pause)
Event: 4405.430 Executing VM operation: G1CollectForAllocation (G1 Evacuation Pause) done

Events (20 events):
Event: 4405.314 Thread 0x000002a777c265c0 Thread added: 0x000002a777c265c0
Event: 4405.317 Thread 0x000002a777c272e0 Thread added: 0x000002a777c272e0
Event: 4405.322 Thread 0x000002a777c293b0 Thread added: 0x000002a777c293b0
Event: 4405.325 Thread 0x000002a777c2c830 Thread added: 0x000002a777c2c830
Event: 4405.328 Thread 0x000002a777c2cec0 Thread added: 0x000002a777c2cec0
Event: 4405.331 Thread 0x000002a777c2dbe0 Thread added: 0x000002a777c2dbe0
Event: 4405.334 Thread 0x000002a777c26c50 Thread added: 0x000002a777c26c50
Event: 4405.337 Thread 0x000002a777c27970 Thread added: 0x000002a777c27970
Event: 4405.341 Thread 0x000002a777c28690 Thread added: 0x000002a777c28690
Event: 4405.344 Thread 0x000002a777c29a40 Thread added: 0x000002a777c29a40
Event: 4405.347 Thread 0x000002a777c2a760 Thread added: 0x000002a777c2a760
Event: 4405.351 Thread 0x000002a777c2adf0 Thread added: 0x000002a777c2adf0
Event: 4405.356 Thread 0x000002a777c2b480 Thread added: 0x000002a777c2b480
Event: 4405.359 Thread 0x000002a778acba90 Thread added: 0x000002a778acba90
Event: 4405.362 Thread 0x000002a778ac6540 Thread added: 0x000002a778ac6540
Event: 4405.365 Thread 0x000002a778ac7260 Thread added: 0x000002a778ac7260
Event: 4405.368 Thread 0x000002a778acad70 Thread added: 0x000002a778acad70
Event: 4405.371 Thread 0x000002a778ac78f0 Thread added: 0x000002a778ac78f0
Event: 4405.375 Thread 0x000002a778aca050 Thread added: 0x000002a778aca050
Event: 4405.378 Thread 0x000002a778acb400 Thread added: 0x000002a778acb400


Dynamic libraries:
0x00007ff6a6c30000 - 0x00007ff6a6c40000 	C:\Program Files\Java\jdk-21.0.3\bin\java.exe
0x00007ffc81e70000 - 0x00007ffc82068000 	C:\Windows\SYSTEM32\ntdll.dll
0x00007ffc819a0000 - 0x00007ffc81a5d000 	C:\Windows\System32\KERNEL32.DLL
0x00007ffc7f740000 - 0x00007ffc7fa36000 	C:\Windows\System32\KERNELBASE.dll
0x00007ffc7fc20000 - 0x00007ffc7fd20000 	C:\Windows\System32\ucrtbase.dll
0x00007ffc6e280000 - 0x00007ffc6e299000 	C:\Program Files\Java\jdk-21.0.3\bin\jli.dll
0x00007ffc815c0000 - 0x00007ffc81670000 	C:\Windows\System32\ADVAPI32.dll
0x00007ffc81750000 - 0x00007ffc817ee000 	C:\Windows\System32\msvcrt.dll
0x00007ffc81a60000 - 0x00007ffc81b00000 	C:\Windows\System32\sechost.dll
0x00007ffc81b00000 - 0x00007ffc81c23000 	C:\Windows\System32\RPCRT4.dll
0x00007ffc7fe80000 - 0x00007ffc7fea7000 	C:\Windows\System32\bcrypt.dll
0x00007ffc81c30000 - 0x00007ffc81dcf000 	C:\Windows\System32\USER32.dll
0x00007ffc7f530000 - 0x00007ffc7f552000 	C:\Windows\System32\win32u.dll
0x00007ffc80610000 - 0x00007ffc8063b000 	C:\Windows\System32\GDI32.dll
0x00007ffc7fa40000 - 0x00007ffc7fb57000 	C:\Windows\System32\gdi32full.dll
0x00007ffc7f6a0000 - 0x00007ffc7f73d000 	C:\Windows\System32\msvcp_win.dll
0x00007ffc7cbb0000 - 0x00007ffc7cbcb000 	C:\Program Files\Java\jdk-21.0.3\bin\VCRUNTIME140.dll
0x00007ffc5dce0000 - 0x00007ffc5df7a000 	C:\Windows\WinSxS\amd64_microsoft.windows.common-controls_6595b64144ccf1df_6.0.19041.4355_none_60b8b9eb71f62e16\COMCTL32.dll
0x00007ffc75c90000 - 0x00007ffc75c9a000 	C:\Windows\SYSTEM32\VERSION.dll
0x00007ffc81450000 - 0x00007ffc8147f000 	C:\Windows\System32\IMM32.DLL
0x00007ffc7cbe0000 - 0x00007ffc7cbec000 	C:\Program Files\Java\jdk-21.0.3\bin\vcruntime140_1.dll
0x00007ffc648d0000 - 0x00007ffc6495e000 	C:\Program Files\Java\jdk-21.0.3\bin\msvcp140.dll
0x00007ffc48950000 - 0x00007ffc4965d000 	C:\Program Files\Java\jdk-21.0.3\bin\server\jvm.dll
0x00007ffc80470000 - 0x00007ffc804db000 	C:\Windows\System32\WS2_32.dll
0x00007ffc7f380000 - 0x00007ffc7f3cb000 	C:\Windows\SYSTEM32\POWRPROF.dll
0x00007ffc62a70000 - 0x00007ffc62a97000 	C:\Windows\SYSTEM32\WINMM.dll
0x00007ffc7f360000 - 0x00007ffc7f372000 	C:\Windows\SYSTEM32\UMPDC.dll
0x00007ffc7d2f0000 - 0x00007ffc7d302000 	C:\Windows\SYSTEM32\kernel.appcore.dll
0x00007ffc78b60000 - 0x00007ffc78b6a000 	C:\Program Files\Java\jdk-21.0.3\bin\jimage.dll
0x00007ffc6fc00000 - 0x00007ffc6fde4000 	C:\Windows\SYSTEM32\DBGHELP.DLL
0x00007ffc6f6f0000 - 0x00007ffc6f724000 	C:\Windows\SYSTEM32\dbgcore.DLL
0x00007ffc7f610000 - 0x00007ffc7f692000 	C:\Windows\System32\bcryptPrimitives.dll
0x00007ffc77c60000 - 0x00007ffc77c6f000 	C:\Program Files\Java\jdk-21.0.3\bin\instrument.dll
0x00007ffc65d10000 - 0x00007ffc65d2f000 	C:\Program Files\Java\jdk-21.0.3\bin\java.dll
0x00007ffc80770000 - 0x00007ffc80edc000 	C:\Windows\System32\SHELL32.dll
0x00007ffc7d5d0000 - 0x00007ffc7dd6d000 	C:\Windows\SYSTEM32\windows.storage.dll
0x00007ffc7feb0000 - 0x00007ffc80203000 	C:\Windows\System32\combase.dll
0x00007ffc7ee80000 - 0x00007ffc7eeae000 	C:\Windows\SYSTEM32\Wldp.dll
0x00007ffc814f0000 - 0x00007ffc815bd000 	C:\Windows\System32\OLEAUT32.dll
0x00007ffc804e0000 - 0x00007ffc8058d000 	C:\Windows\System32\SHCORE.dll
0x00007ffc81dd0000 - 0x00007ffc81e25000 	C:\Windows\System32\shlwapi.dll
0x00007ffc7f460000 - 0x00007ffc7f484000 	C:\Windows\SYSTEM32\profapi.dll
0x00007ffc54340000 - 0x00007ffc54417000 	C:\Program Files\Java\jdk-21.0.3\bin\jsvml.dll
0x00007ffc65cf0000 - 0x00007ffc65d08000 	C:\Program Files\Java\jdk-21.0.3\bin\zip.dll
0x00007ffc65f40000 - 0x00007ffc65f50000 	C:\Program Files\Java\jdk-21.0.3\bin\net.dll
0x00007ffc79ba0000 - 0x00007ffc79caa000 	C:\Windows\SYSTEM32\WINHTTP.dll
0x00007ffc7ebe0000 - 0x00007ffc7ec4a000 	C:\Windows\system32\mswsock.dll
0x00007ffc65cd0000 - 0x00007ffc65ce6000 	C:\Program Files\Java\jdk-21.0.3\bin\nio.dll
0x00007ffc65dc0000 - 0x00007ffc65dd0000 	C:\Program Files\Java\jdk-21.0.3\bin\verify.dll
0x00007ffc67010000 - 0x00007ffc67037000 	C:\Users\user\.gradle\native\c067742578af261105cb4f569cf0c3c89f3d7b1fecec35dd04571415982c5e48\windows-amd64\native-platform.dll
0x00007ffc541f0000 - 0x00007ffc54334000 	C:\Users\user\.gradle\native\100fb08df4bc3b14c8652ba06237920a3bd2aa13389f12d3474272988ae205f9\windows-amd64\native-platform-file-events.dll
0x00007ffc65cc0000 - 0x00007ffc65cca000 	C:\Program Files\Java\jdk-21.0.3\bin\management.dll
0x00007ffc65b90000 - 0x00007ffc65b9b000 	C:\Program Files\Java\jdk-21.0.3\bin\management_ext.dll
0x00007ffc81440000 - 0x00007ffc81448000 	C:\Windows\System32\PSAPI.DLL
0x00007ffc7edd0000 - 0x00007ffc7ede8000 	C:\Windows\SYSTEM32\CRYPTSP.dll
0x00007ffc7e500000 - 0x00007ffc7e534000 	C:\Windows\system32\rsaenh.dll
0x00007ffc7f410000 - 0x00007ffc7f43e000 	C:\Windows\SYSTEM32\USERENV.dll
0x00007ffc7edf0000 - 0x00007ffc7edfc000 	C:\Windows\SYSTEM32\CRYPTBASE.dll
0x00007ffc7e8c0000 - 0x00007ffc7e8fb000 	C:\Windows\SYSTEM32\IPHLPAPI.DLL
0x00007ffc814e0000 - 0x00007ffc814e8000 	C:\Windows\System32\NSI.dll
0x00007ffc65b80000 - 0x00007ffc65b89000 	C:\Program Files\Java\jdk-21.0.3\bin\extnet.dll
0x00007ffc65b70000 - 0x00007ffc65b7e000 	C:\Program Files\Java\jdk-21.0.3\bin\sunmscapi.dll
0x00007ffc7fd20000 - 0x00007ffc7fe7e000 	C:\Windows\System32\CRYPT32.dll
0x00007ffc7eef0000 - 0x00007ffc7ef19000 	C:\Windows\SYSTEM32\ncrypt.dll
0x00007ffc7eeb0000 - 0x00007ffc7eeeb000 	C:\Windows\SYSTEM32\NTASN1.dll
0x00007ffc7a830000 - 0x00007ffc7a837000 	C:\Windows\system32\wshunix.dll

dbghelp: loaded successfully - version: 4.0.5 - missing functions: none
symbol engine: initialized successfully - sym options: 0x614 - pdb path: .;C:\Program Files\Java\jdk-21.0.3\bin;C:\Windows\SYSTEM32;C:\Windows\WinSxS\amd64_microsoft.windows.common-controls_6595b64144ccf1df_6.0.19041.4355_none_60b8b9eb71f62e16;C:\Program Files\Java\jdk-21.0.3\bin\server;C:\Users\user\.gradle\native\c067742578af261105cb4f569cf0c3c89f3d7b1fecec35dd04571415982c5e48\windows-amd64;C:\Users\user\.gradle\native\100fb08df4bc3b14c8652ba06237920a3bd2aa13389f12d3474272988ae205f9\windows-amd64

VM Arguments:
jvm_args: --add-opens=java.base/java.util=ALL-UNNAMED --add-opens=java.base/java.lang=ALL-UNNAMED --add-opens=java.base/java.lang.invoke=ALL-UNNAMED --add-opens=java.prefs/java.util.prefs=ALL-UNNAMED --add-opens=java.base/java.nio.charset=ALL-UNNAMED --add-opens=java.base/java.net=ALL-UNNAMED --add-opens=java.base/java.util.concurrent.atomic=ALL-UNNAMED -XX:MaxMetaspaceSize=384m -XX:+HeapDumpOnOutOfMemoryError -Xms256m -Xmx512m -Dfile.encoding=x-windows-949 -Duser.country=KR -Duser.language=ko -Duser.variant -javaagent:C:\Users\user\.gradle\wrapper\dists\gradle-8.8-bin\dl7vupf4psengwqhwktix4v1\gradle-8.8\lib\agents\gradle-instrumentation-agent-8.8.jar 
java_command: org.gradle.launcher.daemon.bootstrap.GradleDaemon 8.8
java_class_path (initial): C:\Users\user\.gradle\wrapper\dists\gradle-8.8-bin\dl7vupf4psengwqhwktix4v1\gradle-8.8\lib\gradle-launcher-8.8.jar
Launcher Type: SUN_STANDARD

[Global flags]
     intx CICompilerCount                          = 3                                         {product} {ergonomic}
   size_t CompressedClassSpaceSize                 = 335544320                                 {product} {ergonomic}
     uint ConcGCThreads                            = 1                                         {product} {ergonomic}
     uint G1ConcRefinementThreads                  = 4                                         {product} {ergonomic}
   size_t G1HeapRegionSize                         = 1048576                                   {product} {ergonomic}
    uintx GCDrainStackTargetSize                   = 64                                        {product} {ergonomic}
     bool HeapDumpOnOutOfMemoryError               = true                                   {manageable} {command line}
   size_t InitialHeapSize                          = 268435456                                 {product} {command line}
   size_t MarkStackSize                            = 4194304                                   {product} {ergonomic}
   size_t MaxHeapSize                              = 536870912                                 {product} {command line}
   size_t MaxMetaspaceSize                         = 402653184                                 {product} {command line}
   size_t MaxNewSize                               = 321912832                                 {product} {ergonomic}
   size_t MinHeapDeltaBytes                        = 1048576                                   {product} {ergonomic}
   size_t MinHeapSize                              = 268435456                                 {product} {command line}
    uintx NonNMethodCodeHeapSize                   = 5832780                                {pd product} {ergonomic}
    uintx NonProfiledCodeHeapSize                  = 122912730                              {pd product} {ergonomic}
    uintx ProfiledCodeHeapSize                     = 122912730                              {pd product} {ergonomic}
    uintx ReservedCodeCacheSize                    = 251658240                              {pd product} {ergonomic}
     bool SegmentedCodeCache                       = true                                      {product} {ergonomic}
   size_t SoftMaxHeapSize                          = 536870912                              {manageable} {ergonomic}
     bool UseCompressedOops                        = true                           {product lp64_product} {ergonomic}
     bool UseG1GC                                  = true                                      {product} {ergonomic}
     bool UseLargePagesIndividualAllocation        = false                                  {pd product} {ergonomic}

Logging:
Log output configuration:
 #0: stdout all=warning uptime,level,tags foldmultilines=false
 #1: stderr all=off uptime,level,tags foldmultilines=false

Environment Variables:
JAVA_HOME=C:\Program Files\Java\jdk-21.0.3
PATH=C:\Program Files\Java\jdk-21.0.3\bin;C:\Users\user\AppData\Local\Programs\Python\Python312\Scripts;C:\app\user\product\21c\dbhomeXE\bin;C:\Windows\system32;C:\Windows;C:\Windows\System32\Wbem;C:\Windows\System32\WindowsPowerShell\v1.0\;C:\Windows\System32\OpenSSH\;C:\Program Files\Bandizip\;C:\Program Files\Git\cmd;D:\ReactWorkSpace\;C:\ProgramData\chocolatey\bin;C:\Program Files\MySQL\MySQL Shell 8.0\bin\;C:\Users\user\AppData\Local\Microsoft\WindowsApps;;C:\Users\user\AppData\Local\JetBrains\IntelliJ IDEA Community Edition 2023.3.4\bin;;C:\Users\user\AppData\Local\Programs\Microsoft VS Code\bin;C:\Program Files\JetBrains\IntelliJ IDEA 2024.1.2\bin;;C:\Users\user\AppData\Roaming\npm;C:\Users\user\AppData\Local\Microsoft\WinGet\Packages\Schniz.fnm_Microsoft.Winget.Source_8wekyb3d8bbwe;
USERNAME=user
OS=Windows_NT
PROCESSOR_IDENTIFIER=Intel64 Family 6 Model 60 Stepping 3, GenuineIntel
TMP=C:\Users\user\AppData\Local\Temp
TEMP=C:\Windows\TEMP




Periodic native trim disabled

---------------  S Y S T E M  ---------------

OS:
 Windows 10 , 64 bit Build 19041 (10.0.19041.3636)
OS uptime: 0 days 6:06 hours

CPU: total 4 (initial active 4) (4 cores per cpu, 1 threads per core) family 6 model 60 stepping 3 microcode 0x27, cx8, cmov, fxsr, mmx, sse, sse2, sse3, ssse3, sse4.1, sse4.2, popcnt, lzcnt, tsc, tscinvbit, avx, avx2, aes, erms, clmul, bmi1, bmi2, fma, vzeroupper, clflush, rdtscp, f16c
Processor Information for all 4 processors :
  Max Mhz: 3201, Current Mhz: 3201, Mhz Limit: 3201

Memory: 4k page, system-wide physical 8111M (644M free)
TotalPageFile size 22352M (AvailPageFile size 0M)
current process WorkingSet (physical memory assigned to process): 337M, peak: 449M
current process commit charge ("private bytes"): 540M, peak: 547M

vm_info: Java HotSpot(TM) 64-Bit Server VM (21.0.3+7-LTS-152) for windows-amd64 JRE (21.0.3+7-LTS-152), built on 2024-03-11T17:42:26Z by "mach5one" with MS VC++ 17.6 (VS2022)

END.
