#
# There is insufficient memory for the Java Runtime Environment to continue.
# Native memory allocation (malloc) failed to allocate 1603536 bytes for Chunk::new
# Possible reasons:
#   The system is out of physical RAM or swap space
#   The process is running with CompressedOops enabled, and the Java Heap may be blocking the growth of the native heap
# Possible solutions:
#   Reduce memory load on the system
#   Increase physical memory or swap space
#   Check if swap backing store is full
#   Decrease Java heap size (-Xmx/-Xms)
#   Decrease number of Java threads
#   Decrease Java thread stack sizes (-Xss)
#   Set larger code cache with -XX:ReservedCodeCacheSize=
#   JVM is running with Unscaled Compressed Oops mode in which the Java heap is
#     placed in the first 4GB address space. The Java Heap base address is the
#     maximum limit for the native heap growth. Please use -XX:HeapBaseMinAddress
#     to set the Java Heap base and to place the Java Heap above 4GB virtual address.
# This output file may be truncated or incomplete.
#
#  Out of Memory Error (arena.cpp:168), pid=19276, tid=15756
#
# JRE version: Java(TM) SE Runtime Environment (21.0.3+7) (build 21.0.3+7-LTS-152)
# Java VM: Java HotSpot(TM) 64-Bit Server VM (21.0.3+7-LTS-152, mixed mode, sharing, tiered, compressed oops, compressed class ptrs, g1 gc, windows-amd64)
# No core dump will be written. Minidumps are not enabled by default on client versions of Windows
#

---------------  S U M M A R Y ------------

Command Line: --add-opens=java.base/java.util=ALL-UNNAMED --add-opens=java.base/java.lang=ALL-UNNAMED --add-opens=java.base/java.lang.invoke=ALL-UNNAMED --add-opens=java.prefs/java.util.prefs=ALL-UNNAMED --add-opens=java.base/java.nio.charset=ALL-UNNAMED --add-opens=java.base/java.net=ALL-UNNAMED --add-opens=java.base/java.util.concurrent.atomic=ALL-UNNAMED -XX:MaxMetaspaceSize=384m -XX:+HeapDumpOnOutOfMemoryError -Xms256m -Xmx512m -Dfile.encoding=x-windows-949 -Duser.country=KR -Duser.language=ko -Duser.variant -javaagent:C:\Users\user\.gradle\wrapper\dists\gradle-8.8-bin\dl7vupf4psengwqhwktix4v1\gradle-8.8\lib\agents\gradle-instrumentation-agent-8.8.jar org.gradle.launcher.daemon.bootstrap.GradleDaemon 8.8

Host: Intel(R) Core(TM) i5-4570 CPU @ 3.20GHz, 4 cores, 7G,  Windows 10 , 64 bit Build 19041 (10.0.19041.3636)
Time: Tue Jun 18 15:37:18 2024  Windows 10 , 64 bit Build 19041 (10.0.19041.3636) elapsed time: 5.056880 seconds (0d 0h 0m 5s)

---------------  T H R E A D  ---------------

Current thread (0x00000254846e8040):  JavaThread "C2 CompilerThread1" daemon [_thread_in_native, id=15756, stack(0x0000009735e00000,0x0000009735f00000) (1024K)]


Current CompileTask:
C2:   5056 2692   !   4       java.net.URLClassLoader::findClass (47 bytes)

Stack: [0x0000009735e00000,0x0000009735f00000]
Native frames: (J=compiled Java code, j=interpreted, Vv=VM code, C=native code)
V  [jvm.dll+0x6c63b9]
V  [jvm.dll+0x84fa11]
V  [jvm.dll+0x851f3e]
V  [jvm.dll+0x852613]
V  [jvm.dll+0x27cd46]
V  [jvm.dll+0xc4aad]
V  [jvm.dll+0xc4fe3]
V  [jvm.dll+0x3b1d22]
V  [jvm.dll+0x1df2d9]
V  [jvm.dll+0x245c92]
V  [jvm.dll+0x24511f]
V  [jvm.dll+0x1c689e]
V  [jvm.dll+0x254609]
V  [jvm.dll+0x252b9a]
V  [jvm.dll+0x3eb056]
V  [jvm.dll+0x7f9ffb]
V  [jvm.dll+0x6c4a9d]
C  [ucrtbase.dll+0x21bb2]
C  [KERNEL32.DLL+0x17344]
C  [ntdll.dll+0x4cc91]


---------------  P R O C E S S  ---------------

Threads class SMR info:
_java_thread_list=0x00000254ff712f50, length=25, elements={
0x00000254cc1aee30, 0x00000254e874abb0, 0x00000254e874bc80, 0x00000254e874e9e0,
0x00000254e874fa70, 0x00000254e8751e30, 0x00000254e8753030, 0x00000254e8758c20,
0x00000254e875de80, 0x00000254e8716d80, 0x00000254e8963220, 0x00000254ff555110,
0x0000025484083790, 0x0000025484133ef0, 0x000002548406ff80, 0x00000254ff78c180,
0x00000254ff7855e0, 0x00000254ff7815f0, 0x00000254ff75dd30, 0x00000254ff75c2f0,
0x00000254ff75c980, 0x00000254ff75d010, 0x00000254ff75a8b0, 0x00000254ff75d6a0,
0x00000254846e8040
}

Java Threads: ( => current thread )
  0x00000254cc1aee30 JavaThread "main"                              [_thread_blocked, id=11500, stack(0x0000009733c00000,0x0000009733d00000) (1024K)]
  0x00000254e874abb0 JavaThread "Reference Handler"          daemon [_thread_blocked, id=15160, stack(0x0000009734400000,0x0000009734500000) (1024K)]
  0x00000254e874bc80 JavaThread "Finalizer"                  daemon [_thread_blocked, id=14944, stack(0x0000009734500000,0x0000009734600000) (1024K)]
  0x00000254e874e9e0 JavaThread "Signal Dispatcher"          daemon [_thread_blocked, id=5860, stack(0x0000009734600000,0x0000009734700000) (1024K)]
  0x00000254e874fa70 JavaThread "Attach Listener"            daemon [_thread_blocked, id=18084, stack(0x0000009734700000,0x0000009734800000) (1024K)]
  0x00000254e8751e30 JavaThread "Service Thread"             daemon [_thread_blocked, id=12908, stack(0x0000009734800000,0x0000009734900000) (1024K)]
  0x00000254e8753030 JavaThread "Monitor Deflation Thread"   daemon [_thread_blocked, id=10508, stack(0x0000009734900000,0x0000009734a00000) (1024K)]
  0x00000254e8758c20 JavaThread "C2 CompilerThread0"         daemon [_thread_in_native, id=6352, stack(0x0000009734a00000,0x0000009734b00000) (1024K)]
  0x00000254e875de80 JavaThread "C1 CompilerThread0"         daemon [_thread_blocked, id=18924, stack(0x0000009734b00000,0x0000009734c00000) (1024K)]
  0x00000254e8716d80 JavaThread "Common-Cleaner"             daemon [_thread_blocked, id=9920, stack(0x0000009734c00000,0x0000009734d00000) (1024K)]
  0x00000254e8963220 JavaThread "Notification Thread"        daemon [_thread_blocked, id=12576, stack(0x0000009734d00000,0x0000009734e00000) (1024K)]
  0x00000254ff555110 JavaThread "Daemon health stats"               [_thread_blocked, id=5348, stack(0x0000009735100000,0x0000009735200000) (1024K)]
  0x0000025484083790 JavaThread "Incoming local TCP Connector on port 55543"        [_thread_in_native, id=16564, stack(0x0000009735200000,0x0000009735300000) (1024K)]
  0x0000025484133ef0 JavaThread "Daemon periodic checks"            [_thread_blocked, id=13604, stack(0x0000009735300000,0x0000009735400000) (1024K)]
  0x000002548406ff80 JavaThread "Daemon"                            [_thread_blocked, id=7352, stack(0x0000009735400000,0x0000009735500000) (1024K)]
  0x00000254ff78c180 JavaThread "Handler for socket connection from /127.0.0.1:55543 to /127.0.0.1:55545"        [_thread_in_native, id=18900, stack(0x0000009735500000,0x0000009735600000) (1024K)]
  0x00000254ff7855e0 JavaThread "Cancel handler"                    [_thread_blocked, id=14404, stack(0x0000009735600000,0x0000009735700000) (1024K)]
  0x00000254ff7815f0 JavaThread "Daemon worker"                     [_thread_in_vm, id=16048, stack(0x0000009735700000,0x0000009735800000) (1024K)]
  0x00000254ff75dd30 JavaThread "Asynchronous log dispatcher for DefaultDaemonConnection: socket connection from /127.0.0.1:55543 to /127.0.0.1:55545"        [_thread_blocked, id=3736, stack(0x0000009735800000,0x0000009735900000) (1024K)]
  0x00000254ff75c2f0 JavaThread "Stdin handler"                     [_thread_blocked, id=15276, stack(0x0000009735900000,0x0000009735a00000) (1024K)]
  0x00000254ff75c980 JavaThread "Daemon client event forwarder"        [_thread_blocked, id=9016, stack(0x0000009735a00000,0x0000009735b00000) (1024K)]
  0x00000254ff75d010 JavaThread "Cache worker for journal cache (C:\Users\user\.gradle\caches\journal-1)"        [_thread_blocked, id=18968, stack(0x0000009735b00000,0x0000009735c00000) (1024K)]
  0x00000254ff75a8b0 JavaThread "File lock request listener"        [_thread_in_native, id=14448, stack(0x0000009735c00000,0x0000009735d00000) (1024K)]
  0x00000254ff75d6a0 JavaThread "Cache worker for file hash cache (C:\Users\user\.gradle\caches\8.8\fileHashes)"        [_thread_blocked, id=13488, stack(0x0000009735d00000,0x0000009735e00000) (1024K)]
=>0x00000254846e8040 JavaThread "C2 CompilerThread1"         daemon [_thread_in_native, id=15756, stack(0x0000009735e00000,0x0000009735f00000) (1024K)]
Total: 25

Other Threads:
  0x00000254cc19f430 VMThread "VM Thread"                           [id=11692, stack(0x0000009734300000,0x0000009734400000) (1024K)]
  0x00000254e8716110 WatcherThread "VM Periodic Task Thread"        [id=1692, stack(0x0000009734200000,0x0000009734300000) (1024K)]
  0x00000254cc19f090 WorkerThread "GC Thread#0"                     [id=4768, stack(0x0000009733d00000,0x0000009733e00000) (1024K)]
  0x00000254cc19f7d0 WorkerThread "GC Thread#1"                     [id=8516, stack(0x0000009734e00000,0x0000009734f00000) (1024K)]
  0x00000254cc19fb70 WorkerThread "GC Thread#2"                     [id=18556, stack(0x0000009734f00000,0x0000009735000000) (1024K)]
  0x00000254cc19ff10 WorkerThread "GC Thread#3"                     [id=8644, stack(0x0000009735000000,0x0000009735100000) (1024K)]
  0x00000254ce3fc160 ConcurrentGCThread "G1 Main Marker"            [id=1896, stack(0x0000009733e00000,0x0000009733f00000) (1024K)]
  0x00000254cc19e5b0 WorkerThread "G1 Conc#0"                       [id=17044, stack(0x0000009733f00000,0x0000009734000000) (1024K)]
  0x00000254ce49d680 ConcurrentGCThread "G1 Refine#0"               [id=8724, stack(0x0000009734000000,0x0000009734100000) (1024K)]
  0x00000254ce49e3a0 ConcurrentGCThread "G1 Service"                [id=18252, stack(0x0000009734100000,0x0000009734200000) (1024K)]
Total: 10

Threads with active compile tasks:
C2 CompilerThread0     5090 2814       4       java.lang.invoke.MethodType::makeImpl (109 bytes)
C2 CompilerThread1     5090 2692   !   4       java.net.URLClassLoader::findClass (47 bytes)
Total: 2

VM state: not at safepoint (normal execution)

VM Mutex/Monitor currently owned by a thread: None

Heap address: 0x00000000e0000000, size: 512 MB, Compressed Oops mode: 32-bit

CDS archive(s) mapped at: [0x00000254e9000000-0x00000254e9c90000-0x00000254e9c90000), size 13172736, SharedBaseAddress: 0x00000254e9000000, ArchiveRelocationMode: 1.
Compressed class space mapped at: 0x00000254ea000000-0x00000254fe000000, reserved size: 335544320
Narrow klass base: 0x00000254e9000000, Narrow klass shift: 0, Narrow klass range: 0x100000000

GC Precious Log:
 CardTable entry size: 512
 Card Set container configuration: InlinePtr #cards 5 size 8 Array Of Cards #cards 12 size 40 Howl #buckets 4 coarsen threshold 1843 Howl Bitmap #cards 512 size 80 coarsen threshold 460 Card regions per heap region 1 cards per card region 2048
 CPUs: 4 total, 4 available
 Memory: 8111M
 Large Page Support: Disabled
 NUMA Support: Disabled
 Compressed Oops: Enabled (32-bit)
 Heap Region Size: 1M
 Heap Min Capacity: 256M
 Heap Initial Capacity: 256M
 Heap Max Capacity: 512M
 Pre-touch: Disabled
 Parallel Workers: 4
 Concurrent Workers: 1
 Concurrent Refinement Workers: 4
 Periodic GC: Disabled

Heap:
 garbage-first heap   total 262144K, used 138104K [0x00000000e0000000, 0x0000000100000000)
  region size 1024K, 127 young (130048K), 3 survivors (3072K)
 Metaspace       used 19798K, committed 20416K, reserved 393216K
  class space    used 2841K, committed 3072K, reserved 327680K

Heap Regions: E=young(eden), S=young(survivor), O=old, HS=humongous(starts), HC=humongous(continues), CS=collection set, F=free, TAMS=top-at-mark-start, PB=parsable bottom
|   0|0x00000000e0000000, 0x00000000e0100000, 0x00000000e0100000|100%|HS|  |TAMS 0x00000000e0000000| PB 0x00000000e0000000| Complete 
|   1|0x00000000e0100000, 0x00000000e0200000, 0x00000000e0200000|100%|HC|  |TAMS 0x00000000e0100000| PB 0x00000000e0100000| Complete 
|   2|0x00000000e0200000, 0x00000000e0300000, 0x00000000e0300000|100%|HC|  |TAMS 0x00000000e0200000| PB 0x00000000e0200000| Complete 
|   3|0x00000000e0300000, 0x00000000e0400000, 0x00000000e0400000|100%|HC|  |TAMS 0x00000000e0300000| PB 0x00000000e0300000| Complete 
|   4|0x00000000e0400000, 0x00000000e0500000, 0x00000000e0500000|100%| O|  |TAMS 0x00000000e0400000| PB 0x00000000e0400000| Untracked 
|   5|0x00000000e0500000, 0x00000000e0600000, 0x00000000e0600000|100%| O|  |TAMS 0x00000000e0500000| PB 0x00000000e0500000| Untracked 
|   6|0x00000000e0600000, 0x00000000e0700000, 0x00000000e0700000|100%| O|  |TAMS 0x00000000e0600000| PB 0x00000000e0600000| Untracked 
|   7|0x00000000e0700000, 0x00000000e07de0b0, 0x00000000e0800000| 86%| O|  |TAMS 0x00000000e0700000| PB 0x00000000e0700000| Untracked 
|   8|0x00000000e0800000, 0x00000000e0900000, 0x00000000e0900000|100%|HS|  |TAMS 0x00000000e0800000| PB 0x00000000e0800000| Complete 
|   9|0x00000000e0900000, 0x00000000e0a00000, 0x00000000e0a00000|100%|HS|  |TAMS 0x00000000e0900000| PB 0x00000000e0900000| Complete 
|  10|0x00000000e0a00000, 0x00000000e0a00000, 0x00000000e0b00000|  0%| F|  |TAMS 0x00000000e0a00000| PB 0x00000000e0a00000| Untracked 
|  11|0x00000000e0b00000, 0x00000000e0b00000, 0x00000000e0c00000|  0%| F|  |TAMS 0x00000000e0b00000| PB 0x00000000e0b00000| Untracked 
|  12|0x00000000e0c00000, 0x00000000e0c00000, 0x00000000e0d00000|  0%| F|  |TAMS 0x00000000e0c00000| PB 0x00000000e0c00000| Untracked 
|  13|0x00000000e0d00000, 0x00000000e0d00000, 0x00000000e0e00000|  0%| F|  |TAMS 0x00000000e0d00000| PB 0x00000000e0d00000| Untracked 
|  14|0x00000000e0e00000, 0x00000000e0e00000, 0x00000000e0f00000|  0%| F|  |TAMS 0x00000000e0e00000| PB 0x00000000e0e00000| Untracked 
|  15|0x00000000e0f00000, 0x00000000e0f00000, 0x00000000e1000000|  0%| F|  |TAMS 0x00000000e0f00000| PB 0x00000000e0f00000| Untracked 
|  16|0x00000000e1000000, 0x00000000e1000000, 0x00000000e1100000|  0%| F|  |TAMS 0x00000000e1000000| PB 0x00000000e1000000| Untracked 
|  17|0x00000000e1100000, 0x00000000e1100000, 0x00000000e1200000|  0%| F|  |TAMS 0x00000000e1100000| PB 0x00000000e1100000| Untracked 
|  18|0x00000000e1200000, 0x00000000e1200000, 0x00000000e1300000|  0%| F|  |TAMS 0x00000000e1200000| PB 0x00000000e1200000| Untracked 
|  19|0x00000000e1300000, 0x00000000e1300000, 0x00000000e1400000|  0%| F|  |TAMS 0x00000000e1300000| PB 0x00000000e1300000| Untracked 
|  20|0x00000000e1400000, 0x00000000e1400000, 0x00000000e1500000|  0%| F|  |TAMS 0x00000000e1400000| PB 0x00000000e1400000| Untracked 
|  21|0x00000000e1500000, 0x00000000e1500000, 0x00000000e1600000|  0%| F|  |TAMS 0x00000000e1500000| PB 0x00000000e1500000| Untracked 
|  22|0x00000000e1600000, 0x00000000e1600000, 0x00000000e1700000|  0%| F|  |TAMS 0x00000000e1600000| PB 0x00000000e1600000| Untracked 
|  23|0x00000000e1700000, 0x00000000e1700000, 0x00000000e1800000|  0%| F|  |TAMS 0x00000000e1700000| PB 0x00000000e1700000| Untracked 
|  24|0x00000000e1800000, 0x00000000e1800000, 0x00000000e1900000|  0%| F|  |TAMS 0x00000000e1800000| PB 0x00000000e1800000| Untracked 
|  25|0x00000000e1900000, 0x00000000e1900000, 0x00000000e1a00000|  0%| F|  |TAMS 0x00000000e1900000| PB 0x00000000e1900000| Untracked 
|  26|0x00000000e1a00000, 0x00000000e1a00000, 0x00000000e1b00000|  0%| F|  |TAMS 0x00000000e1a00000| PB 0x00000000e1a00000| Untracked 
|  27|0x00000000e1b00000, 0x00000000e1b00000, 0x00000000e1c00000|  0%| F|  |TAMS 0x00000000e1b00000| PB 0x00000000e1b00000| Untracked 
|  28|0x00000000e1c00000, 0x00000000e1c00000, 0x00000000e1d00000|  0%| F|  |TAMS 0x00000000e1c00000| PB 0x00000000e1c00000| Untracked 
|  29|0x00000000e1d00000, 0x00000000e1d00000, 0x00000000e1e00000|  0%| F|  |TAMS 0x00000000e1d00000| PB 0x00000000e1d00000| Untracked 
|  30|0x00000000e1e00000, 0x00000000e1e00000, 0x00000000e1f00000|  0%| F|  |TAMS 0x00000000e1e00000| PB 0x00000000e1e00000| Untracked 
|  31|0x00000000e1f00000, 0x00000000e1f00000, 0x00000000e2000000|  0%| F|  |TAMS 0x00000000e1f00000| PB 0x00000000e1f00000| Untracked 
|  32|0x00000000e2000000, 0x00000000e2000000, 0x00000000e2100000|  0%| F|  |TAMS 0x00000000e2000000| PB 0x00000000e2000000| Untracked 
|  33|0x00000000e2100000, 0x00000000e2100000, 0x00000000e2200000|  0%| F|  |TAMS 0x00000000e2100000| PB 0x00000000e2100000| Untracked 
|  34|0x00000000e2200000, 0x00000000e2200000, 0x00000000e2300000|  0%| F|  |TAMS 0x00000000e2200000| PB 0x00000000e2200000| Untracked 
|  35|0x00000000e2300000, 0x00000000e2300000, 0x00000000e2400000|  0%| F|  |TAMS 0x00000000e2300000| PB 0x00000000e2300000| Untracked 
|  36|0x00000000e2400000, 0x00000000e2400000, 0x00000000e2500000|  0%| F|  |TAMS 0x00000000e2400000| PB 0x00000000e2400000| Untracked 
|  37|0x00000000e2500000, 0x00000000e2500000, 0x00000000e2600000|  0%| F|  |TAMS 0x00000000e2500000| PB 0x00000000e2500000| Untracked 
|  38|0x00000000e2600000, 0x00000000e2600000, 0x00000000e2700000|  0%| F|  |TAMS 0x00000000e2600000| PB 0x00000000e2600000| Untracked 
|  39|0x00000000e2700000, 0x00000000e2700000, 0x00000000e2800000|  0%| F|  |TAMS 0x00000000e2700000| PB 0x00000000e2700000| Untracked 
|  40|0x00000000e2800000, 0x00000000e2800000, 0x00000000e2900000|  0%| F|  |TAMS 0x00000000e2800000| PB 0x00000000e2800000| Untracked 
|  41|0x00000000e2900000, 0x00000000e2900000, 0x00000000e2a00000|  0%| F|  |TAMS 0x00000000e2900000| PB 0x00000000e2900000| Untracked 
|  42|0x00000000e2a00000, 0x00000000e2a00000, 0x00000000e2b00000|  0%| F|  |TAMS 0x00000000e2a00000| PB 0x00000000e2a00000| Untracked 
|  43|0x00000000e2b00000, 0x00000000e2b00000, 0x00000000e2c00000|  0%| F|  |TAMS 0x00000000e2b00000| PB 0x00000000e2b00000| Untracked 
|  44|0x00000000e2c00000, 0x00000000e2c00000, 0x00000000e2d00000|  0%| F|  |TAMS 0x00000000e2c00000| PB 0x00000000e2c00000| Untracked 
|  45|0x00000000e2d00000, 0x00000000e2d00000, 0x00000000e2e00000|  0%| F|  |TAMS 0x00000000e2d00000| PB 0x00000000e2d00000| Untracked 
|  46|0x00000000e2e00000, 0x00000000e2e00000, 0x00000000e2f00000|  0%| F|  |TAMS 0x00000000e2e00000| PB 0x00000000e2e00000| Untracked 
|  47|0x00000000e2f00000, 0x00000000e2f00000, 0x00000000e3000000|  0%| F|  |TAMS 0x00000000e2f00000| PB 0x00000000e2f00000| Untracked 
|  48|0x00000000e3000000, 0x00000000e3000000, 0x00000000e3100000|  0%| F|  |TAMS 0x00000000e3000000| PB 0x00000000e3000000| Untracked 
|  49|0x00000000e3100000, 0x00000000e3100000, 0x00000000e3200000|  0%| F|  |TAMS 0x00000000e3100000| PB 0x00000000e3100000| Untracked 
|  50|0x00000000e3200000, 0x00000000e3200000, 0x00000000e3300000|  0%| F|  |TAMS 0x00000000e3200000| PB 0x00000000e3200000| Untracked 
|  51|0x00000000e3300000, 0x00000000e3300000, 0x00000000e3400000|  0%| F|  |TAMS 0x00000000e3300000| PB 0x00000000e3300000| Untracked 
|  52|0x00000000e3400000, 0x00000000e3400000, 0x00000000e3500000|  0%| F|  |TAMS 0x00000000e3400000| PB 0x00000000e3400000| Untracked 
|  53|0x00000000e3500000, 0x00000000e3500000, 0x00000000e3600000|  0%| F|  |TAMS 0x00000000e3500000| PB 0x00000000e3500000| Untracked 
|  54|0x00000000e3600000, 0x00000000e3600000, 0x00000000e3700000|  0%| F|  |TAMS 0x00000000e3600000| PB 0x00000000e3600000| Untracked 
|  55|0x00000000e3700000, 0x00000000e3700000, 0x00000000e3800000|  0%| F|  |TAMS 0x00000000e3700000| PB 0x00000000e3700000| Untracked 
|  56|0x00000000e3800000, 0x00000000e3800000, 0x00000000e3900000|  0%| F|  |TAMS 0x00000000e3800000| PB 0x00000000e3800000| Untracked 
|  57|0x00000000e3900000, 0x00000000e3900000, 0x00000000e3a00000|  0%| F|  |TAMS 0x00000000e3900000| PB 0x00000000e3900000| Untracked 
|  58|0x00000000e3a00000, 0x00000000e3a00000, 0x00000000e3b00000|  0%| F|  |TAMS 0x00000000e3a00000| PB 0x00000000e3a00000| Untracked 
|  59|0x00000000e3b00000, 0x00000000e3b00000, 0x00000000e3c00000|  0%| F|  |TAMS 0x00000000e3b00000| PB 0x00000000e3b00000| Untracked 
|  60|0x00000000e3c00000, 0x00000000e3c00000, 0x00000000e3d00000|  0%| F|  |TAMS 0x00000000e3c00000| PB 0x00000000e3c00000| Untracked 
|  61|0x00000000e3d00000, 0x00000000e3d00000, 0x00000000e3e00000|  0%| F|  |TAMS 0x00000000e3d00000| PB 0x00000000e3d00000| Untracked 
|  62|0x00000000e3e00000, 0x00000000e3e00000, 0x00000000e3f00000|  0%| F|  |TAMS 0x00000000e3e00000| PB 0x00000000e3e00000| Untracked 
|  63|0x00000000e3f00000, 0x00000000e3f00000, 0x00000000e4000000|  0%| F|  |TAMS 0x00000000e3f00000| PB 0x00000000e3f00000| Untracked 
|  64|0x00000000e4000000, 0x00000000e4000000, 0x00000000e4100000|  0%| F|  |TAMS 0x00000000e4000000| PB 0x00000000e4000000| Untracked 
|  65|0x00000000e4100000, 0x00000000e4100000, 0x00000000e4200000|  0%| F|  |TAMS 0x00000000e4100000| PB 0x00000000e4100000| Untracked 
|  66|0x00000000e4200000, 0x00000000e4200000, 0x00000000e4300000|  0%| F|  |TAMS 0x00000000e4200000| PB 0x00000000e4200000| Untracked 
|  67|0x00000000e4300000, 0x00000000e4300000, 0x00000000e4400000|  0%| F|  |TAMS 0x00000000e4300000| PB 0x00000000e4300000| Untracked 
|  68|0x00000000e4400000, 0x00000000e4400000, 0x00000000e4500000|  0%| F|  |TAMS 0x00000000e4400000| PB 0x00000000e4400000| Untracked 
|  69|0x00000000e4500000, 0x00000000e4500000, 0x00000000e4600000|  0%| F|  |TAMS 0x00000000e4500000| PB 0x00000000e4500000| Untracked 
|  70|0x00000000e4600000, 0x00000000e4600000, 0x00000000e4700000|  0%| F|  |TAMS 0x00000000e4600000| PB 0x00000000e4600000| Untracked 
|  71|0x00000000e4700000, 0x00000000e4700000, 0x00000000e4800000|  0%| F|  |TAMS 0x00000000e4700000| PB 0x00000000e4700000| Untracked 
|  72|0x00000000e4800000, 0x00000000e4800000, 0x00000000e4900000|  0%| F|  |TAMS 0x00000000e4800000| PB 0x00000000e4800000| Untracked 
|  73|0x00000000e4900000, 0x00000000e4900000, 0x00000000e4a00000|  0%| F|  |TAMS 0x00000000e4900000| PB 0x00000000e4900000| Untracked 
|  74|0x00000000e4a00000, 0x00000000e4a00000, 0x00000000e4b00000|  0%| F|  |TAMS 0x00000000e4a00000| PB 0x00000000e4a00000| Untracked 
|  75|0x00000000e4b00000, 0x00000000e4b00000, 0x00000000e4c00000|  0%| F|  |TAMS 0x00000000e4b00000| PB 0x00000000e4b00000| Untracked 
|  76|0x00000000e4c00000, 0x00000000e4c00000, 0x00000000e4d00000|  0%| F|  |TAMS 0x00000000e4c00000| PB 0x00000000e4c00000| Untracked 
|  77|0x00000000e4d00000, 0x00000000e4d00000, 0x00000000e4e00000|  0%| F|  |TAMS 0x00000000e4d00000| PB 0x00000000e4d00000| Untracked 
|  78|0x00000000e4e00000, 0x00000000e4e00000, 0x00000000e4f00000|  0%| F|  |TAMS 0x00000000e4e00000| PB 0x00000000e4e00000| Untracked 
|  79|0x00000000e4f00000, 0x00000000e4f00000, 0x00000000e5000000|  0%| F|  |TAMS 0x00000000e4f00000| PB 0x00000000e4f00000| Untracked 
|  80|0x00000000e5000000, 0x00000000e5000000, 0x00000000e5100000|  0%| F|  |TAMS 0x00000000e5000000| PB 0x00000000e5000000| Untracked 
|  81|0x00000000e5100000, 0x00000000e5100000, 0x00000000e5200000|  0%| F|  |TAMS 0x00000000e5100000| PB 0x00000000e5100000| Untracked 
|  82|0x00000000e5200000, 0x00000000e5200000, 0x00000000e5300000|  0%| F|  |TAMS 0x00000000e5200000| PB 0x00000000e5200000| Untracked 
|  83|0x00000000e5300000, 0x00000000e5300000, 0x00000000e5400000|  0%| F|  |TAMS 0x00000000e5300000| PB 0x00000000e5300000| Untracked 
|  84|0x00000000e5400000, 0x00000000e5400000, 0x00000000e5500000|  0%| F|  |TAMS 0x00000000e5400000| PB 0x00000000e5400000| Untracked 
|  85|0x00000000e5500000, 0x00000000e5500000, 0x00000000e5600000|  0%| F|  |TAMS 0x00000000e5500000| PB 0x00000000e5500000| Untracked 
|  86|0x00000000e5600000, 0x00000000e5600000, 0x00000000e5700000|  0%| F|  |TAMS 0x00000000e5600000| PB 0x00000000e5600000| Untracked 
|  87|0x00000000e5700000, 0x00000000e5700000, 0x00000000e5800000|  0%| F|  |TAMS 0x00000000e5700000| PB 0x00000000e5700000| Untracked 
|  88|0x00000000e5800000, 0x00000000e5800000, 0x00000000e5900000|  0%| F|  |TAMS 0x00000000e5800000| PB 0x00000000e5800000| Untracked 
|  89|0x00000000e5900000, 0x00000000e5900000, 0x00000000e5a00000|  0%| F|  |TAMS 0x00000000e5900000| PB 0x00000000e5900000| Untracked 
|  90|0x00000000e5a00000, 0x00000000e5a00000, 0x00000000e5b00000|  0%| F|  |TAMS 0x00000000e5a00000| PB 0x00000000e5a00000| Untracked 
|  91|0x00000000e5b00000, 0x00000000e5b00000, 0x00000000e5c00000|  0%| F|  |TAMS 0x00000000e5b00000| PB 0x00000000e5b00000| Untracked 
|  92|0x00000000e5c00000, 0x00000000e5c00000, 0x00000000e5d00000|  0%| F|  |TAMS 0x00000000e5c00000| PB 0x00000000e5c00000| Untracked 
|  93|0x00000000e5d00000, 0x00000000e5d00000, 0x00000000e5e00000|  0%| F|  |TAMS 0x00000000e5d00000| PB 0x00000000e5d00000| Untracked 
|  94|0x00000000e5e00000, 0x00000000e5e00000, 0x00000000e5f00000|  0%| F|  |TAMS 0x00000000e5e00000| PB 0x00000000e5e00000| Untracked 
|  95|0x00000000e5f00000, 0x00000000e5f00000, 0x00000000e6000000|  0%| F|  |TAMS 0x00000000e5f00000| PB 0x00000000e5f00000| Untracked 
|  96|0x00000000e6000000, 0x00000000e6000000, 0x00000000e6100000|  0%| F|  |TAMS 0x00000000e6000000| PB 0x00000000e6000000| Untracked 
|  97|0x00000000e6100000, 0x00000000e6100000, 0x00000000e6200000|  0%| F|  |TAMS 0x00000000e6100000| PB 0x00000000e6100000| Untracked 
|  98|0x00000000e6200000, 0x00000000e6200000, 0x00000000e6300000|  0%| F|  |TAMS 0x00000000e6200000| PB 0x00000000e6200000| Untracked 
|  99|0x00000000e6300000, 0x00000000e6300000, 0x00000000e6400000|  0%| F|  |TAMS 0x00000000e6300000| PB 0x00000000e6300000| Untracked 
| 100|0x00000000e6400000, 0x00000000e6400000, 0x00000000e6500000|  0%| F|  |TAMS 0x00000000e6400000| PB 0x00000000e6400000| Untracked 
| 101|0x00000000e6500000, 0x00000000e6500000, 0x00000000e6600000|  0%| F|  |TAMS 0x00000000e6500000| PB 0x00000000e6500000| Untracked 
| 102|0x00000000e6600000, 0x00000000e6600000, 0x00000000e6700000|  0%| F|  |TAMS 0x00000000e6600000| PB 0x00000000e6600000| Untracked 
| 103|0x00000000e6700000, 0x00000000e6700000, 0x00000000e6800000|  0%| F|  |TAMS 0x00000000e6700000| PB 0x00000000e6700000| Untracked 
| 104|0x00000000e6800000, 0x00000000e6800000, 0x00000000e6900000|  0%| F|  |TAMS 0x00000000e6800000| PB 0x00000000e6800000| Untracked 
| 105|0x00000000e6900000, 0x00000000e6900000, 0x00000000e6a00000|  0%| F|  |TAMS 0x00000000e6900000| PB 0x00000000e6900000| Untracked 
| 106|0x00000000e6a00000, 0x00000000e6a00000, 0x00000000e6b00000|  0%| F|  |TAMS 0x00000000e6a00000| PB 0x00000000e6a00000| Untracked 
| 107|0x00000000e6b00000, 0x00000000e6b00000, 0x00000000e6c00000|  0%| F|  |TAMS 0x00000000e6b00000| PB 0x00000000e6b00000| Untracked 
| 108|0x00000000e6c00000, 0x00000000e6c00000, 0x00000000e6d00000|  0%| F|  |TAMS 0x00000000e6c00000| PB 0x00000000e6c00000| Untracked 
| 109|0x00000000e6d00000, 0x00000000e6d00000, 0x00000000e6e00000|  0%| F|  |TAMS 0x00000000e6d00000| PB 0x00000000e6d00000| Untracked 
| 110|0x00000000e6e00000, 0x00000000e6e00000, 0x00000000e6f00000|  0%| F|  |TAMS 0x00000000e6e00000| PB 0x00000000e6e00000| Untracked 
| 111|0x00000000e6f00000, 0x00000000e6f00000, 0x00000000e7000000|  0%| F|  |TAMS 0x00000000e6f00000| PB 0x00000000e6f00000| Untracked 
| 112|0x00000000e7000000, 0x00000000e7000000, 0x00000000e7100000|  0%| F|  |TAMS 0x00000000e7000000| PB 0x00000000e7000000| Untracked 
| 113|0x00000000e7100000, 0x00000000e7100000, 0x00000000e7200000|  0%| F|  |TAMS 0x00000000e7100000| PB 0x00000000e7100000| Untracked 
| 114|0x00000000e7200000, 0x00000000e7200000, 0x00000000e7300000|  0%| F|  |TAMS 0x00000000e7200000| PB 0x00000000e7200000| Untracked 
| 115|0x00000000e7300000, 0x00000000e7300000, 0x00000000e7400000|  0%| F|  |TAMS 0x00000000e7300000| PB 0x00000000e7300000| Untracked 
| 116|0x00000000e7400000, 0x00000000e7400000, 0x00000000e7500000|  0%| F|  |TAMS 0x00000000e7400000| PB 0x00000000e7400000| Untracked 
| 117|0x00000000e7500000, 0x00000000e7500000, 0x00000000e7600000|  0%| F|  |TAMS 0x00000000e7500000| PB 0x00000000e7500000| Untracked 
| 118|0x00000000e7600000, 0x00000000e7600000, 0x00000000e7700000|  0%| F|  |TAMS 0x00000000e7600000| PB 0x00000000e7600000| Untracked 
| 119|0x00000000e7700000, 0x00000000e7700000, 0x00000000e7800000|  0%| F|  |TAMS 0x00000000e7700000| PB 0x00000000e7700000| Untracked 
| 120|0x00000000e7800000, 0x00000000e7800000, 0x00000000e7900000|  0%| F|  |TAMS 0x00000000e7800000| PB 0x00000000e7800000| Untracked 
| 121|0x00000000e7900000, 0x00000000e7900000, 0x00000000e7a00000|  0%| F|  |TAMS 0x00000000e7900000| PB 0x00000000e7900000| Untracked 
| 122|0x00000000e7a00000, 0x00000000e7a00000, 0x00000000e7b00000|  0%| F|  |TAMS 0x00000000e7a00000| PB 0x00000000e7a00000| Untracked 
| 123|0x00000000e7b00000, 0x00000000e7b00000, 0x00000000e7c00000|  0%| F|  |TAMS 0x00000000e7b00000| PB 0x00000000e7b00000| Untracked 
| 124|0x00000000e7c00000, 0x00000000e7c00000, 0x00000000e7d00000|  0%| F|  |TAMS 0x00000000e7c00000| PB 0x00000000e7c00000| Untracked 
| 125|0x00000000e7d00000, 0x00000000e7d00000, 0x00000000e7e00000|  0%| F|  |TAMS 0x00000000e7d00000| PB 0x00000000e7d00000| Untracked 
| 126|0x00000000e7e00000, 0x00000000e7e00000, 0x00000000e7f00000|  0%| F|  |TAMS 0x00000000e7e00000| PB 0x00000000e7e00000| Untracked 
| 127|0x00000000e7f00000, 0x00000000e7f00000, 0x00000000e8000000|  0%| F|  |TAMS 0x00000000e7f00000| PB 0x00000000e7f00000| Untracked 
| 128|0x00000000e8000000, 0x00000000e8000000, 0x00000000e8100000|  0%| F|  |TAMS 0x00000000e8000000| PB 0x00000000e8000000| Untracked 
| 129|0x00000000e8100000, 0x00000000e8200000, 0x00000000e8200000|100%| E|  |TAMS 0x00000000e8100000| PB 0x00000000e8100000| Complete 
| 130|0x00000000e8200000, 0x00000000e8300000, 0x00000000e8300000|100%| E|CS|TAMS 0x00000000e8200000| PB 0x00000000e8200000| Complete 
| 131|0x00000000e8300000, 0x00000000e8400000, 0x00000000e8400000|100%| E|CS|TAMS 0x00000000e8300000| PB 0x00000000e8300000| Complete 
| 132|0x00000000e8400000, 0x00000000e8500000, 0x00000000e8500000|100%| E|CS|TAMS 0x00000000e8400000| PB 0x00000000e8400000| Complete 
| 133|0x00000000e8500000, 0x00000000e8600000, 0x00000000e8600000|100%| E|CS|TAMS 0x00000000e8500000| PB 0x00000000e8500000| Complete 
| 134|0x00000000e8600000, 0x00000000e8700000, 0x00000000e8700000|100%| E|CS|TAMS 0x00000000e8600000| PB 0x00000000e8600000| Complete 
| 135|0x00000000e8700000, 0x00000000e8800000, 0x00000000e8800000|100%| E|CS|TAMS 0x00000000e8700000| PB 0x00000000e8700000| Complete 
| 136|0x00000000e8800000, 0x00000000e8900000, 0x00000000e8900000|100%| E|CS|TAMS 0x00000000e8800000| PB 0x00000000e8800000| Complete 
| 137|0x00000000e8900000, 0x00000000e8a00000, 0x00000000e8a00000|100%| E|CS|TAMS 0x00000000e8900000| PB 0x00000000e8900000| Complete 
| 138|0x00000000e8a00000, 0x00000000e8b00000, 0x00000000e8b00000|100%| E|CS|TAMS 0x00000000e8a00000| PB 0x00000000e8a00000| Complete 
| 139|0x00000000e8b00000, 0x00000000e8c00000, 0x00000000e8c00000|100%| E|CS|TAMS 0x00000000e8b00000| PB 0x00000000e8b00000| Complete 
| 140|0x00000000e8c00000, 0x00000000e8d00000, 0x00000000e8d00000|100%| E|CS|TAMS 0x00000000e8c00000| PB 0x00000000e8c00000| Complete 
| 141|0x00000000e8d00000, 0x00000000e8e00000, 0x00000000e8e00000|100%| E|CS|TAMS 0x00000000e8d00000| PB 0x00000000e8d00000| Complete 
| 142|0x00000000e8e00000, 0x00000000e8f00000, 0x00000000e8f00000|100%| E|CS|TAMS 0x00000000e8e00000| PB 0x00000000e8e00000| Complete 
| 143|0x00000000e8f00000, 0x00000000e9000000, 0x00000000e9000000|100%| E|CS|TAMS 0x00000000e8f00000| PB 0x00000000e8f00000| Complete 
| 144|0x00000000e9000000, 0x00000000e9100000, 0x00000000e9100000|100%| E|CS|TAMS 0x00000000e9000000| PB 0x00000000e9000000| Complete 
| 145|0x00000000e9100000, 0x00000000e9200000, 0x00000000e9200000|100%| E|CS|TAMS 0x00000000e9100000| PB 0x00000000e9100000| Complete 
| 146|0x00000000e9200000, 0x00000000e9300000, 0x00000000e9300000|100%| E|CS|TAMS 0x00000000e9200000| PB 0x00000000e9200000| Complete 
| 147|0x00000000e9300000, 0x00000000e9400000, 0x00000000e9400000|100%| E|CS|TAMS 0x00000000e9300000| PB 0x00000000e9300000| Complete 
| 148|0x00000000e9400000, 0x00000000e9500000, 0x00000000e9500000|100%| E|CS|TAMS 0x00000000e9400000| PB 0x00000000e9400000| Complete 
| 149|0x00000000e9500000, 0x00000000e9600000, 0x00000000e9600000|100%| E|CS|TAMS 0x00000000e9500000| PB 0x00000000e9500000| Complete 
| 150|0x00000000e9600000, 0x00000000e9700000, 0x00000000e9700000|100%| E|CS|TAMS 0x00000000e9600000| PB 0x00000000e9600000| Complete 
| 151|0x00000000e9700000, 0x00000000e9800000, 0x00000000e9800000|100%| E|CS|TAMS 0x00000000e9700000| PB 0x00000000e9700000| Complete 
| 152|0x00000000e9800000, 0x00000000e9900000, 0x00000000e9900000|100%| E|CS|TAMS 0x00000000e9800000| PB 0x00000000e9800000| Complete 
| 153|0x00000000e9900000, 0x00000000e9a00000, 0x00000000e9a00000|100%| E|CS|TAMS 0x00000000e9900000| PB 0x00000000e9900000| Complete 
| 154|0x00000000e9a00000, 0x00000000e9b00000, 0x00000000e9b00000|100%| E|CS|TAMS 0x00000000e9a00000| PB 0x00000000e9a00000| Complete 
| 155|0x00000000e9b00000, 0x00000000e9c00000, 0x00000000e9c00000|100%| E|CS|TAMS 0x00000000e9b00000| PB 0x00000000e9b00000| Complete 
| 156|0x00000000e9c00000, 0x00000000e9d00000, 0x00000000e9d00000|100%| E|CS|TAMS 0x00000000e9c00000| PB 0x00000000e9c00000| Complete 
| 157|0x00000000e9d00000, 0x00000000e9e00000, 0x00000000e9e00000|100%| E|CS|TAMS 0x00000000e9d00000| PB 0x00000000e9d00000| Complete 
| 158|0x00000000e9e00000, 0x00000000e9f00000, 0x00000000e9f00000|100%| E|CS|TAMS 0x00000000e9e00000| PB 0x00000000e9e00000| Complete 
| 159|0x00000000e9f00000, 0x00000000ea000000, 0x00000000ea000000|100%| E|CS|TAMS 0x00000000e9f00000| PB 0x00000000e9f00000| Complete 
| 160|0x00000000ea000000, 0x00000000ea100000, 0x00000000ea100000|100%| E|CS|TAMS 0x00000000ea000000| PB 0x00000000ea000000| Complete 
| 161|0x00000000ea100000, 0x00000000ea200000, 0x00000000ea200000|100%| E|CS|TAMS 0x00000000ea100000| PB 0x00000000ea100000| Complete 
| 162|0x00000000ea200000, 0x00000000ea300000, 0x00000000ea300000|100%| E|CS|TAMS 0x00000000ea200000| PB 0x00000000ea200000| Complete 
| 163|0x00000000ea300000, 0x00000000ea400000, 0x00000000ea400000|100%| E|CS|TAMS 0x00000000ea300000| PB 0x00000000ea300000| Complete 
| 164|0x00000000ea400000, 0x00000000ea500000, 0x00000000ea500000|100%| E|CS|TAMS 0x00000000ea400000| PB 0x00000000ea400000| Complete 
| 165|0x00000000ea500000, 0x00000000ea600000, 0x00000000ea600000|100%| E|CS|TAMS 0x00000000ea500000| PB 0x00000000ea500000| Complete 
| 166|0x00000000ea600000, 0x00000000ea700000, 0x00000000ea700000|100%| E|CS|TAMS 0x00000000ea600000| PB 0x00000000ea600000| Complete 
| 167|0x00000000ea700000, 0x00000000ea800000, 0x00000000ea800000|100%| E|CS|TAMS 0x00000000ea700000| PB 0x00000000ea700000| Complete 
| 168|0x00000000ea800000, 0x00000000ea900000, 0x00000000ea900000|100%| E|CS|TAMS 0x00000000ea800000| PB 0x00000000ea800000| Complete 
| 169|0x00000000ea900000, 0x00000000eaa00000, 0x00000000eaa00000|100%| E|CS|TAMS 0x00000000ea900000| PB 0x00000000ea900000| Complete 
| 170|0x00000000eaa00000, 0x00000000eab00000, 0x00000000eab00000|100%| E|CS|TAMS 0x00000000eaa00000| PB 0x00000000eaa00000| Complete 
| 171|0x00000000eab00000, 0x00000000eac00000, 0x00000000eac00000|100%| E|CS|TAMS 0x00000000eab00000| PB 0x00000000eab00000| Complete 
| 172|0x00000000eac00000, 0x00000000ead00000, 0x00000000ead00000|100%| E|CS|TAMS 0x00000000eac00000| PB 0x00000000eac00000| Complete 
| 173|0x00000000ead00000, 0x00000000eae00000, 0x00000000eae00000|100%| E|CS|TAMS 0x00000000ead00000| PB 0x00000000ead00000| Complete 
| 174|0x00000000eae00000, 0x00000000eaf00000, 0x00000000eaf00000|100%| E|CS|TAMS 0x00000000eae00000| PB 0x00000000eae00000| Complete 
| 175|0x00000000eaf00000, 0x00000000eb000000, 0x00000000eb000000|100%| E|CS|TAMS 0x00000000eaf00000| PB 0x00000000eaf00000| Complete 
| 176|0x00000000eb000000, 0x00000000eb100000, 0x00000000eb100000|100%| E|CS|TAMS 0x00000000eb000000| PB 0x00000000eb000000| Complete 
| 177|0x00000000eb100000, 0x00000000eb200000, 0x00000000eb200000|100%| E|CS|TAMS 0x00000000eb100000| PB 0x00000000eb100000| Complete 
| 178|0x00000000eb200000, 0x00000000eb300000, 0x00000000eb300000|100%| E|CS|TAMS 0x00000000eb200000| PB 0x00000000eb200000| Complete 
| 179|0x00000000eb300000, 0x00000000eb400000, 0x00000000eb400000|100%| E|CS|TAMS 0x00000000eb300000| PB 0x00000000eb300000| Complete 
| 180|0x00000000eb400000, 0x00000000eb500000, 0x00000000eb500000|100%| E|CS|TAMS 0x00000000eb400000| PB 0x00000000eb400000| Complete 
| 181|0x00000000eb500000, 0x00000000eb600000, 0x00000000eb600000|100%| E|CS|TAMS 0x00000000eb500000| PB 0x00000000eb500000| Complete 
| 182|0x00000000eb600000, 0x00000000eb700000, 0x00000000eb700000|100%| E|CS|TAMS 0x00000000eb600000| PB 0x00000000eb600000| Complete 
| 183|0x00000000eb700000, 0x00000000eb800000, 0x00000000eb800000|100%| E|CS|TAMS 0x00000000eb700000| PB 0x00000000eb700000| Complete 
| 184|0x00000000eb800000, 0x00000000eb900000, 0x00000000eb900000|100%| E|CS|TAMS 0x00000000eb800000| PB 0x00000000eb800000| Complete 
| 185|0x00000000eb900000, 0x00000000eba00000, 0x00000000eba00000|100%| E|CS|TAMS 0x00000000eb900000| PB 0x00000000eb900000| Complete 
| 186|0x00000000eba00000, 0x00000000ebb00000, 0x00000000ebb00000|100%| E|CS|TAMS 0x00000000eba00000| PB 0x00000000eba00000| Complete 
| 187|0x00000000ebb00000, 0x00000000ebc00000, 0x00000000ebc00000|100%| E|CS|TAMS 0x00000000ebb00000| PB 0x00000000ebb00000| Complete 
| 188|0x00000000ebc00000, 0x00000000ebd00000, 0x00000000ebd00000|100%| E|CS|TAMS 0x00000000ebc00000| PB 0x00000000ebc00000| Complete 
| 189|0x00000000ebd00000, 0x00000000ebe00000, 0x00000000ebe00000|100%| E|CS|TAMS 0x00000000ebd00000| PB 0x00000000ebd00000| Complete 
| 190|0x00000000ebe00000, 0x00000000ebf00000, 0x00000000ebf00000|100%| E|CS|TAMS 0x00000000ebe00000| PB 0x00000000ebe00000| Complete 
| 191|0x00000000ebf00000, 0x00000000ec000000, 0x00000000ec000000|100%| E|CS|TAMS 0x00000000ebf00000| PB 0x00000000ebf00000| Complete 
| 192|0x00000000ec000000, 0x00000000ec100000, 0x00000000ec100000|100%| E|CS|TAMS 0x00000000ec000000| PB 0x00000000ec000000| Complete 
| 193|0x00000000ec100000, 0x00000000ec200000, 0x00000000ec200000|100%| E|CS|TAMS 0x00000000ec100000| PB 0x00000000ec100000| Complete 
| 194|0x00000000ec200000, 0x00000000ec300000, 0x00000000ec300000|100%| E|CS|TAMS 0x00000000ec200000| PB 0x00000000ec200000| Complete 
| 195|0x00000000ec300000, 0x00000000ec400000, 0x00000000ec400000|100%| E|CS|TAMS 0x00000000ec300000| PB 0x00000000ec300000| Complete 
| 196|0x00000000ec400000, 0x00000000ec500000, 0x00000000ec500000|100%| E|CS|TAMS 0x00000000ec400000| PB 0x00000000ec400000| Complete 
| 197|0x00000000ec500000, 0x00000000ec600000, 0x00000000ec600000|100%| E|CS|TAMS 0x00000000ec500000| PB 0x00000000ec500000| Complete 
| 198|0x00000000ec600000, 0x00000000ec700000, 0x00000000ec700000|100%| E|CS|TAMS 0x00000000ec600000| PB 0x00000000ec600000| Complete 
| 199|0x00000000ec700000, 0x00000000ec800000, 0x00000000ec800000|100%| E|CS|TAMS 0x00000000ec700000| PB 0x00000000ec700000| Complete 
| 200|0x00000000ec800000, 0x00000000ec900000, 0x00000000ec900000|100%| E|CS|TAMS 0x00000000ec800000| PB 0x00000000ec800000| Complete 
| 201|0x00000000ec900000, 0x00000000eca00000, 0x00000000eca00000|100%| E|CS|TAMS 0x00000000ec900000| PB 0x00000000ec900000| Complete 
| 202|0x00000000eca00000, 0x00000000ecb00000, 0x00000000ecb00000|100%| E|CS|TAMS 0x00000000eca00000| PB 0x00000000eca00000| Complete 
| 203|0x00000000ecb00000, 0x00000000ecc00000, 0x00000000ecc00000|100%| E|CS|TAMS 0x00000000ecb00000| PB 0x00000000ecb00000| Complete 
| 204|0x00000000ecc00000, 0x00000000ecd00000, 0x00000000ecd00000|100%| E|CS|TAMS 0x00000000ecc00000| PB 0x00000000ecc00000| Complete 
| 205|0x00000000ecd00000, 0x00000000ece00000, 0x00000000ece00000|100%| E|CS|TAMS 0x00000000ecd00000| PB 0x00000000ecd00000| Complete 
| 206|0x00000000ece00000, 0x00000000ecf00000, 0x00000000ecf00000|100%| E|CS|TAMS 0x00000000ece00000| PB 0x00000000ece00000| Complete 
| 207|0x00000000ecf00000, 0x00000000ed000000, 0x00000000ed000000|100%| E|CS|TAMS 0x00000000ecf00000| PB 0x00000000ecf00000| Complete 
| 208|0x00000000ed000000, 0x00000000ed100000, 0x00000000ed100000|100%| E|CS|TAMS 0x00000000ed000000| PB 0x00000000ed000000| Complete 
| 209|0x00000000ed100000, 0x00000000ed200000, 0x00000000ed200000|100%| E|CS|TAMS 0x00000000ed100000| PB 0x00000000ed100000| Complete 
| 210|0x00000000ed200000, 0x00000000ed300000, 0x00000000ed300000|100%| E|CS|TAMS 0x00000000ed200000| PB 0x00000000ed200000| Complete 
| 211|0x00000000ed300000, 0x00000000ed400000, 0x00000000ed400000|100%| E|CS|TAMS 0x00000000ed300000| PB 0x00000000ed300000| Complete 
| 212|0x00000000ed400000, 0x00000000ed500000, 0x00000000ed500000|100%| E|CS|TAMS 0x00000000ed400000| PB 0x00000000ed400000| Complete 
| 213|0x00000000ed500000, 0x00000000ed600000, 0x00000000ed600000|100%| E|CS|TAMS 0x00000000ed500000| PB 0x00000000ed500000| Complete 
| 214|0x00000000ed600000, 0x00000000ed700000, 0x00000000ed700000|100%| E|CS|TAMS 0x00000000ed600000| PB 0x00000000ed600000| Complete 
| 215|0x00000000ed700000, 0x00000000ed800000, 0x00000000ed800000|100%| E|CS|TAMS 0x00000000ed700000| PB 0x00000000ed700000| Complete 
| 216|0x00000000ed800000, 0x00000000ed900000, 0x00000000ed900000|100%| E|CS|TAMS 0x00000000ed800000| PB 0x00000000ed800000| Complete 
| 217|0x00000000ed900000, 0x00000000eda00000, 0x00000000eda00000|100%| E|  |TAMS 0x00000000ed900000| PB 0x00000000ed900000| Complete 
| 218|0x00000000eda00000, 0x00000000edb00000, 0x00000000edb00000|100%| E|CS|TAMS 0x00000000eda00000| PB 0x00000000eda00000| Complete 
| 219|0x00000000edb00000, 0x00000000edc00000, 0x00000000edc00000|100%| E|CS|TAMS 0x00000000edb00000| PB 0x00000000edb00000| Complete 
| 220|0x00000000edc00000, 0x00000000edd00000, 0x00000000edd00000|100%| E|CS|TAMS 0x00000000edc00000| PB 0x00000000edc00000| Complete 
| 221|0x00000000edd00000, 0x00000000ede00000, 0x00000000ede00000|100%| E|CS|TAMS 0x00000000edd00000| PB 0x00000000edd00000| Complete 
| 222|0x00000000ede00000, 0x00000000edf00000, 0x00000000edf00000|100%| E|CS|TAMS 0x00000000ede00000| PB 0x00000000ede00000| Complete 
| 223|0x00000000edf00000, 0x00000000ee000000, 0x00000000ee000000|100%| E|CS|TAMS 0x00000000edf00000| PB 0x00000000edf00000| Complete 
| 224|0x00000000ee000000, 0x00000000ee100000, 0x00000000ee100000|100%| E|CS|TAMS 0x00000000ee000000| PB 0x00000000ee000000| Complete 
| 225|0x00000000ee100000, 0x00000000ee200000, 0x00000000ee200000|100%| E|CS|TAMS 0x00000000ee100000| PB 0x00000000ee100000| Complete 
| 226|0x00000000ee200000, 0x00000000ee300000, 0x00000000ee300000|100%| E|CS|TAMS 0x00000000ee200000| PB 0x00000000ee200000| Complete 
| 227|0x00000000ee300000, 0x00000000ee400000, 0x00000000ee400000|100%| E|CS|TAMS 0x00000000ee300000| PB 0x00000000ee300000| Complete 
| 228|0x00000000ee400000, 0x00000000ee500000, 0x00000000ee500000|100%| E|CS|TAMS 0x00000000ee400000| PB 0x00000000ee400000| Complete 
| 229|0x00000000ee500000, 0x00000000ee600000, 0x00000000ee600000|100%| E|CS|TAMS 0x00000000ee500000| PB 0x00000000ee500000| Complete 
| 230|0x00000000ee600000, 0x00000000ee700000, 0x00000000ee700000|100%| E|CS|TAMS 0x00000000ee600000| PB 0x00000000ee600000| Complete 
| 231|0x00000000ee700000, 0x00000000ee800000, 0x00000000ee800000|100%| E|CS|TAMS 0x00000000ee700000| PB 0x00000000ee700000| Complete 
| 232|0x00000000ee800000, 0x00000000ee900000, 0x00000000ee900000|100%| E|CS|TAMS 0x00000000ee800000| PB 0x00000000ee800000| Complete 
| 233|0x00000000ee900000, 0x00000000eea00000, 0x00000000eea00000|100%| E|CS|TAMS 0x00000000ee900000| PB 0x00000000ee900000| Complete 
| 234|0x00000000eea00000, 0x00000000eeb00000, 0x00000000eeb00000|100%| S|CS|TAMS 0x00000000eea00000| PB 0x00000000eea00000| Complete 
| 235|0x00000000eeb00000, 0x00000000eec00000, 0x00000000eec00000|100%| S|CS|TAMS 0x00000000eeb00000| PB 0x00000000eeb00000| Complete 
| 236|0x00000000eec00000, 0x00000000eed00000, 0x00000000eed00000|100%| S|CS|TAMS 0x00000000eec00000| PB 0x00000000eec00000| Complete 
| 237|0x00000000eed00000, 0x00000000eee00000, 0x00000000eee00000|100%| E|CS|TAMS 0x00000000eed00000| PB 0x00000000eed00000| Complete 
| 238|0x00000000eee00000, 0x00000000eef00000, 0x00000000eef00000|100%| E|CS|TAMS 0x00000000eee00000| PB 0x00000000eee00000| Complete 
| 239|0x00000000eef00000, 0x00000000ef000000, 0x00000000ef000000|100%| E|CS|TAMS 0x00000000eef00000| PB 0x00000000eef00000| Complete 
| 240|0x00000000ef000000, 0x00000000ef100000, 0x00000000ef100000|100%| E|CS|TAMS 0x00000000ef000000| PB 0x00000000ef000000| Complete 
| 241|0x00000000ef100000, 0x00000000ef200000, 0x00000000ef200000|100%| E|CS|TAMS 0x00000000ef100000| PB 0x00000000ef100000| Complete 
| 242|0x00000000ef200000, 0x00000000ef300000, 0x00000000ef300000|100%| E|CS|TAMS 0x00000000ef200000| PB 0x00000000ef200000| Complete 
| 243|0x00000000ef300000, 0x00000000ef400000, 0x00000000ef400000|100%| E|CS|TAMS 0x00000000ef300000| PB 0x00000000ef300000| Complete 
| 244|0x00000000ef400000, 0x00000000ef500000, 0x00000000ef500000|100%| E|CS|TAMS 0x00000000ef400000| PB 0x00000000ef400000| Complete 
| 245|0x00000000ef500000, 0x00000000ef600000, 0x00000000ef600000|100%| E|CS|TAMS 0x00000000ef500000| PB 0x00000000ef500000| Complete 
| 246|0x00000000ef600000, 0x00000000ef700000, 0x00000000ef700000|100%| E|CS|TAMS 0x00000000ef600000| PB 0x00000000ef600000| Complete 
| 247|0x00000000ef700000, 0x00000000ef800000, 0x00000000ef800000|100%| E|CS|TAMS 0x00000000ef700000| PB 0x00000000ef700000| Complete 
| 248|0x00000000ef800000, 0x00000000ef900000, 0x00000000ef900000|100%| E|CS|TAMS 0x00000000ef800000| PB 0x00000000ef800000| Complete 
| 249|0x00000000ef900000, 0x00000000efa00000, 0x00000000efa00000|100%| E|CS|TAMS 0x00000000ef900000| PB 0x00000000ef900000| Complete 
| 250|0x00000000efa00000, 0x00000000efb00000, 0x00000000efb00000|100%| E|CS|TAMS 0x00000000efa00000| PB 0x00000000efa00000| Complete 
| 251|0x00000000efb00000, 0x00000000efc00000, 0x00000000efc00000|100%| E|CS|TAMS 0x00000000efb00000| PB 0x00000000efb00000| Complete 
| 252|0x00000000efc00000, 0x00000000efd00000, 0x00000000efd00000|100%| E|CS|TAMS 0x00000000efc00000| PB 0x00000000efc00000| Complete 
| 253|0x00000000efd00000, 0x00000000efe00000, 0x00000000efe00000|100%| E|CS|TAMS 0x00000000efd00000| PB 0x00000000efd00000| Complete 
| 254|0x00000000efe00000, 0x00000000eff00000, 0x00000000eff00000|100%| E|CS|TAMS 0x00000000efe00000| PB 0x00000000efe00000| Complete 
| 255|0x00000000eff00000, 0x00000000f0000000, 0x00000000f0000000|100%| E|CS|TAMS 0x00000000eff00000| PB 0x00000000eff00000| Complete 

Card table byte_map: [0x00000254e5850000,0x00000254e5950000] _byte_map_base: 0x00000254e5150000

Marking Bits: (CMBitMap*) 0x00000254ce3f7880
 Bits: [0x00000254e5950000, 0x00000254e6150000)

Polling page: 0x00000254cdba0000

Metaspace:

Usage:
  Non-class:     16.60 MB used.
      Class:      2.78 MB used.
       Both:     19.38 MB used.

Virtual space:
  Non-class space:       64.00 MB reserved,      16.94 MB ( 26%) committed,  1 nodes.
      Class space:      320.00 MB reserved,       3.06 MB ( <1%) committed,  1 nodes.
             Both:      384.00 MB reserved,      20.00 MB (  5%) committed. 

Chunk freelists:
   Non-Class:  14.95 MB
       Class:  12.98 MB
        Both:  27.94 MB

MaxMetaspaceSize: 384.00 MB
CompressedClassSpaceSize: 320.00 MB
Initial GC threshold: 21.00 MB
Current GC threshold: 21.00 MB
CDS: on
 - commit_granule_bytes: 65536.
 - commit_granule_words: 8192.
 - virtual_space_node_default_size: 8388608.
 - enlarge_chunks_in_place: 1.
 - use_allocation_guard: 0.


Internal statistics:

num_allocs_failed_limit: 0.
num_arena_births: 808.
num_arena_deaths: 0.
num_vsnodes_births: 2.
num_vsnodes_deaths: 0.
num_space_committed: 320.
num_space_uncommitted: 0.
num_chunks_returned_to_freelist: 0.
num_chunks_taken_from_freelist: 1548.
num_chunk_merges: 0.
num_chunk_splits: 1022.
num_chunks_enlarged: 684.
num_inconsistent_stats: 0.

CodeHeap 'non-profiled nmethods': size=120000Kb used=1386Kb max_used=1386Kb free=118613Kb
 bounds [0x00000254de320000, 0x00000254de590000, 0x00000254e5850000]
CodeHeap 'profiled nmethods': size=120000Kb used=5803Kb max_used=5803Kb free=114196Kb
 bounds [0x00000254d6850000, 0x00000254d6e00000, 0x00000254ddd80000]
CodeHeap 'non-nmethods': size=5760Kb used=1501Kb max_used=1548Kb free=4258Kb
 bounds [0x00000254ddd80000, 0x00000254ddff0000, 0x00000254de320000]
 total_blobs=3413 nmethods=2837 adapters=480
 compilation: enabled
              stopped_count=0, restarted_count=0
 full_count=0

Compilation events (20 events):
Event: 4.961 Thread 0x00000254e875de80 2788       3       java.lang.reflect.Method::hasGenericInformation (13 bytes)
Event: 4.961 Thread 0x00000254e875de80 nmethod 2788 0x00000254d6dde810 code [0x00000254d6dde9c0, 0x00000254d6ddeb40]
Event: 4.961 Thread 0x00000254e875de80 2790       3       jdk.internal.reflect.ReflectionFactory::getExecutableSharedParameterTypes (11 bytes)
Event: 4.961 Thread 0x00000254e875de80 nmethod 2790 0x00000254d6ddec10 code [0x00000254d6ddedc0, 0x00000254d6ddf038]
Event: 4.961 Thread 0x00000254e875de80 2791       3       java.lang.reflect.ReflectAccess::getExecutableSharedParameterTypes (5 bytes)
Event: 4.961 Thread 0x00000254e875de80 nmethod 2791 0x00000254d6ddf190 code [0x00000254d6ddf340, 0x00000254d6ddf518]
Event: 4.961 Thread 0x00000254e875de80 2792       3       java.util.LinkedList$ListItr::<init> (47 bytes)
Event: 4.961 Thread 0x00000254e875de80 nmethod 2792 0x00000254d6ddf610 code [0x00000254d6ddf7e0, 0x00000254d6ddfac8]
Event: 4.961 Thread 0x00000254e875de80 2789       3       jdk.internal.org.objectweb.asm.MethodWriter::addSuccessorToCurrentBasicBlock (24 bytes)
Event: 4.962 Thread 0x00000254e875de80 nmethod 2789 0x00000254d6ddfc10 code [0x00000254d6ddfdc0, 0x00000254d6de0110]
Event: 4.974 Thread 0x00000254e875de80 2793       3       jdk.internal.reflect.ReflectionFactory::copyConstructor (11 bytes)
Event: 4.974 Thread 0x00000254e875de80 nmethod 2793 0x00000254d6de0290 code [0x00000254d6de0440, 0x00000254d6de0638]
Event: 4.974 Thread 0x00000254e875de80 2794       3       java.lang.reflect.Constructor::<init> (50 bytes)
Event: 4.974 Thread 0x00000254e875de80 nmethod 2794 0x00000254d6de0790 code [0x00000254d6de0960, 0x00000254d6de0dd0]
Event: 4.978 Thread 0x00000254e875de80 2795       3       java.lang.Class::privateGetDeclaredConstructors (79 bytes)
Event: 4.978 Thread 0x00000254e875de80 nmethod 2795 0x00000254d6de0f10 code [0x00000254d6de1120, 0x00000254d6de1640]
Event: 4.979 Thread 0x00000254e875de80 2796       3       sun.reflect.annotation.AnnotationParser::parseArray (234 bytes)
Event: 4.980 Thread 0x00000254e875de80 nmethod 2796 0x00000254d6de1810 code [0x00000254d6de1c00, 0x00000254d6de2e40]
Event: 4.988 Thread 0x00000254e875de80 2797       3       org.gradle.internal.service.AbstractServiceMethod::<init> (42 bytes)
Event: 4.989 Thread 0x00000254e875de80 nmethod 2797 0x00000254d6de3310 code [0x00000254d6de3680, 0x00000254d6de51d0]

GC Heap History (4 events):
Event: 0.642 GC heap before
{Heap before GC invocations=0 (full 0):
 garbage-first heap   total 262144K, used 13312K [0x00000000e0000000, 0x0000000100000000)
  region size 1024K, 13 young (13312K), 0 survivors (0K)
 Metaspace       used 871K, committed 1024K, reserved 393216K
  class space    used 72K, committed 128K, reserved 327680K
}
Event: 0.649 GC heap after
{Heap after GC invocations=1 (full 0):
 garbage-first heap   total 262144K, used 1993K [0x00000000e0000000, 0x0000000100000000)
  region size 1024K, 2 young (2048K), 2 survivors (2048K)
 Metaspace       used 871K, committed 1024K, reserved 393216K
  class space    used 72K, committed 128K, reserved 327680K
}
Event: 1.489 GC heap before
{Heap before GC invocations=1 (full 0):
 garbage-first heap   total 262144K, used 22473K [0x00000000e0000000, 0x0000000100000000)
  region size 1024K, 19 young (19456K), 2 survivors (2048K)
 Metaspace       used 3449K, committed 3648K, reserved 393216K
  class space    used 431K, committed 512K, reserved 327680K
}
Event: 1.493 GC heap after
{Heap after GC invocations=2 (full 0):
 garbage-first heap   total 262144K, used 11128K [0x00000000e0000000, 0x0000000100000000)
  region size 1024K, 3 young (3072K), 3 survivors (3072K)
 Metaspace       used 3449K, committed 3648K, reserved 393216K
  class space    used 431K, committed 512K, reserved 327680K
}

Dll operation events (15 events):
Event: 0.014 Loaded shared library C:\Program Files\Java\jdk-21.0.3\bin\java.dll
Event: 0.061 Loaded shared library C:\Program Files\Java\jdk-21.0.3\bin\jsvml.dll
Event: 0.120 Loaded shared library C:\Program Files\Java\jdk-21.0.3\bin\zip.dll
Event: 0.125 Loaded shared library C:\Program Files\Java\jdk-21.0.3\bin\instrument.dll
Event: 0.130 Loaded shared library C:\Program Files\Java\jdk-21.0.3\bin\net.dll
Event: 0.133 Loaded shared library C:\Program Files\Java\jdk-21.0.3\bin\nio.dll
Event: 0.138 Loaded shared library C:\Program Files\Java\jdk-21.0.3\bin\zip.dll
Event: 0.654 Loaded shared library C:\Program Files\Java\jdk-21.0.3\bin\jimage.dll
Event: 0.790 Loaded shared library C:\Program Files\Java\jdk-21.0.3\bin\verify.dll
Event: 1.083 Loaded shared library C:\Users\user\.gradle\native\c067742578af261105cb4f569cf0c3c89f3d7b1fecec35dd04571415982c5e48\windows-amd64\native-platform.dll
Event: 1.091 Loaded shared library C:\Users\user\.gradle\native\100fb08df4bc3b14c8652ba06237920a3bd2aa13389f12d3474272988ae205f9\windows-amd64\native-platform-file-events.dll
Event: 2.740 Loaded shared library C:\Program Files\Java\jdk-21.0.3\bin\management.dll
Event: 2.742 Loaded shared library C:\Program Files\Java\jdk-21.0.3\bin\management_ext.dll
Event: 3.260 Loaded shared library C:\Program Files\Java\jdk-21.0.3\bin\extnet.dll
Event: 3.450 Loaded shared library C:\Program Files\Java\jdk-21.0.3\bin\sunmscapi.dll

Deoptimization events (20 events):
Event: 4.248 Thread 0x00000254ff7815f0 Uncommon trap: trap_request=0xffffff45 fr.pc=0x00000254de346acc relative=0x0000000000000c0c
Event: 4.248 Thread 0x00000254ff7815f0 Uncommon trap: reason=unstable_if action=reinterpret pc=0x00000254de346acc method=java.io.WinNTFileSystem.resolve(Ljava/lang/String;Ljava/lang/String;)Ljava/lang/String; @ 19 c2
Event: 4.248 Thread 0x00000254ff7815f0 DEOPT PACKING pc=0x00000254de346acc sp=0x00000097357fba60
Event: 4.248 Thread 0x00000254ff7815f0 DEOPT UNPACKING pc=0x00000254dddd46a2 sp=0x00000097357fba08 mode 2
Event: 4.249 Thread 0x00000254ff7815f0 Uncommon trap: trap_request=0xffffff45 fr.pc=0x00000254de39dc18 relative=0x0000000000000638
Event: 4.249 Thread 0x00000254ff7815f0 Uncommon trap: reason=unstable_if action=reinterpret pc=0x00000254de39dc18 method=java.io.File.getName()Ljava/lang/String; @ 16 c2
Event: 4.249 Thread 0x00000254ff7815f0 DEOPT PACKING pc=0x00000254de39dc18 sp=0x00000097357fba20
Event: 4.249 Thread 0x00000254ff7815f0 DEOPT UNPACKING pc=0x00000254dddd46a2 sp=0x00000097357fb9f0 mode 2
Event: 4.366 Thread 0x00000254ff7815f0 Uncommon trap: trap_request=0xffffff45 fr.pc=0x00000254de348714 relative=0x00000000000000f4
Event: 4.366 Thread 0x00000254ff7815f0 Uncommon trap: reason=unstable_if action=reinterpret pc=0x00000254de348714 method=java.util.HashMap.hash(Ljava/lang/Object;)I @ 1 c2
Event: 4.366 Thread 0x00000254ff7815f0 DEOPT PACKING pc=0x00000254de348714 sp=0x00000097357fc8d0
Event: 4.366 Thread 0x00000254ff7815f0 DEOPT UNPACKING pc=0x00000254dddd46a2 sp=0x00000097357fc810 mode 2
Event: 4.445 Thread 0x00000254ff7815f0 Uncommon trap: trap_request=0xffffff45 fr.pc=0x00000254de3cb8f8 relative=0x0000000000000798
Event: 4.445 Thread 0x00000254ff7815f0 Uncommon trap: reason=unstable_if action=reinterpret pc=0x00000254de3cb8f8 method=java.util.ArrayList.grow(I)[Ljava/lang/Object; @ 17 c2
Event: 4.445 Thread 0x00000254ff7815f0 DEOPT PACKING pc=0x00000254de3cb8f8 sp=0x00000097357fd500
Event: 4.445 Thread 0x00000254ff7815f0 DEOPT UNPACKING pc=0x00000254dddd46a2 sp=0x00000097357fd398 mode 2
Event: 4.868 Thread 0x00000254ff7815f0 Uncommon trap: trap_request=0xffffffcc fr.pc=0x00000254de46acfc relative=0x000000000000033c
Event: 4.868 Thread 0x00000254ff7815f0 Uncommon trap: reason=intrinsic_or_type_checked_inlining action=make_not_entrant pc=0x00000254de46acfc method=java.util.Arrays.copyOf([Ljava/lang/Object;ILjava/lang/Class;)[Ljava/lang/Object; @ 35 c2
Event: 4.868 Thread 0x00000254ff7815f0 DEOPT PACKING pc=0x00000254de46acfc sp=0x00000097357fd420
Event: 4.868 Thread 0x00000254ff7815f0 DEOPT UNPACKING pc=0x00000254dddd46a2 sp=0x00000097357fd3b0 mode 2

Classes loaded (20 events):
Event: 4.557 Loading class java/lang/invoke/BoundMethodHandle$Species_LLLLLLLLLLLLLLLLLLLLLLL
Event: 4.557 Loading class java/lang/invoke/BoundMethodHandle$Species_LLLLLLLLLLLLLLLLLLLLLLL done
Event: 4.621 Loading class java/util/Collections$2
Event: 4.621 Loading class java/util/Collections$2 done
Event: 4.760 Loading class java/util/function/LongFunction
Event: 4.761 Loading class java/util/function/LongFunction done
Event: 4.809 Loading class java/security/InvalidKeyException
Event: 4.809 Loading class java/security/KeyException
Event: 4.809 Loading class java/security/KeyException done
Event: 4.809 Loading class java/security/InvalidKeyException done
Event: 4.894 Loading class java/io/ObjectInputStream
Event: 4.895 Loading class java/io/ObjectInput
Event: 4.895 Loading class java/io/ObjectInput done
Event: 4.895 Loading class java/io/ObjectStreamConstants
Event: 4.895 Loading class java/io/ObjectStreamConstants done
Event: 4.895 Loading class java/io/ObjectInputStream done
Event: 4.898 Loading class java/io/ObjectOutputStream
Event: 4.898 Loading class java/io/ObjectOutput
Event: 4.898 Loading class java/io/ObjectOutput done
Event: 4.899 Loading class java/io/ObjectOutputStream done

Classes unloaded (0 events):
No events

Classes redefined (0 events):
No events

Internal exceptions (20 events):
Event: 4.518 Thread 0x00000254ff7815f0 Exception <a 'java/lang/NoSuchMethodError'{0x00000000e9a6d118}: 'java.lang.Object java.lang.invoke.DirectMethodHandle$Holder.invokeStatic(java.lang.Object, java.lang.Object, java.lang.Object, java.lang.Object, java.lang.Object, java.lang.Object, java.lang.Object, java.lang.Object, java.lang.Object, java.lang.Object, java.lang.Object, java.lang.Object, java.lang.Object, java.lang.Object, java.lang.Object, java.lang.Object)'> (0x00000000e9a6d118) 
thrown [s\open\src\hotspot\share\interpreter\linkResolver.cpp
Event: 4.523 Thread 0x00000254ff7815f0 Exception <a 'java/lang/NoSuchMethodError'{0x00000000e9a94868}: 'java.lang.Object java.lang.invoke.DirectMethodHandle$Holder.invokeStatic(java.lang.Object, java.lang.Object, java.lang.Object, java.lang.Object, java.lang.Object, java.lang.Object, java.lang.Object, java.lang.Object, java.lang.Object, java.lang.Object, java.lang.Object, java.lang.Object, java.lang.Object, java.lang.Object, java.lang.Object, java.lang.Object, java.lang.Object)'> (0x00000000e9a94868) 
thrown [s\open\src\hotspot\share\interprete
Event: 4.526 Thread 0x00000254ff7815f0 Exception <a 'java/lang/NoSuchMethodError'{0x00000000e9abd048}: 'java.lang.Object java.lang.invoke.DirectMethodHandle$Holder.invokeStatic(java.lang.Object, java.lang.Object, java.lang.Object, java.lang.Object, java.lang.Object, java.lang.Object, java.lang.Object, java.lang.Object, java.lang.Object, java.lang.Object, java.lang.Object, java.lang.Object, java.lang.Object, java.lang.Object, java.lang.Object, java.lang.Object, java.lang.Object, java.lang.Object)'> (0x00000000e9abd048) 
thrown [s\open\src\hotspo
Event: 4.528 Thread 0x00000254ff7815f0 Exception <a 'java/lang/NoSuchMethodError'{0x00000000e9ae6af8}: 'java.lang.Object java.lang.invoke.DirectMethodHandle$Holder.invokeStatic(java.lang.Object, java.lang.Object, java.lang.Object, java.lang.Object, java.lang.Object, java.lang.Object, java.lang.Object, java.lang.Object, java.lang.Object, java.lang.Object, java.lang.Object, java.lang.Object, java.lang.Object, java.lang.Object, java.lang.Object, java.lang.Object, java.lang.Object, java.lang.Object, java.lang.Object)'> (0x00000000e9ae6af8) 
thrown 
Event: 4.533 Thread 0x00000254ff7815f0 Exception <a 'java/lang/NoSuchMethodError'{0x00000000e9911ed0}: 'java.lang.Object java.lang.invoke.DirectMethodHandle$Holder.invokeStatic(java.lang.Object, java.lang.Object, java.lang.Object, java.lang.Object, java.lang.Object, java.lang.Object, java.lang.Object, java.lang.Object, java.lang.Object, java.lang.Object, java.lang.Object, java.lang.Object, java.lang.Object, java.lang.Object, java.lang.Object, java.lang.Object, java.lang.Object, java.lang.Object, java.lang.Object, java.lang.Object)'> (0x00000000
Event: 4.536 Thread 0x00000254ff7815f0 Exception <a 'java/lang/NoSuchMethodError'{0x00000000e993dfc8}: 'java.lang.Object java.lang.invoke.DirectMethodHandle$Holder.invokeStatic(java.lang.Object, java.lang.Object, java.lang.Object, java.lang.Object, java.lang.Object, java.lang.Object, java.lang.Object, java.lang.Object, java.lang.Object, java.lang.Object, java.lang.Object, java.lang.Object, java.lang.Object, java.lang.Object, java.lang.Object, java.lang.Object, java.lang.Object, java.lang.Object, java.lang.Object, java.lang.Object, java.lang.Obj
Event: 4.538 Thread 0x00000254ff7815f0 Exception <a 'java/lang/NoSuchMethodError'{0x00000000e996b910}: 'java.lang.Object java.lang.invoke.DirectMethodHandle$Holder.invokeStatic(java.lang.Object, java.lang.Object, java.lang.Object, java.lang.Object, java.lang.Object, java.lang.Object, java.lang.Object, java.lang.Object, java.lang.Object, java.lang.Object, java.lang.Object, java.lang.Object, java.lang.Object, java.lang.Object, java.lang.Object, java.lang.Object, java.lang.Object, java.lang.Object, java.lang.Object, java.lang.Object, java.lang.Obj
Event: 4.542 Thread 0x00000254ff7815f0 Exception <a 'java/lang/NoSuchMethodError'{0x00000000e99997a8}: 'java.lang.Object java.lang.invoke.DirectMethodHandle$Holder.invokeStatic(java.lang.Object, java.lang.Object, java.lang.Object, java.lang.Object, java.lang.Object, java.lang.Object, java.lang.Object, java.lang.Object, java.lang.Object, java.lang.Object, java.lang.Object, java.lang.Object, java.lang.Object, java.lang.Object, java.lang.Object, java.lang.Object, java.lang.Object, java.lang.Object, java.lang.Object, java.lang.Object, java.lang.Obj
Event: 4.545 Thread 0x00000254ff7815f0 Exception <a 'java/lang/NoSuchMethodError'{0x00000000e99c83c0}: 'java.lang.Object java.lang.invoke.DirectMethodHandle$Holder.invokeStatic(java.lang.Object, java.lang.Object, java.lang.Object, java.lang.Object, java.lang.Object, java.lang.Object, java.lang.Object, java.lang.Object, java.lang.Object, java.lang.Object, java.lang.Object, java.lang.Object, java.lang.Object, java.lang.Object, java.lang.Object, java.lang.Object, java.lang.Object, java.lang.Object, java.lang.Object, java.lang.Object, java.lang.Obj
Event: 4.553 Thread 0x00000254ff7815f0 Exception <a 'java/lang/NoSuchMethodError'{0x00000000e99f7b20}: 'java.lang.Object java.lang.invoke.DirectMethodHandle$Holder.invokeStatic(java.lang.Object, java.lang.Object, java.lang.Object, java.lang.Object, java.lang.Object, java.lang.Object, java.lang.Object, java.lang.Object, java.lang.Object, java.lang.Object, java.lang.Object, java.lang.Object, java.lang.Object, java.lang.Object, java.lang.Object, java.lang.Object, java.lang.Object, java.lang.Object, java.lang.Object, java.lang.Object, java.lang.Obj
Event: 4.558 Thread 0x00000254ff7815f0 Exception <a 'java/lang/NoSuchMethodError'{0x00000000e9829130}: 'java.lang.Object java.lang.invoke.DirectMethodHandle$Holder.invokeStatic(java.lang.Object, java.lang.Object, java.lang.Object, java.lang.Object, java.lang.Object, java.lang.Object, java.lang.Object, java.lang.Object, java.lang.Object, java.lang.Object, java.lang.Object, java.lang.Object, java.lang.Object, java.lang.Object, java.lang.Object, java.lang.Object, java.lang.Object, java.lang.Object, java.lang.Object, java.lang.Object, java.lang.Obj
Event: 4.605 Thread 0x00000254ff7815f0 Exception <a 'java/lang/IncompatibleClassChangeError'{0x00000000e971a110}: Found class java.lang.Object, but interface was expected> (0x00000000e971a110) 
thrown [s\open\src\hotspot\share\interpreter\linkResolver.cpp, line 840]
Event: 4.873 Thread 0x00000254ff7815f0 Exception <a 'java/lang/IncompatibleClassChangeError'{0x00000000e8ec4df8}: Found class java.lang.Object, but interface was expected> (0x00000000e8ec4df8) 
thrown [s\open\src\hotspot\share\interpreter\linkResolver.cpp, line 840]
Event: 4.877 Thread 0x00000254ff7815f0 Exception <a 'java/lang/NoSuchMethodError'{0x00000000e8ef4010}: 'java.lang.Object java.lang.invoke.DirectMethodHandle$Holder.newInvokeSpecial(java.lang.Object, java.lang.Object, java.lang.Object, java.lang.Object, java.lang.Object, java.lang.Object, java.lang.Object, java.lang.Object, java.lang.Object, java.lang.Object, java.lang.Object, java.lang.Object, java.lang.Object, java.lang.Object)'> (0x00000000e8ef4010) 
thrown [s\open\src\hotspot\share\interpreter\linkResolver.cpp, line 773]
Event: 4.878 Thread 0x00000254ff7815f0 Exception <a 'java/lang/NoSuchMethodError'{0x00000000e8ef96c0}: 'java.lang.Object java.lang.invoke.DirectMethodHandle$Holder.invokeSpecial(java.lang.Object, java.lang.Object, java.lang.Object, java.lang.Object, java.lang.Object, java.lang.Object, java.lang.Object, java.lang.Object, java.lang.Object, java.lang.Object, java.lang.Object, java.lang.Object, java.lang.Object, java.lang.Object, java.lang.Object)'> (0x00000000e8ef96c0) 
thrown [s\open\src\hotspot\share\interpreter\linkResolver.cpp, line 773]
Event: 4.878 Thread 0x00000254ff7815f0 Exception <a 'java/lang/NoSuchMethodError'{0x00000000e8efe000}: 'java.lang.Object java.lang.invoke.DelegatingMethodHandle$Holder.reinvoke_L(java.lang.Object, java.lang.Object, java.lang.Object, java.lang.Object, java.lang.Object, java.lang.Object, java.lang.Object, java.lang.Object, java.lang.Object, java.lang.Object, java.lang.Object, java.lang.Object, java.lang.Object, java.lang.Object)'> (0x00000000e8efe000) 
thrown [s\open\src\hotspot\share\interpreter\linkResolver.cpp, line 773]
Event: 4.906 Thread 0x00000254ff7815f0 Exception <a 'java/lang/NoSuchMethodError'{0x00000000e8c40270}: 'java.lang.Object java.lang.invoke.DirectMethodHandle$Holder.newInvokeSpecial(java.lang.Object, java.lang.Object, java.lang.Object, java.lang.Object, java.lang.Object, java.lang.Object, java.lang.Object)'> (0x00000000e8c40270) 
thrown [s\open\src\hotspot\share\interpreter\linkResolver.cpp, line 773]
Event: 4.918 Thread 0x00000254ff7815f0 Exception <a 'java/lang/NoSuchMethodError'{0x00000000e8cc4668}: 'java.lang.Object java.lang.invoke.DirectMethodHandle$Holder.invokeVirtual(java.lang.Object, java.lang.Object, java.lang.Object, java.lang.Object, java.lang.Object, java.lang.Object, java.lang.Object, java.lang.Object, java.lang.Object, java.lang.Object, java.lang.Object, java.lang.Object, java.lang.Object, java.lang.Object, java.lang.Object, java.lang.Object, java.lang.Object, java.lang.Object, java.lang.Object, java.lang.Object, java.lang.Ob
Event: 4.918 Thread 0x00000254ff7815f0 Exception <a 'java/lang/NoSuchMethodError'{0x00000000e8ccaad0}: 'java.lang.Object java.lang.invoke.DirectMethodHandle$Holder.invokeSpecial(java.lang.Object, java.lang.Object, java.lang.Object, java.lang.Object, java.lang.Object, java.lang.Object, java.lang.Object, java.lang.Object, java.lang.Object, java.lang.Object, java.lang.Object, java.lang.Object, java.lang.Object, java.lang.Object, java.lang.Object, java.lang.Object, java.lang.Object, java.lang.Object, java.lang.Object, java.lang.Object, java.lang.Ob
Event: 4.918 Thread 0x00000254ff7815f0 Exception <a 'java/lang/NoSuchMethodError'{0x00000000e8cd04d8}: 'java.lang.Object java.lang.invoke.DelegatingMethodHandle$Holder.reinvoke_L(java.lang.Object, java.lang.Object, java.lang.Object, java.lang.Object, java.lang.Object, java.lang.Object, java.lang.Object, java.lang.Object, java.lang.Object, java.lang.Object, java.lang.Object, java.lang.Object, java.lang.Object, java.lang.Object, java.lang.Object, java.lang.Object, java.lang.Object, java.lang.Object, java.lang.Object, java.lang.Object, java.lang.O

ZGC Phase Switch (0 events):
No events

VM Operations (20 events):
Event: 3.022 Executing VM operation: HandshakeAllThreads (Deoptimize)
Event: 3.022 Executing VM operation: HandshakeAllThreads (Deoptimize) done
Event: 3.432 Executing VM operation: HandshakeAllThreads (Deoptimize)
Event: 3.432 Executing VM operation: HandshakeAllThreads (Deoptimize) done
Event: 3.451 Executing VM operation: ICBufferFull
Event: 3.451 Executing VM operation: ICBufferFull done
Event: 3.915 Executing VM operation: HandshakeAllThreads (Deoptimize)
Event: 3.915 Executing VM operation: HandshakeAllThreads (Deoptimize) done
Event: 4.118 Executing VM operation: HandshakeAllThreads (Deoptimize)
Event: 4.118 Executing VM operation: HandshakeAllThreads (Deoptimize) done
Event: 4.253 Executing VM operation: HandshakeAllThreads (Deoptimize)
Event: 4.253 Executing VM operation: HandshakeAllThreads (Deoptimize) done
Event: 4.253 Executing VM operation: HandshakeAllThreads (Deoptimize)
Event: 4.253 Executing VM operation: HandshakeAllThreads (Deoptimize) done
Event: 4.524 Executing VM operation: ICBufferFull
Event: 4.524 Executing VM operation: ICBufferFull done
Event: 4.573 Executing VM operation: HandshakeAllThreads (Deoptimize)
Event: 4.573 Executing VM operation: HandshakeAllThreads (Deoptimize) done
Event: 4.573 Executing VM operation: HandshakeAllThreads (Deoptimize)
Event: 4.573 Executing VM operation: HandshakeAllThreads (Deoptimize) done

Events (20 events):
Event: 0.059 Thread 0x00000254e8758c20 Thread added: 0x00000254e8758c20
Event: 0.060 Thread 0x00000254e875de80 Thread added: 0x00000254e875de80
Event: 0.089 Thread 0x00000254e8716d80 Thread added: 0x00000254e8716d80
Event: 0.163 Thread 0x00000254e8963220 Thread added: 0x00000254e8963220
Event: 0.660 Thread 0x00000254e8ad2ad0 Thread added: 0x00000254e8ad2ad0
Event: 1.031 Thread 0x00000254e8ad2ad0 Thread exited: 0x00000254e8ad2ad0
Event: 2.776 Thread 0x00000254ff555110 Thread added: 0x00000254ff555110
Event: 3.304 Thread 0x0000025484083790 Thread added: 0x0000025484083790
Event: 3.422 Thread 0x0000025484133ef0 Thread added: 0x0000025484133ef0
Event: 3.473 Thread 0x000002548406ff80 Thread added: 0x000002548406ff80
Event: 3.477 Thread 0x00000254ff78c180 Thread added: 0x00000254ff78c180
Event: 3.515 Thread 0x00000254ff7855e0 Thread added: 0x00000254ff7855e0
Event: 3.541 Thread 0x00000254ff7815f0 Thread added: 0x00000254ff7815f0
Event: 3.558 Thread 0x00000254ff75dd30 Thread added: 0x00000254ff75dd30
Event: 3.562 Thread 0x00000254ff75c2f0 Thread added: 0x00000254ff75c2f0
Event: 3.565 Thread 0x00000254ff75c980 Thread added: 0x00000254ff75c980
Event: 4.119 Thread 0x00000254ff75d010 Thread added: 0x00000254ff75d010
Event: 4.128 Thread 0x00000254ff75a8b0 Thread added: 0x00000254ff75a8b0
Event: 4.187 Thread 0x00000254ff75d6a0 Thread added: 0x00000254ff75d6a0
Event: 4.462 Thread 0x00000254846e8040 Thread added: 0x00000254846e8040


Dynamic libraries:
0x00007ff6a6c30000 - 0x00007ff6a6c40000 	C:\Program Files\Java\jdk-21.0.3\bin\java.exe
0x00007ffc81e70000 - 0x00007ffc82068000 	C:\Windows\SYSTEM32\ntdll.dll
0x00007ffc819a0000 - 0x00007ffc81a5d000 	C:\Windows\System32\KERNEL32.DLL
0x00007ffc7f740000 - 0x00007ffc7fa36000 	C:\Windows\System32\KERNELBASE.dll
0x00007ffc7fc20000 - 0x00007ffc7fd20000 	C:\Windows\System32\ucrtbase.dll
0x00007ffc6e280000 - 0x00007ffc6e299000 	C:\Program Files\Java\jdk-21.0.3\bin\jli.dll
0x00007ffc7cbb0000 - 0x00007ffc7cbcb000 	C:\Program Files\Java\jdk-21.0.3\bin\VCRUNTIME140.dll
0x00007ffc815c0000 - 0x00007ffc81670000 	C:\Windows\System32\ADVAPI32.dll
0x00007ffc81750000 - 0x00007ffc817ee000 	C:\Windows\System32\msvcrt.dll
0x00007ffc81a60000 - 0x00007ffc81b00000 	C:\Windows\System32\sechost.dll
0x00007ffc81b00000 - 0x00007ffc81c23000 	C:\Windows\System32\RPCRT4.dll
0x00007ffc7fe80000 - 0x00007ffc7fea7000 	C:\Windows\System32\bcrypt.dll
0x00007ffc81c30000 - 0x00007ffc81dcf000 	C:\Windows\System32\USER32.dll
0x00007ffc7f530000 - 0x00007ffc7f552000 	C:\Windows\System32\win32u.dll
0x00007ffc80610000 - 0x00007ffc8063b000 	C:\Windows\System32\GDI32.dll
0x00007ffc7fa40000 - 0x00007ffc7fb57000 	C:\Windows\System32\gdi32full.dll
0x00007ffc7f6a0000 - 0x00007ffc7f73d000 	C:\Windows\System32\msvcp_win.dll
0x00007ffc75c90000 - 0x00007ffc75c9a000 	C:\Windows\SYSTEM32\VERSION.dll
0x00007ffc5dce0000 - 0x00007ffc5df7a000 	C:\Windows\WinSxS\amd64_microsoft.windows.common-controls_6595b64144ccf1df_6.0.19041.4355_none_60b8b9eb71f62e16\COMCTL32.dll
0x00007ffc81450000 - 0x00007ffc8147f000 	C:\Windows\System32\IMM32.DLL
0x00007ffc7cbe0000 - 0x00007ffc7cbec000 	C:\Program Files\Java\jdk-21.0.3\bin\vcruntime140_1.dll
0x00007ffc648d0000 - 0x00007ffc6495e000 	C:\Program Files\Java\jdk-21.0.3\bin\msvcp140.dll
0x00007ffc48950000 - 0x00007ffc4965d000 	C:\Program Files\Java\jdk-21.0.3\bin\server\jvm.dll
0x00007ffc80470000 - 0x00007ffc804db000 	C:\Windows\System32\WS2_32.dll
0x00007ffc7f380000 - 0x00007ffc7f3cb000 	C:\Windows\SYSTEM32\POWRPROF.dll
0x00007ffc62a70000 - 0x00007ffc62a97000 	C:\Windows\SYSTEM32\WINMM.dll
0x00007ffc7f360000 - 0x00007ffc7f372000 	C:\Windows\SYSTEM32\UMPDC.dll
0x00007ffc7d2f0000 - 0x00007ffc7d302000 	C:\Windows\SYSTEM32\kernel.appcore.dll
0x00007ffc78b60000 - 0x00007ffc78b6a000 	C:\Program Files\Java\jdk-21.0.3\bin\jimage.dll
0x00007ffc6fc00000 - 0x00007ffc6fde4000 	C:\Windows\SYSTEM32\DBGHELP.DLL
0x00007ffc6f6f0000 - 0x00007ffc6f724000 	C:\Windows\SYSTEM32\dbgcore.DLL
0x00007ffc7f610000 - 0x00007ffc7f692000 	C:\Windows\System32\bcryptPrimitives.dll
0x00007ffc77c60000 - 0x00007ffc77c6f000 	C:\Program Files\Java\jdk-21.0.3\bin\instrument.dll
0x00007ffc65d10000 - 0x00007ffc65d2f000 	C:\Program Files\Java\jdk-21.0.3\bin\java.dll
0x00007ffc80770000 - 0x00007ffc80edc000 	C:\Windows\System32\SHELL32.dll
0x00007ffc7d5d0000 - 0x00007ffc7dd6d000 	C:\Windows\SYSTEM32\windows.storage.dll
0x00007ffc7feb0000 - 0x00007ffc80203000 	C:\Windows\System32\combase.dll
0x00007ffc7ee80000 - 0x00007ffc7eeae000 	C:\Windows\SYSTEM32\Wldp.dll
0x00007ffc814f0000 - 0x00007ffc815bd000 	C:\Windows\System32\OLEAUT32.dll
0x00007ffc804e0000 - 0x00007ffc8058d000 	C:\Windows\System32\SHCORE.dll
0x00007ffc81dd0000 - 0x00007ffc81e25000 	C:\Windows\System32\shlwapi.dll
0x00007ffc7f460000 - 0x00007ffc7f484000 	C:\Windows\SYSTEM32\profapi.dll
0x00007ffc54340000 - 0x00007ffc54417000 	C:\Program Files\Java\jdk-21.0.3\bin\jsvml.dll
0x00007ffc65cf0000 - 0x00007ffc65d08000 	C:\Program Files\Java\jdk-21.0.3\bin\zip.dll
0x00007ffc65f40000 - 0x00007ffc65f50000 	C:\Program Files\Java\jdk-21.0.3\bin\net.dll
0x00007ffc79ba0000 - 0x00007ffc79caa000 	C:\Windows\SYSTEM32\WINHTTP.dll
0x00007ffc7ebe0000 - 0x00007ffc7ec4a000 	C:\Windows\system32\mswsock.dll
0x00007ffc65cd0000 - 0x00007ffc65ce6000 	C:\Program Files\Java\jdk-21.0.3\bin\nio.dll
0x00007ffc65dc0000 - 0x00007ffc65dd0000 	C:\Program Files\Java\jdk-21.0.3\bin\verify.dll
0x00007ffc67010000 - 0x00007ffc67037000 	C:\Users\user\.gradle\native\c067742578af261105cb4f569cf0c3c89f3d7b1fecec35dd04571415982c5e48\windows-amd64\native-platform.dll
0x00007ffc541f0000 - 0x00007ffc54334000 	C:\Users\user\.gradle\native\100fb08df4bc3b14c8652ba06237920a3bd2aa13389f12d3474272988ae205f9\windows-amd64\native-platform-file-events.dll
0x00007ffc65cc0000 - 0x00007ffc65cca000 	C:\Program Files\Java\jdk-21.0.3\bin\management.dll
0x00007ffc65b90000 - 0x00007ffc65b9b000 	C:\Program Files\Java\jdk-21.0.3\bin\management_ext.dll
0x00007ffc81440000 - 0x00007ffc81448000 	C:\Windows\System32\PSAPI.DLL
0x00007ffc7edd0000 - 0x00007ffc7ede8000 	C:\Windows\SYSTEM32\CRYPTSP.dll
0x00007ffc7e500000 - 0x00007ffc7e534000 	C:\Windows\system32\rsaenh.dll
0x00007ffc7f410000 - 0x00007ffc7f43e000 	C:\Windows\SYSTEM32\USERENV.dll
0x00007ffc7edf0000 - 0x00007ffc7edfc000 	C:\Windows\SYSTEM32\CRYPTBASE.dll
0x00007ffc7e8c0000 - 0x00007ffc7e8fb000 	C:\Windows\SYSTEM32\IPHLPAPI.DLL
0x00007ffc814e0000 - 0x00007ffc814e8000 	C:\Windows\System32\NSI.dll
0x00007ffc65b80000 - 0x00007ffc65b89000 	C:\Program Files\Java\jdk-21.0.3\bin\extnet.dll
0x00007ffc65b70000 - 0x00007ffc65b7e000 	C:\Program Files\Java\jdk-21.0.3\bin\sunmscapi.dll
0x00007ffc7fd20000 - 0x00007ffc7fe7e000 	C:\Windows\System32\CRYPT32.dll
0x00007ffc7eef0000 - 0x00007ffc7ef19000 	C:\Windows\SYSTEM32\ncrypt.dll
0x00007ffc7eeb0000 - 0x00007ffc7eeeb000 	C:\Windows\SYSTEM32\NTASN1.dll
0x00007ffc7a830000 - 0x00007ffc7a837000 	C:\Windows\system32\wshunix.dll

dbghelp: loaded successfully - version: 4.0.5 - missing functions: none
symbol engine: initialized successfully - sym options: 0x614 - pdb path: .;C:\Program Files\Java\jdk-21.0.3\bin;C:\Windows\SYSTEM32;C:\Windows\WinSxS\amd64_microsoft.windows.common-controls_6595b64144ccf1df_6.0.19041.4355_none_60b8b9eb71f62e16;C:\Program Files\Java\jdk-21.0.3\bin\server;C:\Users\user\.gradle\native\c067742578af261105cb4f569cf0c3c89f3d7b1fecec35dd04571415982c5e48\windows-amd64;C:\Users\user\.gradle\native\100fb08df4bc3b14c8652ba06237920a3bd2aa13389f12d3474272988ae205f9\windows-amd64

VM Arguments:
jvm_args: --add-opens=java.base/java.util=ALL-UNNAMED --add-opens=java.base/java.lang=ALL-UNNAMED --add-opens=java.base/java.lang.invoke=ALL-UNNAMED --add-opens=java.prefs/java.util.prefs=ALL-UNNAMED --add-opens=java.base/java.nio.charset=ALL-UNNAMED --add-opens=java.base/java.net=ALL-UNNAMED --add-opens=java.base/java.util.concurrent.atomic=ALL-UNNAMED -XX:MaxMetaspaceSize=384m -XX:+HeapDumpOnOutOfMemoryError -Xms256m -Xmx512m -Dfile.encoding=x-windows-949 -Duser.country=KR -Duser.language=ko -Duser.variant -javaagent:C:\Users\user\.gradle\wrapper\dists\gradle-8.8-bin\dl7vupf4psengwqhwktix4v1\gradle-8.8\lib\agents\gradle-instrumentation-agent-8.8.jar 
java_command: org.gradle.launcher.daemon.bootstrap.GradleDaemon 8.8
java_class_path (initial): C:\Users\user\.gradle\wrapper\dists\gradle-8.8-bin\dl7vupf4psengwqhwktix4v1\gradle-8.8\lib\gradle-launcher-8.8.jar
Launcher Type: SUN_STANDARD

[Global flags]
     intx CICompilerCount                          = 3                                         {product} {ergonomic}
   size_t CompressedClassSpaceSize                 = 335544320                                 {product} {ergonomic}
     uint ConcGCThreads                            = 1                                         {product} {ergonomic}
     uint G1ConcRefinementThreads                  = 4                                         {product} {ergonomic}
   size_t G1HeapRegionSize                         = 1048576                                   {product} {ergonomic}
    uintx GCDrainStackTargetSize                   = 64                                        {product} {ergonomic}
     bool HeapDumpOnOutOfMemoryError               = true                                   {manageable} {command line}
   size_t InitialHeapSize                          = 268435456                                 {product} {command line}
   size_t MarkStackSize                            = 4194304                                   {product} {ergonomic}
   size_t MaxHeapSize                              = 536870912                                 {product} {command line}
   size_t MaxMetaspaceSize                         = 402653184                                 {product} {command line}
   size_t MaxNewSize                               = 321912832                                 {product} {ergonomic}
   size_t MinHeapDeltaBytes                        = 1048576                                   {product} {ergonomic}
   size_t MinHeapSize                              = 268435456                                 {product} {command line}
    uintx NonNMethodCodeHeapSize                   = 5832780                                {pd product} {ergonomic}
    uintx NonProfiledCodeHeapSize                  = 122912730                              {pd product} {ergonomic}
    uintx ProfiledCodeHeapSize                     = 122912730                              {pd product} {ergonomic}
    uintx ReservedCodeCacheSize                    = 251658240                              {pd product} {ergonomic}
     bool SegmentedCodeCache                       = true                                      {product} {ergonomic}
   size_t SoftMaxHeapSize                          = 536870912                              {manageable} {ergonomic}
     bool UseCompressedOops                        = true                           {product lp64_product} {ergonomic}
     bool UseG1GC                                  = true                                      {product} {ergonomic}
     bool UseLargePagesIndividualAllocation        = false                                  {pd product} {ergonomic}

Logging:
Log output configuration:
 #0: stdout all=warning uptime,level,tags foldmultilines=false
 #1: stderr all=off uptime,level,tags foldmultilines=false

Environment Variables:
JAVA_HOME=C:\Program Files\Java\jdk-21.0.3
PATH=C:\Program Files\Java\jdk-21.0.3\bin;C:\Users\user\AppData\Local\Programs\Python\Python312\Scripts;C:\app\user\product\21c\dbhomeXE\bin;C:\Windows\system32;C:\Windows;C:\Windows\System32\Wbem;C:\Windows\System32\WindowsPowerShell\v1.0\;C:\Windows\System32\OpenSSH\;C:\Program Files\Bandizip\;C:\Program Files\Git\cmd;D:\ReactWorkSpace\;C:\ProgramData\chocolatey\bin;C:\Program Files\MySQL\MySQL Shell 8.0\bin\;C:\Users\user\AppData\Local\Microsoft\WindowsApps;;C:\Users\user\AppData\Local\JetBrains\IntelliJ IDEA Community Edition 2023.3.4\bin;;C:\Users\user\AppData\Local\Programs\Microsoft VS Code\bin;C:\Program Files\JetBrains\IntelliJ IDEA 2024.1.2\bin;;C:\Users\user\AppData\Roaming\npm;C:\Users\user\AppData\Local\Microsoft\WinGet\Packages\Schniz.fnm_Microsoft.Winget.Source_8wekyb3d8bbwe;
USERNAME=user
OS=Windows_NT
PROCESSOR_IDENTIFIER=Intel64 Family 6 Model 60 Stepping 3, GenuineIntel
TMP=C:\Users\user\AppData\Local\Temp
TEMP=C:\Windows\TEMP




Periodic native trim disabled

---------------  S Y S T E M  ---------------

OS:
 Windows 10 , 64 bit Build 19041 (10.0.19041.3636)
OS uptime: 0 days 5:50 hours

CPU: total 4 (initial active 4) (4 cores per cpu, 1 threads per core) family 6 model 60 stepping 3 microcode 0x27, cx8, cmov, fxsr, mmx, sse, sse2, sse3, ssse3, sse4.1, sse4.2, popcnt, lzcnt, tsc, tscinvbit, avx, avx2, aes, erms, clmul, bmi1, bmi2, fma, vzeroupper, clflush, rdtscp, f16c
Processor Information for all 4 processors :
  Max Mhz: 3201, Current Mhz: 3201, Mhz Limit: 3201

Memory: 4k page, system-wide physical 8111M (676M free)
TotalPageFile size 22352M (AvailPageFile size 77M)
current process WorkingSet (physical memory assigned to process): 258M, peak: 258M
current process commit charge ("private bytes"): 418M, peak: 418M

vm_info: Java HotSpot(TM) 64-Bit Server VM (21.0.3+7-LTS-152) for windows-amd64 JRE (21.0.3+7-LTS-152), built on 2024-03-11T17:42:26Z by "mach5one" with MS VC++ 17.6 (VS2022)

END.
